targetName=a9
arch=arm
runHost=10.0.6.38
runHostPrompt=*$* 
target=10.0.6.39
targetRoot=/usr/local/arm-sony-linux-gnueabi/target/armv7a
rpmDir=/home/rpmuser/rpm
testSoucreDir=/home/rpmuser//MAIN/dist/pkg
rpmBuild=/home/rpmuser/MAIN/dist/pkg/sony-rpmbuild
rpmBuildPatch=/home/rpmuser///MAIN/dist/pkg/sony-rpmbuild -p
hddDev=sda
device=sda1
cmplrs=/home/rpmuser/MAIN/cmplrs
triplet=arm-sony-linux-gnueabi
dialect=armv7a
currentHost=10.0.6.38
majorVersion=11
withoutsslibcFlag=yes
targetTop=/usr/local/arm-sony-linux-gnueabi
tempDir=/home/rpmuser/rpm/tmp
less : 416
spawn -nottyinit rpm -ivh /home/rpmuser/CE-Linux-11.0.0.1-RC4/Tools_Userland/SRPMS/sony-target-dev-less-416-11000001.src.rpm
rpm: RPM should not be used directly install RPM packages, use Alien instead!
rpm: However assuming you know what you are doing...
   1:sony-target-dev-less   warning: group rpmuser does not exist - using root
                                            ( 10%)#                                           ( 10%)##                                          ( 10%)###                                         ( 10%)warning: group rpmuser does not exist - using root
####                                        ( 30%)#####                                       ( 30%)######                                      ( 30%)#######                                     ( 30%)########                                    ( 30%)#########                                   ( 30%)##########                                  ( 30%)###########                                 ( 30%)############                                ( 30%)#############                               ( 50%)##############                              ( 50%)###############                             ( 50%)################                            ( 50%)#################                           ( 50%)##################                          ( 50%)###################                         ( 50%)####################                        ( 50%)#####################                       ( 50%)######################                      ( 69%)#######################                     ( 69%)########################                    ( 69%)#########################                   ( 69%)##########################                  ( 69%)###########################                 ( 69%)############################                ( 69%)#############################               ( 69%)##############################              ( 69%)###############################             ( 89%)################################            ( 89%)#################################           ( 89%)##################################          ( 89%)###################################         ( 89%)####################################        ( 89%)#####################################       ( 89%)######################################      ( 89%)#######################################     ( 99%)########################################    ( 99%)#########################################   ( 99%)##########################################  ( 99%)warning: group rpmuser does not exist - using root
########################################### ( 99%)########################################### [100%]
warning: group rpmuser does not exist - using root
spawn -nottyinit /home/rpmuser/MAIN/dist/pkg/sony-rpmbuild arm-sony-linux-gnueabi-armv7a /home/rpmuser/rpm/SPECS/sony-target-dev-less.spec
RPM Package building for Sony CE Linux 11.0
Building target platforms: arm-sony-linux
Building for target arm-sony-linux
Executing(%prep): /bin/sh -e /home/rpmuser/rpm/tmp/rpm-tmp.ZPVLW2
+ umask 022
+ cd /home/rpmuser/rpm/BUILD
+ cd /home/rpmuser/rpm/BUILD
+ rm -rf less-416
+ /bin/gzip -dc /home/rpmuser/rpm/SOURCES/less-416.tar.gz
+ /bin/tar -xf -
+ STATUS=0
+ '[' 0 -ne 0 ']'
+ cd less-416
+ echo 'Patch (less-416-diff):'
Patch (less-416-diff):
+ /usr/bin/patch -s -p1
+ /bin/cat /home/rpmuser/rpm/SOURCES/less-416-diff
+ echo 'Patch #1 (less-install-416.patch):'
Patch #1 (less-install-416.patch):
+ /bin/cat /home/rpmuser/rpm/SOURCES/less-install-416.patch
+ /usr/bin/patch -s -p1
+ exit 0
Executing(%build): /bin/sh -e /home/rpmuser/rpm/tmp/rpm-tmp.0legr1
+ umask 022
+ cd /home/rpmuser/rpm/BUILD
+ cd less-416
+ PATH=/usr/local/arm-sony-linux-gnueabi/host/bin:/usr/local/arm-sony-linux-gnueabi/cross/bin:/usr/local/arm-sony-linux-gnueabi/cross/bin:/usr/local/sbin:/usr/local/bin:/usr/sbin:/usr/bin:/sbin:/bin:/usr/games
+ export PATH
+ CONFIG_SHELL=/bin/sh
+ export CONFIG_SHELL
+ CC='arm-sony-linux-gnueabi-gcc -tarmv7a'
+ export CC
+ AS=arm-sony-linux-gnueabi-as
+ export AS
+ LD=arm-sony-linux-gnueabi-ld
+ export LD
+ AR=arm-sony-linux-gnueabi-ar
+ export AR
+ RANLIB=arm-sony-linux-gnueabi-ranlib
+ export RANLIB
+ CPP='arm-sony-linux-gnueabi-cpp -tarmv7a'
+ export CPP
+ CXX='arm-sony-linux-gnueabi-g++ -tarmv7a'
+ export CXX
+ NM=arm-sony-linux-gnueabi-nm
+ export NM
+ STRIP=true
+ export STRIP
+ OBJCOPY=arm-sony-linux-gnueabi-objcopy
+ export OBJCOPY
+ OBJDUMP=arm-sony-linux-gnueabi-objdump
+ export OBJDUMP
+ CFLAGS=-O2
+ export CFLAGS
+ CXXFLAGS=-O2
+ export CXXFLAGS
+ FFLAGS=-O2
+ export FFLAGS
+ LDFLAGS=
+ export LDFLAGS
+ CROSS_COMPILE_PREFIX=/usr/local/arm-sony-linux-gnueabi/target/armv7a
+ export CROSS_COMPILE_PREFIX
+ PKG_CONFIG_SYSROOT_DIR=/usr/local/arm-sony-linux-gnueabi/target/armv7a
+ export PKG_CONFIG_SYSROOT_DIR
+ PKG_CONFIG_LIBDIR=/usr/local/arm-sony-linux-gnueabi/target/armv7a//tool/usr/lib/pkgconfig
+ export PKG_CONFIG_LIBDIR
+ PKG_CONFIG_PATH=/usr/local/arm-sony-linux-gnueabi/target/armv7a//tool/usr/lib/pkgconfig
+ export PKG_CONFIG_PATH
+ true
+ '[' '!' -f objdir ']'
+ mkdir -p objdir
+ cd objdir
+ ../configure --host=arm-sony-linux-gnueabi --build=x86_64-pc-linux-gnu --prefix=/usr --includedir=/tool//usr/include --disable-nls
checking for arm-sony-linux-gnueabi-gcc... arm-sony-linux-gnueabi-gcc -tarmv7a
checking for C compiler default output file name... a.out
checking whether the C compiler works... yes
checking whether we are cross compiling... yes
checking for suffix of executables... 
checking for suffix of object files... o
checking whether we are using the GNU C compiler... yes
checking whether arm-sony-linux-gnueabi-gcc -tarmv7a accepts -g... yes
checking for arm-sony-linux-gnueabi-gcc -tarmv7a option to accept ISO C89... none needed
checking for library containing strerror... none required
checking how to run the C preprocessor... arm-sony-linux-gnueabi-cpp -tarmv7a
checking for grep that handles long lines and -e... /bin/grep
checking for egrep... /bin/grep -E
checking whether arm-sony-linux-gnueabi-gcc -tarmv7a needs -traditional... no
checking for a BSD-compatible install... /usr/bin/install -c
checking for special C compiler options needed for large files... no
checking for _FILE_OFFSET_BITS value needed for large files... 64
checking for tgoto in -ltinfo... no
checking for initscr in -lxcurses... no
checking for initscr in -lncursesw... no
checking for initscr in -lncurses... yes
checking for initscr in -lcurses... yes
checking for tgetent in -ltermcap... no
checking for tgetent in -ltermlib... no
checking for regcmp in -lgen... no
checking for regcmp in -lintl... no
checking for regcmp in -lPW... no
checking for working terminal libraries... using -lncurses
checking for ANSI C header files... yes
checking for sys/types.h... yes
checking for sys/stat.h... yes
checking for stdlib.h... yes
checking for string.h... yes
checking for memory.h... yes
checking for strings.h... yes
checking for inttypes.h... yes
checking for stdint.h... yes
checking for unistd.h... yes
checking ctype.h usability... yes
checking ctype.h presence... yes
checking for ctype.h... yes
checking errno.h usability... yes
checking errno.h presence... yes
checking for errno.h... yes
checking fcntl.h usability... yes
checking fcntl.h presence... yes
checking for fcntl.h... yes
checking limits.h usability... yes
checking limits.h presence... yes
checking for limits.h... yes
checking stdio.h usability... yes
checking stdio.h presence... yes
checking for stdio.h... yes
checking for stdlib.h... (cached) yes
checking for string.h... (cached) yes
checking termcap.h usability... yes
checking termcap.h presence... yes
checking for termcap.h... yes
checking termio.h usability... yes
checking termio.h presence... yes
checking for termio.h... yes
checking termios.h usability... yes
checking termios.h presence... yes
checking for termios.h... yes
checking time.h usability... yes
checking time.h presence... yes
checking for time.h... yes
checking for unistd.h... (cached) yes
checking values.h usability... yes
checking values.h presence... yes
checking for values.h... yes
checking sys/ioctl.h usability... yes
checking sys/ioctl.h presence... yes
checking for sys/ioctl.h... yes
checking sys/stream.h usability... no
checking sys/stream.h presence... no
checking for sys/stream.h... no
checking wctype.h usability... yes
checking wctype.h presence... yes
checking for wctype.h... yes
checking whether stat file-mode macros are broken... no
checking for an ANSI C-conforming const... yes
checking for off_t... yes
checking for size_t... yes
checking whether time.h and sys/time.h may both be included... yes
checking for off_t... (cached) yes
checking for void... yes
checking for const... yes
checking for time_t... yes
checking for st_ino in struct stat... yes
checking return type of signal handlers... void
checking for fsync... yes
checking for popen... yes
checking for _setjmp... yes
checking for sigprocmask... yes
checking for sigsetmask... yes
checking for snprintf... yes
checking for stat... yes
checking for system... yes
checking for fchmod... yes
checking for memcpy... yes
checking for strchr... yes
checking for strstr... yes
checking for tcgetattr... yes
checking for fileno... yes
checking for strerror... yes
checking for sys_errlist... yes
checking for sigset_t... yes
checking for sigemptyset... yes
checking for errno... yes - in errno.h
checking for locale... yes
checking for ctype functions... yes
checking for wctype functions... yes
checking termcap for ospeed... yes - in termcap.h
checking for regcomp... using POSIX regcomp
configure: creating ./config.status
config.status: creating Makefile
config.status: creating defines.h
+ make
test ! -f stamp-h || CONFIG_FILES= CONFIG_HEADERS=defines.h ./config.status
touch stamp-h
arm-sony-linux-gnueabi-gcc -tarmv7a -I. -c -DBINDIR=\"//usr/bin\" -DSYSDIR=\"//usr/etc\"  -O2 ../main.c
arm-sony-linux-gnueabi-gcc -tarmv7a -I. -c -DBINDIR=\"//usr/bin\" -DSYSDIR=\"//usr/etc\"  -O2 ../screen.c
arm-sony-linux-gnueabi-gcc -tarmv7a -I. -c -DBINDIR=\"//usr/bin\" -DSYSDIR=\"//usr/etc\"  -O2 ../brac.c
arm-sony-linux-gnueabi-gcc -tarmv7a -I. -c -DBINDIR=\"//usr/bin\" -DSYSDIR=\"//usr/etc\"  -O2 ../ch.c
arm-sony-linux-gnueabi-gcc -tarmv7a -I. -c -DBINDIR=\"//usr/bin\" -DSYSDIR=\"//usr/etc\"  -O2 ../charset.c
arm-sony-linux-gnueabi-gcc -tarmv7a -I. -c -DBINDIR=\"//usr/bin\" -DSYSDIR=\"//usr/etc\"  -O2 ../cmdbuf.c
arm-sony-linux-gnueabi-gcc -tarmv7a -I. -c -DBINDIR=\"//usr/bin\" -DSYSDIR=\"//usr/etc\"  -O2 ../command.c
arm-sony-linux-gnueabi-gcc -tarmv7a -I. -c -DBINDIR=\"//usr/bin\" -DSYSDIR=\"//usr/etc\"  -O2 ../decode.c
arm-sony-linux-gnueabi-gcc -tarmv7a -I. -c -DBINDIR=\"//usr/bin\" -DSYSDIR=\"//usr/etc\"  -O2 ../edit.c
arm-sony-linux-gnueabi-gcc -tarmv7a -I. -c -DBINDIR=\"//usr/bin\" -DSYSDIR=\"//usr/etc\"  -O2 ../filename.c
arm-sony-linux-gnueabi-gcc -tarmv7a -I. -c -DBINDIR=\"//usr/bin\" -DSYSDIR=\"//usr/etc\"  -O2 ../forwback.c
arm-sony-linux-gnueabi-gcc -tarmv7a -I. -c -DBINDIR=\"//usr/bin\" -DSYSDIR=\"//usr/etc\"  -O2 ../help.c
arm-sony-linux-gnueabi-gcc -tarmv7a -I. -c -DBINDIR=\"//usr/bin\" -DSYSDIR=\"//usr/etc\"  -O2 ../ifile.c
arm-sony-linux-gnueabi-gcc -tarmv7a -I. -c -DBINDIR=\"//usr/bin\" -DSYSDIR=\"//usr/etc\"  -O2 ../input.c
arm-sony-linux-gnueabi-gcc -tarmv7a -I. -c -DBINDIR=\"//usr/bin\" -DSYSDIR=\"//usr/etc\"  -O2 ../jump.c
arm-sony-linux-gnueabi-gcc -tarmv7a -I. -c -DBINDIR=\"//usr/bin\" -DSYSDIR=\"//usr/etc\"  -O2 ../line.c
arm-sony-linux-gnueabi-gcc -tarmv7a -I. -c -DBINDIR=\"//usr/bin\" -DSYSDIR=\"//usr/etc\"  -O2 ../linenum.c
arm-sony-linux-gnueabi-gcc -tarmv7a -I. -c -DBINDIR=\"//usr/bin\" -DSYSDIR=\"//usr/etc\"  -O2 ../lsystem.c
arm-sony-linux-gnueabi-gcc -tarmv7a -I. -c -DBINDIR=\"//usr/bin\" -DSYSDIR=\"//usr/etc\"  -O2 ../mark.c
arm-sony-linux-gnueabi-gcc -tarmv7a -I. -c -DBINDIR=\"//usr/bin\" -DSYSDIR=\"//usr/etc\"  -O2 ../optfunc.c
arm-sony-linux-gnueabi-gcc -tarmv7a -I. -c -DBINDIR=\"//usr/bin\" -DSYSDIR=\"//usr/etc\"  -O2 ../option.c
arm-sony-linux-gnueabi-gcc -tarmv7a -I. -c -DBINDIR=\"//usr/bin\" -DSYSDIR=\"//usr/etc\"  -O2 ../opttbl.c
arm-sony-linux-gnueabi-gcc -tarmv7a -I. -c -DBINDIR=\"//usr/bin\" -DSYSDIR=\"//usr/etc\"  -O2 ../os.c
arm-sony-linux-gnueabi-gcc -tarmv7a -I. -c -DBINDIR=\"//usr/bin\" -DSYSDIR=\"//usr/etc\"  -O2 ../output.c
arm-sony-linux-gnueabi-gcc -tarmv7a -I. -c -DBINDIR=\"//usr/bin\" -DSYSDIR=\"//usr/etc\"  -O2 ../position.c
arm-sony-linux-gnueabi-gcc -tarmv7a -I. -c -DBINDIR=\"//usr/bin\" -DSYSDIR=\"//usr/etc\"  -O2 ../prompt.c
arm-sony-linux-gnueabi-gcc -tarmv7a -I. -c -DBINDIR=\"//usr/bin\" -DSYSDIR=\"//usr/etc\"  -O2 ../search.c
arm-sony-linux-gnueabi-gcc -tarmv7a -I. -c -DBINDIR=\"//usr/bin\" -DSYSDIR=\"//usr/etc\"  -O2 ../signal.c
arm-sony-linux-gnueabi-gcc -tarmv7a -I. -c -DBINDIR=\"//usr/bin\" -DSYSDIR=\"//usr/etc\"  -O2 ../tags.c
arm-sony-linux-gnueabi-gcc -tarmv7a -I. -c -DBINDIR=\"//usr/bin\" -DSYSDIR=\"//usr/etc\"  -O2 ../ttyin.c
arm-sony-linux-gnueabi-gcc -tarmv7a -I. -c -DBINDIR=\"//usr/bin\" -DSYSDIR=\"//usr/etc\"  -O2 ../version.c
arm-sony-linux-gnueabi-gcc -tarmv7a  -o less main.o screen.o brac.o ch.o charset.o cmdbuf.o command.o decode.o edit.o filename.o forwback.o help.o ifile.o input.o jump.o line.o linenum.o lsystem.o mark.o optfunc.o option.o opttbl.o os.o output.o position.o prompt.o search.o signal.o tags.o ttyin.o version.o   -lncurses
arm-sony-linux-gnueabi-gcc -tarmv7a -I. -c -DBINDIR=\"//usr/bin\" -DSYSDIR=\"//usr/etc\"  -O2 ../lesskey.c
arm-sony-linux-gnueabi-gcc -tarmv7a  -o lesskey lesskey.o version.o
arm-sony-linux-gnueabi-gcc -tarmv7a -I. -c -DBINDIR=\"//usr/bin\" -DSYSDIR=\"//usr/etc\"  -O2 ../lessecho.c
arm-sony-linux-gnueabi-gcc -tarmv7a  -o lessecho lessecho.o version.o
+ exit 0
Executing(%install): /bin/sh -e /home/rpmuser/rpm/tmp/rpm-tmp.7U1DDr
+ umask 022
+ cd /home/rpmuser/rpm/BUILD
+ cd less-416
+ rm -rf /home/rpmuser/rpm/BUILDROOT/sony-target-dev-less-416-11000001.x86_64
+ PATH=/usr/local/arm-sony-linux-gnueabi/host/bin:/usr/local/arm-sony-linux-gnueabi/cross/bin:/usr/local/arm-sony-linux-gnueabi/cross/bin:/usr/local/sbin:/usr/local/bin:/usr/sbin:/usr/bin:/sbin:/bin:/usr/games
+ export PATH
+ CONFIG_SHELL=/bin/sh
+ export CONFIG_SHELL
+ CC='arm-sony-linux-gnueabi-gcc -tarmv7a'
+ export CC
+ AS=arm-sony-linux-gnueabi-as
+ export AS
+ LD=arm-sony-linux-gnueabi-ld
+ export LD
+ AR=arm-sony-linux-gnueabi-ar
+ export AR
+ RANLIB=arm-sony-linux-gnueabi-ranlib
+ export RANLIB
+ CPP='arm-sony-linux-gnueabi-cpp -tarmv7a'
+ export CPP
+ CXX='arm-sony-linux-gnueabi-g++ -tarmv7a'
+ export CXX
+ NM=arm-sony-linux-gnueabi-nm
+ export NM
+ STRIP=true
+ export STRIP
+ OBJCOPY=arm-sony-linux-gnueabi-objcopy
+ export OBJCOPY
+ OBJDUMP=arm-sony-linux-gnueabi-objdump
+ export OBJDUMP
+ CFLAGS=-O2
+ export CFLAGS
+ CXXFLAGS=-O2
+ export CXXFLAGS
+ FFLAGS=-O2
+ export FFLAGS
+ LDFLAGS=
+ export LDFLAGS
+ CROSS_COMPILE_PREFIX=/usr/local/arm-sony-linux-gnueabi/target/armv7a
+ export CROSS_COMPILE_PREFIX
+ PKG_CONFIG_SYSROOT_DIR=/usr/local/arm-sony-linux-gnueabi/target/armv7a
+ export PKG_CONFIG_SYSROOT_DIR
+ PKG_CONFIG_LIBDIR=/usr/local/arm-sony-linux-gnueabi/target/armv7a//tool/usr/lib/pkgconfig
+ export PKG_CONFIG_LIBDIR
+ PKG_CONFIG_PATH=/usr/local/arm-sony-linux-gnueabi/target/armv7a//tool/usr/lib/pkgconfig
+ export PKG_CONFIG_PATH
+ true
+ cd objdir
+ make DESTDIR=/home/rpmuser/rpm/BUILDROOT/sony-target-dev-less-416-11000001.x86_64/usr/local/arm-sony-linux-gnueabi/target/armv7a install
../mkinstalldirs /home/rpmuser/rpm/BUILDROOT/sony-target-dev-less-416-11000001.x86_64/usr/local/arm-sony-linux-gnueabi/target/armv7a/home/rpmuser/rpm/BUILDROOT/sony-target-dev-less-416-11000001.x86_64/usr/local/arm-sony-linux-gnueabi/target/armv7a//usr/bin /home/rpmuser/rpm/BUILDROOT/sony-target-dev-less-416-11000001.x86_64/usr/local/arm-sony-linux-gnueabi/target/armv7a/home/rpmuser/rpm/BUILDROOT/sony-target-dev-less-416-11000001.x86_64/usr/local/arm-sony-linux-gnueabi/target/armv7a//usr/share/man/man1
mkdir /home/rpmuser/rpm/BUILDROOT/sony-target-dev-less-416-11000001.x86_64
mkdir /home/rpmuser/rpm/BUILDROOT/sony-target-dev-less-416-11000001.x86_64/usr
mkdir /home/rpmuser/rpm/BUILDROOT/sony-target-dev-less-416-11000001.x86_64/usr/local
mkdir /home/rpmuser/rpm/BUILDROOT/sony-target-dev-less-416-11000001.x86_64/usr/local/arm-sony-linux-gnueabi
mkdir /home/rpmuser/rpm/BUILDROOT/sony-target-dev-less-416-11000001.x86_64/usr/local/arm-sony-linux-gnueabi/target
mkdir /home/rpmuser/rpm/BUILDROOT/sony-target-dev-less-416-11000001.x86_64/usr/local/arm-sony-linux-gnueabi/target/armv7a
mkdir /home/rpmuser/rpm/BUILDROOT/sony-target-dev-less-416-11000001.x86_64/usr/local/arm-sony-linux-gnueabi/target/armv7a/home
mkdir /home/rpmuser/rpm/BUILDROOT/sony-target-dev-less-416-11000001.x86_64/usr/local/arm-sony-linux-gnueabi/target/armv7a/home/rpmuser
mkdir /home/rpmuser/rpm/BUILDROOT/sony-target-dev-less-416-11000001.x86_64/usr/local/arm-sony-linux-gnueabi/target/armv7a/home/rpmuser/rpm
mkdir /home/rpmuser/rpm/BUILDROOT/sony-target-dev-less-416-11000001.x86_64/usr/local/arm-sony-linux-gnueabi/target/armv7a/home/rpmuser/rpm/BUILDROOT
mkdir /home/rpmuser/rpm/BUILDROOT/sony-target-dev-less-416-11000001.x86_64/usr/local/arm-sony-linux-gnueabi/target/armv7a/home/rpmuser/rpm/BUILDROOT/sony-target-dev-less-416-11000001.x86_64
mkdir /home/rpmuser/rpm/BUILDROOT/sony-target-dev-less-416-11000001.x86_64/usr/local/arm-sony-linux-gnueabi/target/armv7a/home/rpmuser/rpm/BUILDROOT/sony-target-dev-less-416-11000001.x86_64/usr
mkdir /home/rpmuser/rpm/BUILDROOT/sony-target-dev-less-416-11000001.x86_64/usr/local/arm-sony-linux-gnueabi/target/armv7a/home/rpmuser/rpm/BUILDROOT/sony-target-dev-less-416-11000001.x86_64/usr/local
mkdir /home/rpmuser/rpm/BUILDROOT/sony-target-dev-less-416-11000001.x86_64/usr/local/arm-sony-linux-gnueabi/target/armv7a/home/rpmuser/rpm/BUILDROOT/sony-target-dev-less-416-11000001.x86_64/usr/local/arm-sony-linux-gnueabi
mkdir /home/rpmuser/rpm/BUILDROOT/sony-target-dev-less-416-11000001.x86_64/usr/local/arm-sony-linux-gnueabi/target/armv7a/home/rpmuser/rpm/BUILDROOT/sony-target-dev-less-416-11000001.x86_64/usr/local/arm-sony-linux-gnueabi/target
mkdir /home/rpmuser/rpm/BUILDROOT/sony-target-dev-less-416-11000001.x86_64/usr/local/arm-sony-linux-gnueabi/target/armv7a/home/rpmuser/rpm/BUILDROOT/sony-target-dev-less-416-11000001.x86_64/usr/local/arm-sony-linux-gnueabi/target/armv7a
mkdir /home/rpmuser/rpm/BUILDROOT/sony-target-dev-less-416-11000001.x86_64/usr/local/arm-sony-linux-gnueabi/target/armv7a/home/rpmuser/rpm/BUILDROOT/sony-target-dev-less-416-11000001.x86_64/usr/local/arm-sony-linux-gnueabi/target/armv7a/usr
mkdir /home/rpmuser/rpm/BUILDROOT/sony-target-dev-less-416-11000001.x86_64/usr/local/arm-sony-linux-gnueabi/target/armv7a/home/rpmuser/rpm/BUILDROOT/sony-target-dev-less-416-11000001.x86_64/usr/local/arm-sony-linux-gnueabi/target/armv7a/usr/bin
mkdir /home/rpmuser/rpm/BUILDROOT/sony-target-dev-less-416-11000001.x86_64/usr/local/arm-sony-linux-gnueabi/target/armv7a/home/rpmuser/rpm/BUILDROOT/sony-target-dev-less-416-11000001.x86_64/usr/local/arm-sony-linux-gnueabi/target/armv7a/usr/share
mkdir /home/rpmuser/rpm/BUILDROOT/sony-target-dev-less-416-11000001.x86_64/usr/local/arm-sony-linux-gnueabi/target/armv7a/home/rpmuser/rpm/BUILDROOT/sony-target-dev-less-416-11000001.x86_64/usr/local/arm-sony-linux-gnueabi/target/armv7a/usr/share/man
mkdir /home/rpmuser/rpm/BUILDROOT/sony-target-dev-less-416-11000001.x86_64/usr/local/arm-sony-linux-gnueabi/target/armv7a/home/rpmuser/rpm/BUILDROOT/sony-target-dev-less-416-11000001.x86_64/usr/local/arm-sony-linux-gnueabi/target/armv7a/usr/share/man/man1
/usr/bin/install -c less /home/rpmuser/rpm/BUILDROOT/sony-target-dev-less-416-11000001.x86_64/usr/local/arm-sony-linux-gnueabi/target/armv7a/home/rpmuser/rpm/BUILDROOT/sony-target-dev-less-416-11000001.x86_64/usr/local/arm-sony-linux-gnueabi/target/armv7a//usr/bin/less
/usr/bin/install -c lesskey /home/rpmuser/rpm/BUILDROOT/sony-target-dev-less-416-11000001.x86_64/usr/local/arm-sony-linux-gnueabi/target/armv7a/home/rpmuser/rpm/BUILDROOT/sony-target-dev-less-416-11000001.x86_64/usr/local/arm-sony-linux-gnueabi/target/armv7a//usr/bin/lesskey
/usr/bin/install -c lessecho /home/rpmuser/rpm/BUILDROOT/sony-target-dev-less-416-11000001.x86_64/usr/local/arm-sony-linux-gnueabi/target/armv7a/home/rpmuser/rpm/BUILDROOT/sony-target-dev-less-416-11000001.x86_64/usr/local/arm-sony-linux-gnueabi/target/armv7a//usr/bin/lessecho
/usr/bin/install -c -m 644 ../less.nro /home/rpmuser/rpm/BUILDROOT/sony-target-dev-less-416-11000001.x86_64/usr/local/arm-sony-linux-gnueabi/target/armv7a/home/rpmuser/rpm/BUILDROOT/sony-target-dev-less-416-11000001.x86_64/usr/local/arm-sony-linux-gnueabi/target/armv7a//usr/share/man/man1/less.1
/usr/bin/install -c -m 644 ../lesskey.nro /home/rpmuser/rpm/BUILDROOT/sony-target-dev-less-416-11000001.x86_64/usr/local/arm-sony-linux-gnueabi/target/armv7a/home/rpmuser/rpm/BUILDROOT/sony-target-dev-less-416-11000001.x86_64/usr/local/arm-sony-linux-gnueabi/target/armv7a//usr/share/man/man1/lesskey.1
/usr/bin/install -c -m 644 ../lessecho.nro /home/rpmuser/rpm/BUILDROOT/sony-target-dev-less-416-11000001.x86_64/usr/local/arm-sony-linux-gnueabi/target/armv7a/home/rpmuser/rpm/BUILDROOT/sony-target-dev-less-416-11000001.x86_64/usr/local/arm-sony-linux-gnueabi/target/armv7a//usr/share/man/man1/lessecho.1
+ cd ..
+ mkdir -p /home/rpmuser/rpm/BUILDROOT/sony-target-dev-less-416-11000001.x86_64/usr/local/arm-sony-linux-gnueabi/target/armv7a/usr/bin
+ install -d /home/rpmuser/rpm/BUILDROOT/sony-target-dev-less-416-11000001.x86_64/usr/local/arm-sony-linux-gnueabi/target/armv7a/usr/lib/mime/packages
+ install -m 755 debian/lessopen /home/rpmuser/rpm/BUILDROOT/sony-target-dev-less-416-11000001.x86_64/usr/local/arm-sony-linux-gnueabi/target/armv7a/usr/bin/lesspipe
+ install -m 644 debian/mime /home/rpmuser/rpm/BUILDROOT/sony-target-dev-less-416-11000001.x86_64/usr/local/arm-sony-linux-gnueabi/target/armv7a/usr/lib/mime/packages/less
+ mv /home/rpmuser/rpm/BUILDROOT/sony-target-dev-less-416-11000001.x86_64/usr/local/arm-sony-linux-gnueabi/target/armv7a/home/rpmuser/rpm/BUILDROOT/sony-target-dev-less-416-11000001.x86_64/usr/local/arm-sony-linux-gnueabi/target/armv7a/usr/bin/less /home/rpmuser/rpm/BUILDROOT/sony-target-dev-less-416-11000001.x86_64/usr/local/arm-sony-linux-gnueabi/target/armv7a/home/rpmuser/rpm/BUILDROOT/sony-target-dev-less-416-11000001.x86_64/usr/local/arm-sony-linux-gnueabi/target/armv7a/usr/bin/lessecho /home/rpmuser/rpm/BUILDROOT/sony-target-dev-less-416-11000001.x86_64/usr/local/arm-sony-linux-gnueabi/target/armv7a/home/rpmuser/rpm/BUILDROOT/sony-target-dev-less-416-11000001.x86_64/usr/local/arm-sony-linux-gnueabi/target/armv7a/usr/bin/lesskey /home/rpmuser/rpm/BUILDROOT/sony-target-dev-less-416-11000001.x86_64/usr/local/arm-sony-linux-gnueabi/target/armv7a/usr/bin/
+ ln -s lesspipe /home/rpmuser/rpm/BUILDROOT/sony-target-dev-less-416-11000001.x86_64/usr/local/arm-sony-linux-gnueabi/target/armv7a/usr/bin/lessfile
+ rm -rf /home/rpmuser/rpm/BUILDROOT/sony-target-dev-less-416-11000001.x86_64/usr/local/arm-sony-linux-gnueabi/target/armv7a/home/rpmuser/rpm/BUILDROOT/sony-target-dev-less-416-11000001.x86_64/usr/local/arm-sony-linux-gnueabi/target/armv7a/usr/share/man
Processing files: arm-sony-linux-gnueabi-armv7a-dev-less-416-11000001.arm
Checking for unpackaged file(s): /usr/lib/rpm/check-files /home/rpmuser/rpm/BUILDROOT/sony-target-dev-less-416-11000001.x86_64
Wrote: /home/rpmuser/rpm/SRPMS/sony-target-dev-less-416-11000001.src.rpm
Wrote: /home/rpmuser/rpm/RPMS/arm/arm-sony-linux-gnueabi-armv7a-dev-less-416-11000001.arm.rpm
Executing(%clean): /bin/sh -e /home/rpmuser/rpm/tmp/rpm-tmp.ONdv7I
+ umask 022
+ cd /home/rpmuser/rpm/BUILD
+ cd less-416
+ rm -rf /home/rpmuser/rpm/BUILDROOT/sony-target-dev-less-416-11000001.x86_64
+ exit 0
spawn -nottyinit sudo rm -rf /usr/local/arm-sony-linux-gnueabi/target/armv7a/tmp/less-416
sending 10.0.6.38:/home/rpmuser/rpm/BUILD/less-416 to 10.0.6.38:/usr/local/arm-sony-linux-gnueabi/target/armv7a/tmp....................................................................................................................................done
sending 10.0.6.38:/home/rpmuser//MAIN/dist/pkg/less/test/less-testsuite.patch to 10.0.6.38:/usr/local/arm-sony-linux-gnueabi/target/armv7a/tmp...done
spawn ssh 10.0.6.38
Welcome to Ubuntu 12.04.4 LTS (GNU/Linux 3.8.0-35-generic x86_64)

 * Documentation:  https://help.ubuntu.com/

0 packages can be updated.
0 updates are security updates.

Last login: Tue Feb 18 10:30:51 2014 from kzm-a9.mydomain
]0;rpmuser@Triangle: ~rpmuser@Triangle:~$ telnet 10.0.6.39
Trying 10.0.6.39...
Connected to 10.0.6.39.
Escape character is '^]'.

10.0.6.39 login: root
Sony CE Linux 11.0.0.0 armv7a
-bash-3.2# cd /tmp/less-416 || echo 'COMMAND''ERROR'
-bash-3.2# patch -p1 < ../less-testsuite.patch || echo 'COMMAND''ERROR'
patching file objdir/Makefile
Hunk #1 succeeded at 88 (offset 7 lines).
patching file tests/expect_scripts/less_command_b.exp
patching file tests/expect_scripts/less_command_close_flowerbrace.exp
patching file tests/expect_scripts/less_command_close_roundbrace.exp
patching file tests/expect_scripts/less_command_close_squarebrace.exp
patching file tests/expect_scripts/less_command_cmd.exp
patching file tests/expect_scripts/less_command_colon_d.exp
patching file tests/expect_scripts/less_command_colon_e.exp
patching file tests/expect_scripts/less_command_colon_npx.exp
patching file tests/expect_scripts/less_command_d.exp
patching file tests/expect_scripts/less_command_double_hyphen.exp
patching file tests/expect_scripts/less_command_double_hyphen_plus.exp
patching file tests/expect_scripts/less_command_double_underscore.exp
patching file tests/expect_scripts/less_command_E.exp
patching file tests/expect_scripts/less_command_equals.exp
patching file tests/expect_scripts/less_command_ESC_CTRLB.exp
patching file tests/expect_scripts/less_command_ESC_CTRLF.exp
patching file tests/expect_scripts/less_command_ESCn.exp
patching file tests/expect_scripts/less_command_ESCSPACE.exp
patching file tests/expect_scripts/less_command_F.exp
patching file tests/expect_scripts/less_command_g.exp
patching file tests/expect_scripts/less_command_G.exp
patching file tests/expect_scripts/less_command_hyphen.exp
patching file tests/expect_scripts/less_command_hyphen_plus.exp
patching file tests/expect_scripts/less_command_m.exp
patching file tests/expect_scripts/less_command_m_shellcmd.exp
patching file tests/expect_scripts/less_command_n.exp
patching file tests/expect_scripts/less_command_open_flowerbrace.exp
patching file tests/expect_scripts/less_command_open_roundbrace.exp
patching file tests/expect_scripts/less_command_open_squarebrace.exp
patching file tests/expect_scripts/less_command_pattern.exp
patching file tests/expect_scripts/less_command_p.exp
patching file tests/expect_scripts/less_command_RETURN.exp
patching file tests/expect_scripts/less_command_shellcmd.exp
patching file tests/expect_scripts/less_command_SPACE.exp
patching file tests/expect_scripts/less_command_t.exp
patching file tests/expect_scripts/less_command_u.exp
patching file tests/expect_scripts/less_command_underscore.exp
patching file tests/expect_scripts/less_command_v.exp
patching file tests/expect_scripts/less_command_y.exp
patching file tests/expect_scripts/less_command_z.exp
patching file tests/expect_scripts/less_option_a.exp
patching file tests/expect_scripts/less_option_double_hyphen.exp
patching file tests/expect_scripts/less_option_e.exp
patching file tests/expect_scripts/less_option_E.exp
patching file tests/expect_scripts/less_option_f.exp
patching file tests/expect_scripts/less_option_F.exp
patching file tests/expect_scripts/less_option_i.exp
patching file tests/expect_scripts/less_option_I.exp
patching file tests/expect_scripts/less_option_j.exp
patching file tests/expect_scripts/less_option_k.exp
patching file tests/expect_scripts/less_option_K.exp
patching file tests/expect_scripts/less_option_L.exp
patching file tests/expect_scripts/less_option_m.exp
patching file tests/expect_scripts/less_option_M.exp
patching file tests/expect_scripts/less_option_n.exp
patching file tests/expect_scripts/less_option_o.exp
patching file tests/expect_scripts/less_option_O.exp
patching file tests/expect_scripts/less_option_p.exp
patching file tests/expect_scripts/less_option_P.exp
patching file tests/expect_scripts/less_option_plus.exp
patching file tests/expect_scripts/less_option_t.exp
patching file tests/expect_scripts/less_option_T.exp
patching file tests/expect_scripts/less_option_z.exp
patching file tests/lesskey_in
patching file tests/lessopen.sh
patching file tests/less-test-main.sh
patching file tests/less-test-PTG1.sh
patching file tests/less-test-PTG3.sh
patching file tests/ps_vi.sh
patching file tests/tags_dir/file1.c
patching file tests/tags_dir/file2.c
patching file tests/tags_dir/file.h
patching file tests/tags_dir/new_tags_file
patching file tests/tags_dir/tags
patching file tests/test_files/less_command_b.txt
patching file tests/test_files/less_command_close_flowerbrace.txt
patching file tests/test_files/less_command_close_roundbrace.txt
patching file tests/test_files/less_command_close_squarebrace.txt
patching file tests/test_files/less_command_cmd1.txt
patching file tests/test_files/less_command_cmd2.txt
patching file tests/test_files/less_command_colon_d1.txt
patching file tests/test_files/less_command_colon_d2.txt
patching file tests/test_files/less_command_colon_e1.txt
patching file tests/test_files/less_command_colon_e2.txt
patching file tests/test_files/less_command_colon_npx1.txt
patching file tests/test_files/less_command_colon_npx2.txt
patching file tests/test_files/less_command_double_hyphen_plus.txt
patching file tests/test_files/less_command_double_hyphen.txt
patching file tests/test_files/less_command_double_underscore.txt
patching file tests/test_files/less_command_d.txt
patching file tests/test_files/less_command_E1.txt
patching file tests/test_files/less_command_E2.txt
patching file tests/test_files/less_command_equals.txt
patching file tests/test_files/less_command_ESC_CTRLB.txt
patching file tests/test_files/less_command_ESC_CTRLF.txt
patching file tests/test_files/less_command_ESCn1.txt
patching file tests/test_files/less_command_ESCn2.txt
patching file tests/test_files/less_command_ESCSPACE.txt
patching file tests/test_files/less_command_F_orig.txt
patching file tests/test_files/less_command_F.txt
patching file tests/test_files/less_command_g.txt
patching file tests/test_files/less_command_G.txt
patching file tests/test_files/less_command_hyphen_plus.txt
patching file tests/test_files/less_command_hyphen.txt
patching file tests/test_files/less_command_m_shellcmd.txt
patching file tests/test_files/less_command_m.txt
patching file tests/test_files/less_command_n.txt
patching file tests/test_files/less_command_open_flowerbrace.txt
patching file tests/test_files/less_command_open_roundbrace.txt
patching file tests/test_files/less_command_open_squarebrace.txt
patching file tests/test_files/less_command_pattern.txt
patching file tests/test_files/less_command_p.txt
patching file tests/test_files/less_command_RETURN.txt
patching file tests/test_files/less_command_shellcmd.txt
patching file tests/test_files/less_command_SPACE.txt
patching file tests/test_files/less_command_underscore.txt
patching file tests/test_files/less_command_u.txt
patching file tests/test_files/less_command_v.txt
patching file tests/test_files/less_command_y.txt
patching file tests/test_files/less_command_z.txt
patching file tests/test_files/less_option_a.txt
patching file tests/test_files/less_option_e.txt
patching file tests/test_files/less_option_E.txt
patching file tests/test_files/less_option_f.out
patching file tests/test_files/less_option_F.txt
patching file tests/test_files/less_option_i.txt
patching file tests/test_files/less_option_I.txt
patching file tests/test_files/less_option_j.txt
patching file tests/test_files/less_option_k.txt
patching file tests/test_files/less_option_K.txt
patching file tests/test_files/less_option_L.tar
patching file tests/test_files/less_option_m.txt
patching file tests/test_files/less_option_M.txt
patching file tests/test_files/less_option_n.txt
patching file tests/test_files/less_option_o.txt
patching file tests/test_files/less_option_O.txt
patching file tests/test_files/less_option_plus.txt
patching file tests/test_files/less_option_p.txt
patching file tests/test_files/less_option_P.txt
patching file tests/test_files/less_option_z.txt
patching file tests/Test-Support-Fns
patching file tests/write.sh
-bash-3.2# cd /tmp/less-416/objdir || echo 'COMMAND''ERROR'
-bash-3.2# make check DIALECT=armv7a | tee less-test.log ; echo 'COMMAND''DONE'
make: Warning: File `Makefile' has modification time 1.4e+09 s in the future
cd ../tests; sh less-test-main.sh; cd ../
#--------------------------------------------------#
#               Executing less Test Suite                #
#--------------------------------------------------#

======================================================================================================================================
                 LESS Test Cases                           
         Board Architecture : armv7l                     
         Kernel             : Linux 10.0.6.39 3.4.60_nl-kzm-a9 #1 SMP Thu Sep 12 22:45:22 JST 2013 armv7l GNU/Linux                      
         Userland           : Sony CE Linux 11.0.0.0 armv7a                    
         Date               : Thu Jan  1 01:43:27 UTC 1970                        
======================================================================================================================================
Executing the test script less-test-PTG1
spawn ssh localhost
ssh: connect to host localhost port 22: Connection refused
send: spawn id exp4 not open
    while executing
"send "$LESS $FILENAME\n""
    (file "expect_scripts/less_command_SPACE.exp" line 14)
cat: can't open '/tmp/less-416/tests/logfile': No such file or directory
----------------------------------------------------------------------------
[31mtest1-TD-less-less-PTG1-1        SPACE / ^V / f / ^F        FAILED[0m
Test Result      =  
Expected Result  =  0
----------------------------------------------------------------------------
spawn ssh localhost
ssh: connect to host localhost port 22: Connection refused
send: spawn id exp4 not open
    while executing
"send "$LESS $FILENAME\n""
    (file "expect_scripts/less_command_z.exp" line 14)
cat: can't open '/tmp/less-416/tests/logfile': No such file or directory
----------------------------------------------------------------------------
[31mtest2-TD-less-less-PTG1-2        z        FAILED[0m
Test Result      =  
Expected Result  =  0
----------------------------------------------------------------------------
spawn ssh localhost
ssh: connect to host localhost port 22: Connection refused
send: spawn id exp4 not open
    while executing
"send "$LESS $FILENAME\n""
    (file "expect_scripts/less_command_ESCSPACE.exp" line 14)
cat: can't open '/tmp/less-416/tests/logfile': No such file or directory
----------------------------------------------------------------------------
[31mtest3-TD-less-less-PTG1-3        ESC SPACE        FAILED[0m
Test Result      =  
Expected Result  =  0
----------------------------------------------------------------------------
spawn ssh localhost
ssh: connect to host localhost port 22: Connection refused
send: spawn id exp4 not open
    while executing
"send "$LESS $FILENAME\n""
    (file "expect_scripts/less_command_RETURN.exp" line 14)
cat: can't open '/tmp/less-416/tests/logfile': No such file or directory
----------------------------------------------------------------------------
[31mtest4-TD-less-less-PTG1-4        RETURN / ^N / e / ^E / r / j / ^J        FAILED[0m
Test Result      =  
Expected Result  =  0
----------------------------------------------------------------------------
spawn ssh localhost
ssh: connect to host localhost port 22: Connection refused
send: spawn id exp4 not open
    while executing
"send "$LESS $FILENAME\n""
    (file "expect_scripts/less_command_d.exp" line 14)
cat: can't open '/tmp/less-416/tests/logfile': No such file or directory
----------------------------------------------------------------------------
[31mtest5-TD-less-less-PTG1-5        d / ^D        FAILED[0m
Test Result      =  
Expected Result  =  0
----------------------------------------------------------------------------
spawn ssh localhost
ssh: connect to host localhost port 22: Connection refused
send: spawn id exp4 not open
    while executing
"send "$LESS $FILENAME\n""
    (file "expect_scripts/less_command_b.exp" line 14)
cat: can't open '/tmp/less-416/tests/logfile': No such file or directory
----------------------------------------------------------------------------
[31mtest6-TD-less-less-PTG1-6        b / ^B / ESC-v / w        FAILED[0m
Test Result      =  
Expected Result  =  0
----------------------------------------------------------------------------
spawn ssh localhost
ssh: connect to host localhost port 22: Connection refused
send: spawn id exp4 not open
    while executing
"send "$LESS $FILENAME\n""
    (file "expect_scripts/less_command_y.exp" line 14)
cat: can't open '/tmp/less-416/tests/logfile': No such file or directory
----------------------------------------------------------------------------
[31mtest7-TD-less-less-PTG1-7        y / ^Y / ^P / k / ^K        FAILED[0m
Test Result      =  
Expected Result  =  0
----------------------------------------------------------------------------
spawn ssh localhost
ssh: connect to host localhost port 22: Connection refused
send: spawn id exp4 not open
    while executing
"send "$LESS $FILENAME\n""
    (file "expect_scripts/less_command_u.exp" line 14)
cat: can't open '/tmp/less-416/tests/logfile': No such file or directory
----------------------------------------------------------------------------
[31mtest8-TD-less-less-PTG1-8        u / ^U        FAILED[0m
Test Result      =  
Expected Result  =  0
----------------------------------------------------------------------------
spawn ssh localhost
ssh: connect to host localhost port 22: Connection refused
send: spawn id exp4 not open
    while executing
"send "$LESS $FILENAME\n""
    (file "expect_scripts/less_command_F.exp" line 14)
cat: can't open '/tmp/less-416/tests/logfile': No such file or directory
----------------------------------------------------------------------------
[31mtest9-TD-less-less-PTG1-9        F        FAILED[0m
Test Result      =  
Expected Result  =  0
----------------------------------------------------------------------------
spawn ssh localhost
ssh: connect to host localhost port 22: Connection refused
send: spawn id exp4 not open
    while executing
"send "$LESS $FILENAME\n""
    (file "expect_scripts/less_command_g.exp" line 14)
cat: can't open '/tmp/less-416/tests/logfile': No such file or directory
----------------------------------------------------------------------------
[31mtest10-TD-less-less-PTG1-10        g or < or ESC-<        FAILED[0m
Test Result      =  
Expected Result  =  0
----------------------------------------------------------------------------
spawn ssh localhost
ssh: connect to host localhost port 22: Connection refused
send: spawn id exp4 not open
    while executing
"send "$LESS $FILENAME\n""
    (file "expect_scripts/less_command_G.exp" line 14)
cat: can't open '/tmp/less-416/tests/logfile': No such file or directory
----------------------------------------------------------------------------
[31mtest11-TD-less-less-PTG1-11        G or > or ESC->        FAILED[0m
Test Result      =  
Expected Result  =  0
----------------------------------------------------------------------------
spawn ssh localhost
ssh: connect to host localhost port 22: Connection refused
send: spawn id exp4 not open
    while executing
"send "$LESS $FILENAME\n""
    (file "expect_scripts/less_command_p.exp" line 14)
cat: can't open '/tmp/less-416/tests/logfile': No such file or directory
----------------------------------------------------------------------------
[31mtest12-TD-less-less-PTG1-12        p or  0.000000AILED[0m
Test Result      =  
Expected Result  =  0
----------------------------------------------------------------------------
spawn ssh localhost
ssh: connect to host localhost port 22: Connection refused
send: spawn id exp4 not open
    while executing
"send "$LESS $FILENAME\n""
    (file "expect_scripts/less_command_open_flowerbrace.exp" line 14)
cat: can't open '/tmp/less-416/tests/logfile': No such file or directory
----------------------------------------------------------------------------
[31mtest13-TD-less-less-PTG1-13        {        FAILED[0m
Test Result      =  
Expected Result  =  0
----------------------------------------------------------------------------
spawn ssh localhost
ssh: connect to host localhost port 22: Connection refused
send: spawn id exp4 not open
    while executing
"send "$LESS $FILENAME\n""
    (file "expect_scripts/less_command_close_flowerbrace.exp" line 14)
cat: can't open '/tmp/less-416/tests/logfile': No such file or directory
----------------------------------------------------------------------------
[31mtest14-TD-less-less-PTG1-14        }        FAILED[0m
Test Result      =  
Expected Result  =  0
----------------------------------------------------------------------------
spawn ssh localhost
ssh: connect to host localhost port 22: Connection refused
send: spawn id exp4 not open
    while executing
"send "$LESS $FILENAME\n""
    (file "expect_scripts/less_command_open_roundbrace.exp" line 14)
cat: can't open '/tmp/less-416/tests/logfile': No such file or directory
----------------------------------------------------------------------------
[31mtest15-TD-less-less-PTG1-15        (        FAILED[0m
Test Result      =  
Expected Result  =  0
----------------------------------------------------------------------------
spawn ssh localhost
ssh: connect to host localhost port 22: Connection refused
send: spawn id exp4 not open
    while executing
"send "$LESS $FILENAME\n""
    (file "expect_scripts/less_command_close_roundbrace.exp" line 14)
cat: can't open '/tmp/less-416/tests/logfile': No such file or directory
----------------------------------------------------------------------------
[31mtest16-TD-less-less-PTG1-16        )        FAILED[0m
Test Result      =  
Expected Result  =  0
----------------------------------------------------------------------------
spawn ssh localhost
ssh: connect to host localhost port 22: Connection refused
send: spawn id exp4 not open
    while executing
"send "$LESS $FILENAME\n""
    (file "expect_scripts/less_command_open_squarebrace.exp" line 14)
cat: can't open '/tmp/less-416/tests/logfile': No such file or directory
----------------------------------------------------------------------------
[31mtest17-TD-less-less-PTG1-17        [        FAILED[0m
Test Result      =  
Expected Result  =  0
----------------------------------------------------------------------------
spawn ssh localhost
ssh: connect to host localhost port 22: Connection refused
send: spawn id exp4 not open
    while executing
"send "$LESS $FILENAME\n""
    (file "expect_scripts/less_command_close_squarebrace.exp" line 14)
cat: can't open '/tmp/less-416/tests/logfile': No such file or directory
----------------------------------------------------------------------------
[31mtest18-TD-less-less-PTG1-18        ]        FAILED[0m
Test Result      =  
Expected Result  =  0
----------------------------------------------------------------------------
spawn ssh localhost
ssh: connect to host localhost port 22: Connection refused
send: spawn id exp4 not open
    while executing
"send "$LESS $FILENAME\n""
    (file "expect_scripts/less_command_ESC_CTRLF.exp" line 14)
cat: can't open '/tmp/less-416/tests/logfile': No such file or directory
----------------------------------------------------------------------------
[31mtest19-TD-less-less-PTG1-19        ESC ^F < >        FAILED[0m
Test Result      =  
Expected Result  =  0
----------------------------------------------------------------------------
spawn ssh localhost
ssh: connect to host localhost port 22: Connection refused
send: spawn id exp4 not open
    while executing
"send "$LESS $FILENAME\n""
    (file "expect_scripts/less_command_ESC_CTRLB.exp" line 14)
cat: can't open '/tmp/less-416/tests/logfile': No such file or directory
----------------------------------------------------------------------------
[31mtest20-TD-less-less-PTG1-20        ESC ^B < >        FAILED[0m
Test Result      =  
Expected Result  =  0
----------------------------------------------------------------------------
spawn ssh localhost
ssh: connect to host localhost port 22: Connection refused
send: spawn id exp4 not open
    while executing
"send "$LESS $FILENAME\n""
    (file "expect_scripts/less_command_m.exp" line 14)
cat: can't open '/tmp/less-416/tests/logfile': No such file or directory
----------------------------------------------------------------------------
[31mtest21-TD-less-less-PTG1-21        m and ' and ^X^X        FAILED[0m
Test Result      =  
Expected Result  =  0
----------------------------------------------------------------------------
spawn ssh localhost
ssh: connect to host localhost port 22: Connection refused
send: spawn id exp4 not open
    while executing
"send "$LESS $FILENAME\n""
    (file "expect_scripts/less_command_pattern.exp" line 14)
cat: can't open '/tmp/less-416/tests/logfile': No such file or directory
----------------------------------------------------------------------------
[31mtest22-TD-less-less-PTG1-22        /pattern        FAILED[0m
Test Result      =  
Expected Result  =  0
----------------------------------------------------------------------------
spawn ssh localhost
ssh: connect to host localhost port 22: Connection refused
send: spawn id exp4 not open
    while executing
"send "$LESS $FILENAME\n""
    (file "expect_scripts/less_command_n.exp" line 14)
cat: can't open '/tmp/less-416/tests/logfile': No such file or directory
----------------------------------------------------------------------------
[31mtest23-TD-less-less-PTG1-23        n        FAILED[0m
Test Result      =  
Expected Result  =  0
----------------------------------------------------------------------------
spawn ssh localhost
ssh: connect to host localhost port 22: Connection refused
send: spawn id exp4 not open
    while executing
"send "$LESS $FILENAME_ONE $FILENAME_TWO\n""
    (file "expect_scripts/less_command_ESCn.exp" line 15)
cat: can't open '/tmp/less-416/tests/logfile': No such file or directory
----------------------------------------------------------------------------
[31mtest24-TD-less-less-PTG1-24        ESC-n        FAILED[0m
Test Result      =  
Expected Result  =  0
----------------------------------------------------------------------------
spawn ssh localhost
ssh: connect to host localhost port 22: Connection refused
send: spawn id exp4 not open
    while executing
"send "$LESS $FILENAME_ONE\n""
    (file "expect_scripts/less_command_colon_e.exp" line 15)
cat: can't open '/tmp/less-416/tests/logfile': No such file or directory
----------------------------------------------------------------------------
[31mtest25-TD-less-less-PTG1-25        :e [filename]        FAILED[0m
Test Result      =  
Expected Result  =  0
----------------------------------------------------------------------------
spawn ssh localhost
ssh: connect to host localhost port 22: Connection refused
send: spawn id exp4 not open
    while executing
"send "$LESS $FILENAME_ONE\n""
    (file "expect_scripts/less_command_E.exp" line 15)
cat: can't open '/tmp/less-416/tests/logfile': No such file or directory
----------------------------------------------------------------------------
[31mtest26-TD-less-less-PTG1-26        E        FAILED[0m
Test Result      =  
Expected Result  =  0
----------------------------------------------------------------------------
spawn ssh localhost
ssh: connect to host localhost port 22: Connection refused
send: spawn id exp4 not open
    while executing
"send "$LESS $FILENAME_ONE $FILENAME_TWO\n""
    (file "expect_scripts/less_command_colon_npx.exp" line 15)
cat: can't open '/tmp/less-416/tests/logfile': No such file or directory
----------------------------------------------------------------------------
[31mtest27-TD-less-less-PTG1-27        :n and :p and :x        FAILED[0m
Test Result      =  
Expected Result  =  0
----------------------------------------------------------------------------
spawn ssh localhost
ssh: connect to host localhost port 22: Connection refused
send: spawn id exp4 not open
    while executing
"send "$LESS $FILENAME_ONE $FILENAME_TWO\n""
    (file "expect_scripts/less_command_colon_d.exp" line 15)
cat: can't open '/tmp/less-416/tests/logfile': No such file or directory
----------------------------------------------------------------------------
[31mtest28-TD-less-less-PTG1-28        :d        FAILED[0m
Test Result      =  
Expected Result  =  0
----------------------------------------------------------------------------
spawn ssh localhost
ssh: connect to host localhost port 22: Connection refused
send: spawn id exp4 not open
    while executing
"send "cd $TAGS_DIR\n""
    (file "expect_scripts/less_command_t.exp" line 16)
cat: can't open '/tmp/less-416/tests/logfile': No such file or directory
----------------------------------------------------------------------------
[31mtest29-TD-less-less-PTG1-29        t and T        FAILED[0m
Test Result      =  
Expected Result  =  0
----------------------------------------------------------------------------
spawn ssh localhost
ssh: connect to host localhost port 22: Connection refused
send: spawn id exp4 not open
    while executing
"send "$LESS $FILENAME\n""
    (file "expect_scripts/less_command_equals.exp" line 14)
cat: can't open '/tmp/less-416/tests/logfile': No such file or directory
----------------------------------------------------------------------------
[31mtest30-TD-less-less-PTG1-30        / ^G / :f        FAILED[0m
Test Result      =  
Expected Result  =  0
----------------------------------------------------------------------------
spawn ssh localhost
ssh: connect to host localhost port 22: Connection refused
send: spawn id exp4 not open
    while executing
"send "$LESS $FILENAME\n""
    (file "expect_scripts/less_command_hyphen.exp" line 14)
cat: can't open '/tmp/less-416/tests/logfile': No such file or directory
----------------------------------------------------------------------------
[31mtest31-TD-less-less-PTG1-31        -        FAILED[0m
Test Result      =  
Expected Result  =  0
----------------------------------------------------------------------------
spawn ssh localhost
ssh: connect to host localhost port 22: Connection refused
send: spawn id exp4 not open
    while executing
"send "$LESS $FILENAME\n""
    (file "expect_scripts/less_command_double_hyphen.exp" line 14)
cat: can't open '/tmp/less-416/tests/logfile': No such file or directory
----------------------------------------------------------------------------
[31mtest32-TD-less-less-PTG1-32        --        FAILED[0m
Test Result      =  
Expected Result  =  0
----------------------------------------------------------------------------
spawn ssh localhost
ssh: connect to host localhost port 22: Connection refused
send: spawn id exp4 not open
    while executing
"send "$LESS $FILENAME\n""
    (file "expect_scripts/less_command_hyphen_plus.exp" line 14)
cat: can't open '/tmp/less-416/tests/logfile': No such file or directory
----------------------------------------------------------------------------
[31mtest33-TD-less-less-PTG1-33        -+        FAILED[0m
Test Result      =  
Expected Result  =  0
----------------------------------------------------------------------------
spawn ssh localhost
ssh: connect to host localhost port 22: Connection refused
send: spawn id exp4 not open
    while executing
"send "$LESS $FILENAME\n""
    (file "expect_scripts/less_command_double_hyphen_plus.exp" line 14)
cat: can't open '/tmp/less-416/tests/logfile': No such file or directory
----------------------------------------------------------------------------
[31mtest34-TD-less-less-PTG1-34        --+        FAILED[0m
Test Result      =  
Expected Result  =  0
----------------------------------------------------------------------------
spawn ssh localhost
ssh: connect to host localhost port 22: Connection refused
send: spawn id exp4 not open
    while executing
"send "$LESS $FILENAME\n""
    (file "expect_scripts/less_command_underscore.exp" line 14)
cat: can't open '/tmp/less-416/tests/logfile': No such file or directory
----------------------------------------------------------------------------
[31mtest35-TD-less-less-PTG1-35        -! and _        FAILED[0m
Test Result      =  
Expected Result  =  0
----------------------------------------------------------------------------
spawn ssh localhost
ssh: connect to host localhost port 22: Connection refused
send: spawn id exp4 not open
    while executing
"send "$LESS $FILENAME\n""
    (file "expect_scripts/less_command_double_underscore.exp" line 14)
cat: can't open '/tmp/less-416/tests/logfile': No such file or directory
----------------------------------------------------------------------------
[31mtest36-TD-less-less-PTG1-36        --! and __        FAILED[0m
Test Result      =  
Expected Result  =  0
----------------------------------------------------------------------------
spawn ssh localhost
ssh: connect to host localhost port 22: Connection refused
send: spawn id exp4 not open
    while executing
"send "$LESS $FILENAME_ONE $FILENAME_TWO\n""
    (file "expect_scripts/less_command_cmd.exp" line 15)
cat: can't open '/tmp/less-416/tests/logfile': No such file or directory
----------------------------------------------------------------------------
[31mtest37-TD-less-less-PTG1-37        +cmd        FAILED[0m
Test Result      =  
Expected Result  =  0
----------------------------------------------------------------------------
spawn ssh localhost
ssh: connect to host localhost port 22: Connection refused
send: spawn id exp4 not open
    while executing
"send "$LESS $FILENAME\n""
    (file "expect_scripts/less_command_v.exp" line 14)
cat: can't open '/tmp/less-416/tests/logfile': No such file or directory
grep: ps_vi.log: No such file or directory
less-test-PTG1.sh: line 598: [: too many arguments
----------------------------------------------------------------------------
[31mtest38-TD-less-less-PTG1-38        v        FAILED[0m
Test Result      =  1
Expected Result  =  0
----------------------------------------------------------------------------
spawn ssh localhost
ssh: connect to host localhost port 22: Connection refused
send: spawn id exp4 not open
    while executing
"send "$LESS $FILENAME\n""
    (file "expect_scripts/less_command_shellcmd.exp" line 15)
cat: can't open '/tmp/less-416/tests/logfile': No such file or directory
diff: ls_one.log: No such file or directory
less-test-PTG1.sh: line 627: [: too many arguments
----------------------------------------------------------------------------
[31mtest39-TD-less-less-PTG1-39        ! shell-command        FAILED[0m
Test Result      =  1
Expected Result  =  0
----------------------------------------------------------------------------
spawn ssh localhost
ssh: connect to host localhost port 22: Connection refused
send: spawn id exp4 not open
    while executing
"send "$LESS $FILENAME\n""
    (file "expect_scripts/less_command_m_shellcmd.exp" line 15)
cat: can't open '/tmp/less-416/tests/logfile': No such file or directory
grep: grep.log: No such file or directory
less-test-PTG1.sh: line 655: [: too many arguments
----------------------------------------------------------------------------
[31mtest40-TD-less-less-PTG1-40        | <m> shell-command        FAILED[0m
Test Result      =  1
Expected Result  =  0
----------------------------------------------------------------------------
UID        PID  PPID  C STIME TTY          TIME CMD

Executing the test script less-test-PTG2
chmod: less-test-PTG2.sh: No such file or directory
sh: less-test-PTG2.sh: No such file or directory

Executing the test script less-test-PTG3
spawn ssh localhost
ssh: connect to host localhost port 22: Connection refused
send: spawn id exp4 not open
    while executing
"send "$LESS $OPTION $FILENAME\n""
    (file "expect_scripts/less_option_a.exp" line 15)
cat: can't open '/tmp/less-416/tests/logfile': No such file or directory
----------------------------------------------------------------------------
[31mtest41-TD-less-less-PTG3-41        -a        FAILED[0m
Test Result      =  
Expected Result  =  0
----------------------------------------------------------------------------
spawn ssh localhost
ssh: connect to host localhost port 22: Connection refused
send: spawn id exp4 not open
    while executing
"send "$LESS $OPTION $FILENAME\n""
    (file "expect_scripts/less_option_e.exp" line 15)
cat: can't open '/tmp/less-416/tests/logfile': No such file or directory
----------------------------------------------------------------------------
[31mtest42-TD-less-less-PTG3-42        -e        FAILED[0m
Test Result      =  
Expected Result  =  0
----------------------------------------------------------------------------
spawn ssh localhost
ssh: connect to host localhost port 22: Connection refused
send: spawn id exp4 not open
    while executing
"send "$LESS $OPTION $FILENAME\n""
    (file "expect_scripts/less_option_E.exp" line 15)
cat: can't open '/tmp/less-416/tests/logfile': No such file or directory
----------------------------------------------------------------------------
[31mtest43-TD-less-less-PTG3-43        -E        FAILED[0m
Test Result      =  
Expected Result  =  0
----------------------------------------------------------------------------
spawn ssh localhost
ssh: connect to host localhost port 22: Connection refused
send: spawn id exp4 not open
    while executing
"send "$LESS $FILENAME\n""
    (file "expect_scripts/less_option_f.exp" line 15)
cat: can't open '/tmp/less-416/tests/logfile': No such file or directory
----------------------------------------------------------------------------
[31mtest44-TD-less-less-PTG3-44        -f        FAILED[0m
Test Result      =  
Expected Result  =  0
----------------------------------------------------------------------------
spawn ssh localhost
ssh: connect to host localhost port 22: Connection refused
send: spawn id exp4 not open
    while executing
"send "$LESS $OPTION $FILENAME\n""
    (file "expect_scripts/less_option_F.exp" line 15)
cat: can't open '/tmp/less-416/tests/logfile': No such file or directory
----------------------------------------------------------------------------
[31mtest45-TD-less-less-PTG3-45        -F        FAILED[0m
Test Result      =  
Expected Result  =  0
----------------------------------------------------------------------------
spawn ssh localhost
ssh: connect to host localhost port 22: Connection refused
send: spawn id exp4 not open
    while executing
"send "$LESS $OPTION $FILENAME\n""
    (file "expect_scripts/less_option_i.exp" line 15)
cat: can't open '/tmp/less-416/tests/logfile': No such file or directory
----------------------------------------------------------------------------
[31mtest46-TD-less-less-PTG3-46        -i        FAILED[0m
Test Result      =  
Expected Result  =  0
----------------------------------------------------------------------------
spawn ssh localhost
ssh: connect to host localhost port 22: Connection refused
send: spawn id exp4 not open
    while executing
"send "$LESS $OPTION $FILENAME\n""
    (file "expect_scripts/less_option_I.exp" line 15)
cat: can't open '/tmp/less-416/tests/logfile': No such file or directory
----------------------------------------------------------------------------
[31mtest47-TD-less-less-PTG3-47        -I        FAILED[0m
Test Result      =  
Expected Result  =  0
----------------------------------------------------------------------------
spawn ssh localhost
ssh: connect to host localhost port 22: Connection refused
send: spawn id exp4 not open
    while executing
"send "$LESS $OPTION $FILENAME\n""
    (file "expect_scripts/less_option_j.exp" line 15)
cat: can't open '/tmp/less-416/tests/logfile': No such file or directory
----------------------------------------------------------------------------
[31mtest48-TD-less-less-PTG3-48        -j<n>        FAILED[0m
Test Result      =  
Expected Result  =  0
----------------------------------------------------------------------------
spawn ssh localhost
ssh: connect to host localhost port 22: Connection refused
send: spawn id exp4 not open
    while executing
"send "cd $TESTDIR\n""
    (file "expect_scripts/less_option_k.exp" line 16)
cat: can't open '/tmp/less-416/tests/logfile': No such file or directory
----------------------------------------------------------------------------
[31mtest49-TD-less-less-PTG3-49        -kfilename or --lesskey-file=filename        FAILED[0m
Test Result      =  
Expected Result  =  0
----------------------------------------------------------------------------
spawn ssh localhost
ssh: connect to host localhost port 22: Connection refused
send: spawn id exp4 not open
    while executing
"send "$LESS $OPTION $FILENAME\n""
    (file "expect_scripts/less_option_K.exp" line 15)
cat: can't open '/tmp/less-416/tests/logfile': No such file or directory
----------------------------------------------------------------------------
[31mtest50-TD-less-less-PTG3-50        -K or --quit-on-intr        FAILED[0m
Test Result      =  
Expected Result  =  0
----------------------------------------------------------------------------
spawn ssh localhost
ssh: connect to host localhost port 22: Connection refused
send: spawn id exp4 not open
    while executing
"send "export LESSOPEN=\"|$TESTDIR/lessopen.sh %s\"\n""
    (file "expect_scripts/less_option_L.exp" line 17)
cat: can't open '/tmp/less-416/tests/logfile': No such file or directory
----------------------------------------------------------------------------
[31mtest51-TD-less-less-PTG3-51        -L or --no-lessopen        FAILED[0m
Test Result      =  
Expected Result  =  0
----------------------------------------------------------------------------
spawn ssh localhost
ssh: connect to host localhost port 22: Connection refused
send: spawn id exp4 not open
    while executing
"send "$LESS $OPTION $FILENAME\n""
    (file "expect_scripts/less_option_m.exp" line 15)
cat: can't open '/tmp/less-416/tests/logfile': No such file or directory
----------------------------------------------------------------------------
[31mtest52-TD-less-less-PTG3-52        -m or --long-prompt        FAILED[0m
Test Result      =  
Expected Result  =  0
----------------------------------------------------------------------------
spawn ssh localhost
ssh: connect to host localhost port 22: Connection refused
send: spawn id exp4 not open
    while executing
"send "$LESS $OPTION $FILENAME\n""
    (file "expect_scripts/less_option_M.exp" line 15)
cat: can't open '/tmp/less-416/tests/logfile': No such file or directory
----------------------------------------------------------------------------
[31mtest53-TD-less-less-PTG3-53        -M or --LONG-PROMPT        FAILED[0m
Test Result      =  
Expected Result  =  0
----------------------------------------------------------------------------
spawn ssh localhost
ssh: connect to host localhost port 22: Connection refused
send: spawn id exp4 not open
    while executing
"send "$LESS $OPTION $FILENAME\n""
    (file "expect_scripts/less_option_n.exp" line 15)
cat: can't open '/tmp/less-416/tests/logfile': No such file or directory
----------------------------------------------------------------------------
[31mtest54-TD-less-less-PTG3-54        -n or --line-numbers        FAILED[0m
Test Result      =  
Expected Result  =  0
----------------------------------------------------------------------------
spawn ssh localhost
ssh: connect to host localhost port 22: Connection refused
send: spawn id exp4 not open
    while executing
"send "cat $FILENAME | $LESS $OPTION\n""
    (file "expect_scripts/less_option_o.exp" line 16)
1,223d0
< 1
< 2
< 3
< 4
< 5
< 6
< 7
< 8
< 9
< jump to target
< 10
< 11
< 12
< 13
< 14
< 15
< 16
< 17
< 18
< 19
< 20
< 21
< 22
< 23
< 24
< 25
< 26
< 27
< 28
< 29
< 30
< 31
< 32
< 33
< 34
< 35
< 36
< 37
< 38
< 39
< 40
< 41
< 42
< 43
< 44
< jump to target
< 45
< 46
< 47
< 48
< 49
< 50
< 51
< 52
< 53
< 54
< 55
< 56
< 57
< 58
< 59
< 60
< 61
< 62
< 63
< 64
< 65
< 66
< 67
< 68
< 69
< 70
< 71
< 72
< 73
< 74
< 75
< 76
< 77
< 78
< 79
< 80
< 81
< 82
< 83
< 84
< 85
< 86
< jump to target
< 87
< 88
< 89
< 90
< 91
< 92
< 93
< 94
< 95
< 96
< 97
< 98
< 99
< 100
< 101
< 102
< 103
< 104
< 105
< 106
< 107
< 108
< 109
< 110
< 111
< 112
< 113
< 114
< 115
< 116
< 117
< 118
< 119
< 120
< 121
< 122
< 123
< 124
< 125
< 126
< 127
< 128
< 129
< 130
< 131
< 132
< 133
< 134
< 135
< 136
< 137
< 138
< 139
< 140
< 141
< 142
< 143
< 144
< 145
< 146
< 147
< 148
< 149
< 150
< 151
< 152
< 153
< 154
< 155
< 156
< 157
< 158
< 159
< 160
< 161
< 162
< 163
< 164
< 165
< 166
< 167
< 168
< 169
< 170
< 171
< 172
< 173
< 174
< 175
< 176
< 177
< 178
< 179
< 180
< 181
< 182
< 183
< 184
< 185
< 186
< 187
< 188
< 189
< 190
< 191
< 192
< 193
< 194
< 195
< 196
< 197
< 198
< 199
< 200
< 201
< 202
< 203
< 204
< 205
< 206
< 207
< 208
< 209
< 210
< 211
< 212
< 213
< 214
< 215
< 216
< 217
< 218
< 219
< 220
cat: can't open '/tmp/less-416/tests/logfile': No such file or directory
less-test-PTG3.sh: line 281: [: too many arguments
----------------------------------------------------------------------------
[31mtest55-TD-less-less-PTG3-55        -ofilename or --log-file=filename        FAILED[0m
Test Result      =  1
Expected Result  =  0
----------------------------------------------------------------------------
spawn ssh localhost
ssh: connect to host localhost port 22: Connection refused
send: spawn id exp4 not open
    while executing
"send "cat $FILENAME | $LESS $OPTION\n""
    (file "expect_scripts/less_option_O.exp" line 15)
1,223d0
< 1
< 2
< 3
< 4
< 5
< 6
< 7
< 8
< 9
< jump to target
< 10
< 11
< 12
< 13
< 14
< 15
< 16
< 17
< 18
< 19
< 20
< 21
< 22
< 23
< 24
< 25
< 26
< 27
< 28
< 29
< 30
< 31
< 32
< 33
< 34
< 35
< 36
< 37
< 38
< 39
< 40
< 41
< 42
< 43
< 44
< jump to target
< 45
< 46
< 47
< 48
< 49
< 50
< 51
< 52
< 53
< 54
< 55
< 56
< 57
< 58
< 59
< 60
< 61
< 62
< 63
< 64
< 65
< 66
< 67
< 68
< 69
< 70
< 71
< 72
< 73
< 74
< 75
< 76
< 77
< 78
< 79
< 80
< 81
< 82
< 83
< 84
< 85
< 86
< jump to target
< 87
< 88
< 89
< 90
< 91
< 92
< 93
< 94
< 95
< 96
< 97
< 98
< 99
< 100
< 101
< 102
< 103
< 104
< 105
< 106
< 107
< 108
< 109
< 110
< 111
< 112
< 113
< 114
< 115
< 116
< 117
< 118
< 119
< 120
< 121
< 122
< 123
< 124
< 125
< 126
< 127
< 128
< 129
< 130
< 131
< 132
< 133
< 134
< 135
< 136
< 137
< 138
< 139
< 140
< 141
< 142
< 143
< 144
< 145
< 146
< 147
< 148
< 149
< 150
< 151
< 152
< 153
< 154
< 155
< 156
< 157
< 158
< 159
< 160
< 161
< 162
< 163
< 164
< 165
< 166
< 167
< 168
< 169
< 170
< 171
< 172
< 173
< 174
< 175
< 176
< 177
< 178
< 179
< 180
< 181
< 182
< 183
< 184
< 185
< 186
< 187
< 188
< 189
< 190
< 191
< 192
< 193
< 194
< 195
< 196
< 197
< 198
< 199
< 200
< 201
< 202
< 203
< 204
< 205
< 206
< 207
< 208
< 209
< 210
< 211
< 212
< 213
< 214
< 215
< 216
< 217
< 218
< 219
< 220
cat: can't open '/tmp/less-416/tests/logfile': No such file or directory
less-test-PTG3.sh: line 315: [: too many arguments
----------------------------------------------------------------------------
[31mtest56-TD-less-less-PTG3-56        -Ofilename or --LOG-FILE=filename        FAILED[0m
Test Result      =  1
Expected Result  =  0
----------------------------------------------------------------------------
spawn ssh localhost
ssh: connect to host localhost port 22: Connection refused
send: spawn id exp4 not open
    while executing
"send "$LESS $OPTION $FILENAME\n""
    (file "expect_scripts/less_option_p.exp" line 15)
cat: can't open '/tmp/less-416/tests/logfile': No such file or directory
----------------------------------------------------------------------------
[31mtest57-TD-less-less-PTG3-57        -ppattern or --pattern=pattern        FAILED[0m
Test Result      =  
Expected Result  =  0
----------------------------------------------------------------------------
spawn ssh localhost
ssh: connect to host localhost port 22: Connection refused
send: spawn id exp4 not open
    while executing
"send "$LESS $OPTION $FILENAME\n""
    (file "expect_scripts/less_option_P.exp" line 15)
cat: can't open '/tmp/less-416/tests/logfile': No such file or directory
----------------------------------------------------------------------------
[31mtest58-TD-less-less-PTG3-58        -Pprompt or --prompt=prompt        FAILED[0m
Test Result      =  
Expected Result  =  0
----------------------------------------------------------------------------
spawn ssh localhost
ssh: connect to host localhost port 22: Connection refused
send: spawn id exp4 not open
    while executing
"send "cd $TAGS_DIR\n""
    (file "expect_scripts/less_option_t.exp" line 15)
cat: can't open '/tmp/less-416/tests/logfile': No such file or directory
----------------------------------------------------------------------------
[31mtest59-TD-less-less-PTG3-59        -ttag or --tag=tag        FAILED[0m
Test Result      =  
Expected Result  =  0
----------------------------------------------------------------------------
spawn ssh localhost
ssh: connect to host localhost port 22: Connection refused
send: spawn id exp4 not open
    while executing
"send "cd $TAGS_DIR\n""
    (file "expect_scripts/less_option_T.exp" line 16)
cat: can't open '/tmp/less-416/tests/logfile': No such file or directory
----------------------------------------------------------------------------
[31mtest60-TD-less-less-PTG3-60        -Ttagsfile or --tag-file=tagsfile        FAILED[0m
Test Result      =  
Expected Result  =  0
----------------------------------------------------------------------------
spawn ssh localhost
ssh: connect to host localhost port 22: Connection refused
send: spawn id exp4 not open
    while executing
"send "$LESS $OPTION $FILENAME\n""
    (file "expect_scripts/less_option_z.exp" line 15)
cat: can't open '/tmp/less-416/tests/logfile': No such file or directory
----------------------------------------------------------------------------
[31mtest61-TD-less-less-PTG3-61        -[z]n or --window=n        FAILED[0m
Test Result      =  
Expected Result  =  0
----------------------------------------------------------------------------
spawn ssh localhost
ssh: connect to host localhost port 22: Connection refused
send: spawn id exp4 not open
    while executing
"send "$LESS $OPTION1 $OPTION2 $OPTION3 2>&1 | tee $END_OF_ARG_LOG\n""
    (file "expect_scripts/less_option_double_hyphen.exp" line 18)
grep: /tmp/less-416/tests/end_of_arg.log: No such file or directory
cat: can't open '/tmp/less-416/tests/logfile': No such file or directory
less-test-PTG3.sh: line 434: [: too many arguments
----------------------------------------------------------------------------
[31mtest62-TD-less-less-PTG3-62        --        FAILED[0m
Test Result      =  1
Expected Result  =  0
----------------------------------------------------------------------------
spawn ssh localhost
ssh: connect to host localhost port 22: Connection refused
send: spawn id exp4 not open
    while executing
"send "$LESS $OPTION $FILENAME\n""
    (file "expect_scripts/less_option_plus.exp" line 15)
cat: can't open '/tmp/less-416/tests/logfile': No such file or directory
----------------------------------------------------------------------------
[31mtest63-TD-less-less-PTG3-63        +        FAILED[0m
Test Result      =  1
Expected Result  =  0
----------------------------------------------------------------------------

#---------------------------------------------#
#               Test Execution Completed            #
#---------------------------------------------#
#---------------TEST RESULT-------------#
Total Number Of Tests Executed : 62
 Out Of 62, 62 Tests Failed 
make: warning:  Clock skew detected.  Your build may be incomplete.
COMMANDDONE
-bash-3.2# sending 10.0.6.38:/usr/local/arm-sony-linux-gnueabi/target/armv7a/tmp/less-416/objdir/less-test.log to 10.0.6.38:/home/rpmuser/rpm/tmp....done
