targetName=a9
arch=arm
runHost=10.0.6.38
runHostPrompt=*$* 
target=10.0.6.39
targetRoot=/usr/local/arm-sony-linux-gnueabi/target/armv7a
rpmDir=/home/rpmuser/rpm
testSoucreDir=/home/rpmuser//MAIN/dist/pkg
rpmBuild=/home/rpmuser/MAIN/dist/pkg/sony-rpmbuild
rpmBuildPatch=/home/rpmuser///MAIN/dist/pkg/sony-rpmbuild -p
hddDev=sda
device=sda1
cmplrs=/home/rpmuser/MAIN/cmplrs
triplet=arm-sony-linux-gnueabi
dialect=armv7a
currentHost=10.0.6.38
majorVersion=11
withoutsslibcFlag=yes
targetTop=/usr/local/arm-sony-linux-gnueabi
tempDir=/home/rpmuser/rpm/tmp
setserial : 2.17
spawn -nottyinit rpm -ivh /home/rpmuser/CE-Linux-11.0.0.0-RC1/Tools_Userland/SRPMS/sony-target-dev-setserial-2.17-11000001.src.rpm
rpm: RPM should not be used directly install RPM packages, use Alien instead!
rpm: However assuming you know what you are doing...
   1:sony-target-dev-setseriwarning: group rpmuser does not exist - using root
warning: group rpmuser does not exist - using root
                                            (  2%)warning: group rpmuser does not exist - using root
warning: group rpmuser does not exist - using root
#                                           ( 33%)##                                          ( 33%)###                                         ( 33%)####                                        ( 33%)#####                                       ( 33%)######                                      ( 33%)#######                                     ( 33%)########                                    ( 33%)#########                                   ( 33%)##########                                  ( 33%)###########                                 ( 33%)############                                ( 33%)#############                               ( 33%)##############                              ( 33%)warning: group rpmuser does not exist - using root
###############                             ( 96%)################                            ( 96%)#################                           ( 96%)##################                          ( 96%)###################                         ( 96%)####################                        ( 96%)#####################                       ( 96%)######################                      ( 96%)#######################                     ( 96%)########################                    ( 96%)#########################                   ( 96%)##########################                  ( 96%)###########################                 ( 96%)############################                ( 96%)#############################               ( 96%)##############################              ( 96%)###############################             ( 96%)################################            ( 96%)#################################           ( 96%)##################################          ( 96%)###################################         ( 96%)####################################        ( 96%)#####################################       ( 96%)######################################      ( 96%)#######################################     ( 96%)########################################    ( 96%)#########################################   ( 96%)warning: group rpmuser does not exist - using root
##########################################  (100%)########################################### (100%)########################################### [100%]
spawn -nottyinit /home/rpmuser/MAIN/dist/pkg/sony-rpmbuild arm-sony-linux-gnueabi-armv7a /home/rpmuser/rpm/SPECS/sony-target-dev-setserial.spec
RPM Package building for Sony CE Linux 11.0
Building target platforms: arm-sony-linux
Building for target arm-sony-linux
Executing(%prep): /bin/sh -e /home/rpmuser/rpm/tmp/rpm-tmp.hEpreJ
+ umask 022
+ cd /home/rpmuser/rpm/BUILD
+ cd /home/rpmuser/rpm/BUILD
+ rm -rf setserial-2.17
+ /bin/tar -xf -
+ /bin/gzip -dc /home/rpmuser/rpm/SOURCES/setserial_2.17.orig.tar.gz
+ STATUS=0
+ '[' 0 -ne 0 ']'
+ cd setserial-2.17
+ echo 'Patch #1 (setserial-2.17-automake.diff.gz):'
Patch #1 (setserial-2.17-automake.diff.gz):
+ /usr/bin/patch -s -p1
+ /bin/gzip -dc /home/rpmuser/rpm/SOURCES/setserial-2.17-automake.diff.gz
+ echo 'Patch #3 (setserial-license.patch):'
Patch #3 (setserial-license.patch):
+ /usr/bin/patch -s -p1
+ /bin/cat /home/rpmuser/rpm/SOURCES/setserial-license.patch
+ echo 'Patch #4 (setserial-devfs.diff):'
Patch #4 (setserial-devfs.diff):
+ /usr/bin/patch -s -p1
+ /bin/cat /home/rpmuser/rpm/SOURCES/setserial-devfs.diff
+ exit 0
Executing(%build): /bin/sh -e /home/rpmuser/rpm/tmp/rpm-tmp.gPxCdm
+ umask 022
+ cd /home/rpmuser/rpm/BUILD
+ cd setserial-2.17
+ PATH=/usr/local/arm-sony-linux-gnueabi/host/bin:/usr/local/arm-sony-linux-gnueabi/cross/bin:/usr/local/arm-sony-linux-gnueabi/cross/bin:/usr/local/sbin:/usr/local/bin:/usr/sbin:/usr/bin:/sbin:/bin:/usr/games
+ export PATH
+ CONFIG_SHELL=/bin/sh
+ export CONFIG_SHELL
+ CC='arm-sony-linux-gnueabi-gcc -tarmv7a'
+ export CC
+ AS=arm-sony-linux-gnueabi-as
+ export AS
+ LD=arm-sony-linux-gnueabi-ld
+ export LD
+ AR=arm-sony-linux-gnueabi-ar
+ export AR
+ RANLIB=arm-sony-linux-gnueabi-ranlib
+ export RANLIB
+ CPP='arm-sony-linux-gnueabi-cpp -tarmv7a'
+ export CPP
+ CXX='arm-sony-linux-gnueabi-g++ -tarmv7a'
+ export CXX
+ NM=arm-sony-linux-gnueabi-nm
+ export NM
+ STRIP=true
+ export STRIP
+ OBJCOPY=arm-sony-linux-gnueabi-objcopy
+ export OBJCOPY
+ OBJDUMP=arm-sony-linux-gnueabi-objdump
+ export OBJDUMP
+ CFLAGS=-O2
+ export CFLAGS
+ CXXFLAGS=-O2
+ export CXXFLAGS
+ FFLAGS=-O2
+ export FFLAGS
+ LDFLAGS=
+ export LDFLAGS
+ CROSS_COMPILE_PREFIX=/usr/local/arm-sony-linux-gnueabi/target/armv7a
+ export CROSS_COMPILE_PREFIX
+ PKG_CONFIG_SYSROOT_DIR=/usr/local/arm-sony-linux-gnueabi/target/armv7a
+ export PKG_CONFIG_SYSROOT_DIR
+ PKG_CONFIG_LIBDIR=/usr/local/arm-sony-linux-gnueabi/target/armv7a//tool/usr/lib/pkgconfig
+ export PKG_CONFIG_LIBDIR
+ PKG_CONFIG_PATH=/usr/local/arm-sony-linux-gnueabi/target/armv7a//tool/usr/lib/pkgconfig
+ export PKG_CONFIG_PATH
+ true
+ aclocal
+ automake -a --foreign
configure.in:2: installing `./missing'
Makefile.am: installing `./depcomp'
+ autoconf
+ '[' '!' -f objdir ']'
+ mkdir -p objdir
+ cd objdir
+ ../configure --host=arm-sony-linux-gnueabi --build=x86_64-pc-linux-gnu --prefix=/usr --includedir=/tool//usr/include --disable-nls
configure: WARNING: unrecognized options: --disable-nls
checking for a BSD-compatible install... /usr/bin/install -c
checking whether build environment is sane... yes
checking for arm-sony-linux-gnueabi-strip... true
checking for a thread-safe mkdir -p... /bin/mkdir -p
checking for gawk... no
checking for mawk... mawk
checking whether make sets $(MAKE)... yes
Generating configuration file for setserial version 2.17
Release date is January, 2000
checking for arm-sony-linux-gnueabi-gcc... arm-sony-linux-gnueabi-gcc -tarmv7a
checking for C compiler default output file name... a.out
checking whether the C compiler works... yes
checking whether we are cross compiling... yes
checking for suffix of executables... 
checking for suffix of object files... o
checking whether we are using the GNU C compiler... yes
checking whether arm-sony-linux-gnueabi-gcc -tarmv7a accepts -g... yes
checking for arm-sony-linux-gnueabi-gcc -tarmv7a option to accept ISO C89... none needed
checking for style of include used by make... GNU
checking dependency style of arm-sony-linux-gnueabi-gcc -tarmv7a... gcc3
checking for arm-sony-linux-gnueabi-strip... (cached) true
checking how to run the C preprocessor... arm-sony-linux-gnueabi-cpp -tarmv7a
checking for grep that handles long lines and -e... /bin/grep
checking for egrep... /bin/grep -E
checking for ANSI C header files... yes
checking for sys/types.h... yes
checking for sys/stat.h... yes
checking for stdlib.h... yes
checking for string.h... yes
checking for memory.h... yes
checking for strings.h... yes
checking for inttypes.h... yes
checking for stdint.h... yes
checking for unistd.h... yes
checking asm/ioctls.h usability... yes
checking asm/ioctls.h presence... yes
checking for asm/ioctls.h... yes
checking linux/hayesesp.h usability... no
checking linux/hayesesp.h presence... no
checking for linux/hayesesp.h... no
configure: creating ./config.status
config.status: creating setserial.8
config.status: creating Makefile
config.status: executing depfiles commands
configure: WARNING: unrecognized options: --disable-nls
+ tee -a build.log
+ make all
arm-sony-linux-gnueabi-gcc -tarmv7a -DPACKAGE_NAME=\"\" -DPACKAGE_TARNAME=\"\" -DPACKAGE_VERSION=\"\" -DPACKAGE_STRING=\"\" -DPACKAGE_BUGREPORT=\"\" -DPACKAGE_URL=\"\" -DPACKAGE=\"setserial\" -DVERSION=\"2.17\" -DSTDC_HEADERS=1 -DHAVE_SYS_TYPES_H=1 -DHAVE_SYS_STAT_H=1 -DHAVE_STDLIB_H=1 -DHAVE_STRING_H=1 -DHAVE_MEMORY_H=1 -DHAVE_STRINGS_H=1 -DHAVE_INTTYPES_H=1 -DHAVE_STDINT_H=1 -DHAVE_UNISTD_H=1 -DHAVE_ASM_IOCTLS_H=1 -I. -I..     -O2 -MT setserial.o -MD -MP -MF .deps/setserial.Tpo -c -o setserial.o ../setserial.c
../setserial.c: In function 'get_multiport':
../setserial.c:249:3: warning: incompatible implicit declaration of built-in function 'exit' [enabled by default]
../setserial.c: In function 'set_multiport':
../setserial.c:271:3: warning: incompatible implicit declaration of built-in function 'exit' [enabled by default]
../setserial.c:281:4: warning: incompatible implicit declaration of built-in function 'exit' [enabled by default]
../setserial.c:338:3: warning: incompatible implicit declaration of built-in function 'exit' [enabled by default]
../setserial.c:342:3: warning: incompatible implicit declaration of built-in function 'exit' [enabled by default]
../setserial.c: In function 'set_serial':
../setserial.c:488:4: warning: incompatible implicit declaration of built-in function 'exit' [enabled by default]
../setserial.c:494:3: warning: incompatible implicit declaration of built-in function 'exit' [enabled by default]
../setserial.c:512:4: warning: incompatible implicit declaration of built-in function 'exit' [enabled by default]
../setserial.c:516:4: warning: incompatible implicit declaration of built-in function 'exit' [enabled by default]
../setserial.c:520:4: warning: incompatible implicit declaration of built-in function 'exit' [enabled by default]
../setserial.c:541:5: warning: incompatible implicit declaration of built-in function 'exit' [enabled by default]
../setserial.c:571:5: warning: incompatible implicit declaration of built-in function 'exit' [enabled by default]
../setserial.c:575:5: warning: incompatible implicit declaration of built-in function 'exit' [enabled by default]
../setserial.c:579:5: warning: incompatible implicit declaration of built-in function 'exit' [enabled by default]
../setserial.c:585:5: warning: incompatible implicit declaration of built-in function 'exit' [enabled by default]
../setserial.c:592:5: warning: incompatible implicit declaration of built-in function 'exit' [enabled by default]
../setserial.c:608:4: warning: incompatible implicit declaration of built-in function 'exit' [enabled by default]
../setserial.c:613:3: warning: incompatible implicit declaration of built-in function 'exit' [enabled by default]
../setserial.c: In function 'do_wild_intr':
../setserial.c:628:3: warning: incompatible implicit declaration of built-in function 'exit' [enabled by default]
../setserial.c:632:3: warning: incompatible implicit declaration of built-in function 'exit' [enabled by default]
../setserial.c:636:3: warning: incompatible implicit declaration of built-in function 'exit' [enabled by default]
../setserial.c: In function 'usage':
../setserial.c:714:2: warning: incompatible implicit declaration of built-in function 'exit' [enabled by default]
../setserial.c: In function 'main':
../setserial.c:749:4: warning: incompatible implicit declaration of built-in function 'exit' [enabled by default]
../setserial.c:764:3: warning: incompatible implicit declaration of built-in function 'exit' [enabled by default]
../setserial.c:770:3: warning: incompatible implicit declaration of built-in function 'exit' [enabled by default]
../setserial.c:776:2: warning: incompatible implicit declaration of built-in function 'exit' [enabled by default]
mv -f .deps/setserial.Tpo .deps/setserial.Po
arm-sony-linux-gnueabi-gcc -tarmv7a  -O2   -o setserial setserial.o  
+ exit 0
Executing(%install): /bin/sh -e /home/rpmuser/rpm/tmp/rpm-tmp.DyBlib
+ umask 022
+ cd /home/rpmuser/rpm/BUILD
+ cd setserial-2.17
+ rm -rf /home/rpmuser/rpm/BUILDROOT/sony-target-dev-setserial-2.17-11000001.x86_64
+ PATH=/usr/local/arm-sony-linux-gnueabi/host/bin:/usr/local/arm-sony-linux-gnueabi/cross/bin:/usr/local/arm-sony-linux-gnueabi/cross/bin:/usr/local/sbin:/usr/local/bin:/usr/sbin:/usr/bin:/sbin:/bin:/usr/games
+ export PATH
+ CONFIG_SHELL=/bin/sh
+ export CONFIG_SHELL
+ CC='arm-sony-linux-gnueabi-gcc -tarmv7a'
+ export CC
+ AS=arm-sony-linux-gnueabi-as
+ export AS
+ LD=arm-sony-linux-gnueabi-ld
+ export LD
+ AR=arm-sony-linux-gnueabi-ar
+ export AR
+ RANLIB=arm-sony-linux-gnueabi-ranlib
+ export RANLIB
+ CPP='arm-sony-linux-gnueabi-cpp -tarmv7a'
+ export CPP
+ CXX='arm-sony-linux-gnueabi-g++ -tarmv7a'
+ export CXX
+ NM=arm-sony-linux-gnueabi-nm
+ export NM
+ STRIP=true
+ export STRIP
+ OBJCOPY=arm-sony-linux-gnueabi-objcopy
+ export OBJCOPY
+ OBJDUMP=arm-sony-linux-gnueabi-objdump
+ export OBJDUMP
+ CFLAGS=-O2
+ export CFLAGS
+ CXXFLAGS=-O2
+ export CXXFLAGS
+ FFLAGS=-O2
+ export FFLAGS
+ LDFLAGS=
+ export LDFLAGS
+ CROSS_COMPILE_PREFIX=/usr/local/arm-sony-linux-gnueabi/target/armv7a
+ export CROSS_COMPILE_PREFIX
+ PKG_CONFIG_SYSROOT_DIR=/usr/local/arm-sony-linux-gnueabi/target/armv7a
+ export PKG_CONFIG_SYSROOT_DIR
+ PKG_CONFIG_LIBDIR=/usr/local/arm-sony-linux-gnueabi/target/armv7a//tool/usr/lib/pkgconfig
+ export PKG_CONFIG_LIBDIR
+ PKG_CONFIG_PATH=/usr/local/arm-sony-linux-gnueabi/target/armv7a//tool/usr/lib/pkgconfig
+ export PKG_CONFIG_PATH
+ true
+ mkdir -p /home/rpmuser/rpm/BUILDROOT/sony-target-dev-setserial-2.17-11000001.x86_64/usr/local/arm-sony-linux-gnueabi/target/armv7a/bin
+ mkdir -p /home/rpmuser/rpm/BUILDROOT/sony-target-dev-setserial-2.17-11000001.x86_64/usr/local/arm-sony-linux-gnueabi/target/armv7a/etc/init.d
+ cd objdir
+ tee -a build.log
+ make DESTDIR=/home/rpmuser/rpm/BUILDROOT/sony-target-dev-setserial-2.17-11000001.x86_64/usr/local/arm-sony-linux-gnueabi/target/armv7a install
make[1]: Entering directory `/home/rpmuser/rpm/BUILD/setserial-2.17/objdir'
test -z "/usr/sbin" || /bin/mkdir -p "/home/rpmuser/rpm/BUILDROOT/sony-target-dev-setserial-2.17-11000001.x86_64/usr/local/arm-sony-linux-gnueabi/target/armv7a/usr/sbin"
  /usr/bin/install -c setserial '/home/rpmuser/rpm/BUILDROOT/sony-target-dev-setserial-2.17-11000001.x86_64/usr/local/arm-sony-linux-gnueabi/target/armv7a/usr/sbin'
test -z "/usr/share/man/man8" || /bin/mkdir -p "/home/rpmuser/rpm/BUILDROOT/sony-target-dev-setserial-2.17-11000001.x86_64/usr/local/arm-sony-linux-gnueabi/target/armv7a/usr/share/man/man8"
 /usr/bin/install -c -m 644 setserial.8 '/home/rpmuser/rpm/BUILDROOT/sony-target-dev-setserial-2.17-11000001.x86_64/usr/local/arm-sony-linux-gnueabi/target/armv7a/usr/share/man/man8'
make[1]: Leaving directory `/home/rpmuser/rpm/BUILD/setserial-2.17/objdir'
+ mv /home/rpmuser/rpm/BUILDROOT/sony-target-dev-setserial-2.17-11000001.x86_64/usr/local/arm-sony-linux-gnueabi/target/armv7a/usr/sbin/setserial /home/rpmuser/rpm/BUILDROOT/sony-target-dev-setserial-2.17-11000001.x86_64/usr/local/arm-sony-linux-gnueabi/target/armv7a/bin
+ rm -rf /home/rpmuser/rpm/BUILDROOT/sony-target-dev-setserial-2.17-11000001.x86_64/usr/local/arm-sony-linux-gnueabi/target/armv7a/usr/share/man
Processing files: arm-sony-linux-gnueabi-armv7a-dev-setserial-2.17-11000001.arm
Checking for unpackaged file(s): /usr/lib/rpm/check-files /home/rpmuser/rpm/BUILDROOT/sony-target-dev-setserial-2.17-11000001.x86_64
Wrote: /home/rpmuser/rpm/SRPMS/sony-target-dev-setserial-2.17-11000001.src.rpm
Wrote: /home/rpmuser/rpm/RPMS/arm/arm-sony-linux-gnueabi-armv7a-dev-setserial-2.17-11000001.arm.rpm
Executing(%clean): /bin/sh -e /home/rpmuser/rpm/tmp/rpm-tmp.N8qeaF
+ umask 022
+ cd /home/rpmuser/rpm/BUILD
+ cd setserial-2.17
+ rm -rf /home/rpmuser/rpm/BUILDROOT/sony-target-dev-setserial-2.17-11000001.x86_64
+ exit 0
spawn -nottyinit sudo rm -rf /usr/local/arm-sony-linux-gnueabi/target/armv7a/tmp/setserial-2.17
sending 10.0.6.38:/home/rpmuser/rpm/BUILD/setserial-2.17 to 10.0.6.38:/usr/local/arm-sony-linux-gnueabi/target/armv7a/tmp.........................................................................................done
sending 10.0.6.38:/home/rpmuser//MAIN/dist/pkg/setserial/test/setserial-testsuite.patch to 10.0.6.38:/usr/local/arm-sony-linux-gnueabi/target/armv7a/tmp..done
spawn ssh 10.0.6.38
Welcome to Ubuntu 12.04.4 LTS (GNU/Linux 3.8.0-35-generic x86_64)

 * Documentation:  https://help.ubuntu.com/

0 packages can be updated.
0 updates are security updates.

Last login: Thu Feb 13 19:15:57 2014 from kzm-a9.mydomain
]0;rpmuser@Triangle: ~rpmuser@Triangle:~$ telnet 10.0.6.39
Trying 10.0.6.39...
Connected to 10.0.6.39.
Escape character is '^]'.

10.0.6.39 login: root
Sony CE Linux 11.0.0.0 armv7a
-bash-3.2# cd /tmp/setserial-2.17 || echo 'COMMAND''ERROR'
-bash-3.2# patch -p1 < ../setserial-testsuite.patch || echo 'COMMAND''ERROR'
patching file objdir/Makefile
Hunk #1 succeeded at 544 (offset 79 lines).
patching file tests/minirc.spd_cust
patching file tests/minirc.spd_hi
patching file tests/minirc.spd_normal
patching file tests/minirc.spd_vhi
patching file tests/setserial-test-main.sh
patching file tests/setserial-test-PTG1.sh
patching file tests/setserial-test-PTG3.sh
patching file tests/set_up.sh
patching file tests/spd_parameter_test.exp
patching file tests/Test-Support-Fns
patching file tests/write_to_serial.sh
-bash-3.2# cd /tmp/setserial-2.17/objdir
-bash-3.2# make check DIALECT=armv7a ; echo 'COMMAND''DONE'
cd ../tests; sh setserial-test-main.sh armv7a; cd ../
#--------------------------------------------------#
#               Executing setserial Test Suite           #
#--------------------------------------------------#
mkdir: can't create directory '/devel/usr/etc': No such file or directory

=================================================================================================================================================
                 SETSERIAL Test Cases                      
         Board Architecture : armv7l                     
         Kernel             : Linux 10.0.6.39 3.4.60_nl-kzm-a9-00073-ge5c404a #1 SMP Thu Feb 13 13:07:04 IST 2014 armv7l GNU/Linux                      
         Userland           : Sony CE Linux 11.0.0.0 armv7a                    
         Date               : Fri Feb 14 10:30:47 UTC 2014                        
=================================================================================================================================================
Executing the test script setserial-test-PTG1
/dev/ttyS0, UART: 16550A, Port: 0x0000, IRQ: 40
test1-TD-setserial-setserial-PTG1-1        Basic functionality        PASSED

Executing the test script setserial-test-PTG2
chmod: setserial-test-PTG2.sh: No such file or directory
sh: setserial-test-PTG2.sh: No such file or directory

Executing the test script setserial-test-PTG3
/dev/ttyS0, Line 0, UART: 16550A, Port: 0x0000, IRQ: 40
/dev/ttyS0, Line 0, UART: 16550A, Port: 0x0000, IRQ: 40
/dev/ttyS0, Line 0, UART: 16550A, Port: 0x0000, IRQ: 40
        Baud_base: 2389333, close_delay: 50, divisor: 0
        Baud_base: 2389333, close_delay: 50, divisor: 0
        Baud_base: 2389333, close_delay: 50, divisor: 0
        closing_wait: 3000
        Flags: spd_normal
test2-TD-setserial-setserial-PTG3-2        Option: -a        PASSED
/dev/ttyS0 at 0x0000 (irq = 40) is a 16550A
test3-TD-setserial-setserial-PTG3-3        Option: -b        PASSED
/dev/ttyS0 uart 16550A port 0x0000 irq 40 baud_base 2389333 spd_normal
test4-TD-setserial-setserial-PTG3-4        Option: -G        PASSED
/dev/ttyS0, UART: 16550A, Port: 0x0000, IRQ: 40
test5-TD-setserial-setserial-PTG3-5        Option: -q        PASSED
/dev/ttyS0, UART: 16550A, Port: 0x0000, IRQ: 40
test6-TD-setserial-setserial-PTG3-6        Option: -v        PASSED
setserial version 2.17, 27-Jan-2000
setserial version 2.17, 27-Jan-2000
test7-TD-setserial-setserial-PTG3-7        Option: -V        PASSED
/dev/ttyS0, Line 0, UART: 16550A, Port: 0x0000, IRQ: 40
        Baud_base: 2389333, close_delay: 50, divisor: 0
        closing_wait: 3000
        Flags: spd_normal skip_test

        Flags: spd_normal skip_test
test8-TD-setserial-setserial-PTG3-8        Parameter: skip_test        PASSED
/dev/ttyS0, Line 0, UART: 16550A, Port: 0x0000, IRQ: 40
        Baud_base: 2389333, close_delay: 50, divisor: 0
        closing_wait: 3000
        Flags: spd_normal

test9-TD-setserial-setserial-PTG3-9        Parameter: ^skip_test        PASSED
/dev/ttyS0, Line 0, UART: 16550A, Port: 0x0000, IRQ: 40
        Baud_base: 2389333, close_delay: 50, divisor: 0
        closing_wait: 3000
        Flags: spd_normal

----------------------------------------------------------------------------
[31mtest10-TD-setserial-setserial-PTG3-10        Parameter: baud_base baud_base        FAILED[0m
Test Result      =  1
Expected Result  =  0
----------------------------------------------------------------------------
spawn ssh root@10.0.6.38
The authenticity of host '10.0.6.38 (10.0.6.38)' can't be established.
RSA key fingerprint is a1:1e:81:f0:ba:3a:4d:fd:0e:08:07:8e:db:7d:f7:df.
Are you sure you want to continue connecting (yes/no)? rm -rf /etc/minirc.spd_vhi
Please type 'yes' or 'no': cp /usr/local/arm-sony-linux-gnueabi/target/armv7a//tmp/setserial-2.17/tests/minirc.spd_vhi /etc/
Please type 'yes' or 'no': minicom -C /usr/local/arm-sony-linux-gnueabi/target/armv7a//tmp/setserial-2.17/tests/minicom_capture/spd_vhi_log spd_vhi
Please type 'yes' or 'no': ESC^Ax
Please type 'yes' or 'no': grep: /tmp/setserial-2.17/tests/minicom_capture/spd_vhi_log: No such file or directory
----------------------------------------------------------------------------
[31mtest11-TD-setserial-setserial-PTG3-11        Parameter: spd_vhi        FAILED[0m
Test Result      =  2
Expected Result  =  0
----------------------------------------------------------------------------
setserial-test-PTG3.sh: line 266: /tmp/setserial-2.17/tests/../objdir/setserial: No such file or directory
setserial-test-PTG3.sh: line 267: /tmp/setserial-2.17/tests/../objdir/setserial: No such file or directory
[31mERROR : spd_vhi (Error during restoring the original values)[0m
setserial-test-PTG3.sh: line 415: /tmp/setserial-2.17/tests/../objdir/setserial: No such file or directory
setserial-test-PTG3.sh: line 418: /tmp/setserial-2.17/tests/../objdir/setserial: No such file or directory
setserial-test-PTG3.sh: line 420: [: -eq: unary operator expected
----------------------------------------------------------------------------
[31mtest12-TD-setserial-setserial-PTG3-12        Parameter: divisor divisor        FAILED[0m
Test Result      =  1
Expected Result  =  0
----------------------------------------------------------------------------
setserial-test-PTG3.sh: line 428: /tmp/setserial-2.17/tests/../objdir/setserial: No such file or directory
setserial-test-PTG3.sh: line 429: /tmp/setserial-2.17/tests/../objdir/setserial: No such file or directory
[31mERROR : divisor divisor (Error during restoring the original values)[0m
setserial-test-PTG3.sh: line 447: /tmp/setserial-2.17/tests/../objdir/setserial: No such file or directory
setserial-test-PTG3.sh: line 450: /tmp/setserial-2.17/tests/../objdir/setserial: No such file or directory
setserial-test-PTG3.sh: line 452: [: -eq: unary operator expected
----------------------------------------------------------------------------
[31mtest13-TD-setserial-setserial-PTG3-13        Parameter: close_delay delay        FAILED[0m
Test Result      =  1
Expected Result  =  0
----------------------------------------------------------------------------
setserial-test-PTG3.sh: line 460: /tmp/setserial-2.17/tests/../objdir/setserial: No such file or directory
setserial-test-PTG3.sh: line 461: /tmp/setserial-2.17/tests/../objdir/setserial: No such file or directory
[31mERROR : close_delay delay (Error during restoring the original values)[0m
setserial-test-PTG3.sh: line 479: /tmp/setserial-2.17/tests/../objdir/setserial: No such file or directory
setserial-test-PTG3.sh: line 482: /tmp/setserial-2.17/tests/../objdir/setserial: No such file or directory
setserial-test-PTG3.sh: line 484: [: -eq: unary operator expected
----------------------------------------------------------------------------
[31mtest14-TD-setserial-setserial-PTG3-14        Parameter: closing_wait delay        FAILED[0m
Test Result      =  1
Expected Result  =  0
----------------------------------------------------------------------------
setserial-test-PTG3.sh: line 492: /tmp/setserial-2.17/tests/../objdir/setserial: No such file or directory
setserial-test-PTG3.sh: line 493: /tmp/setserial-2.17/tests/../objdir/setserial: No such file or directory
[31mERROR : closing_wait delay (Error during restoring the original values)[0m

#---------------------------------------------#
#               Test Execution Completed            #
#---------------------------------------------#
#---------------TEST RESULT-------------#
Total Number Of Tests Executed : 14
 Out Of 14 Tests:
 5 Tests Failed
 0 Tests are Unsupported
/bin/sh: line 0: cd: ../: No such file or directory
make: *** [check] Error 1
COMMANDDONE
-bash-3.2# sending 10.0.6.38:/usr/local/arm-sony-linux-gnueabi/target/armv7a/tmp/setserial-2.17/tests/setserial.log to 10.0.6.38:/home/rpmuser/rpm/tmp.....