targetName=a9
arch=arm
runHost=10.0.6.38
runHostPrompt=*$* 
target=10.0.6.39
targetRoot=/usr/local/arm-sony-linux-gnueabi/target/armv7a
rpmDir=/home/rpmuser/rpm
testSoucreDir=/home/rpmuser//MAIN/dist/pkg
rpmBuild=/home/rpmuser/MAIN/dist/pkg/sony-rpmbuild
rpmBuildPatch=/home/rpmuser///MAIN/dist/pkg/sony-rpmbuild -p
hddDev=sda
device=sda1
cmplrs=/home/rpmuser/MAIN/cmplrs
triplet=arm-sony-linux-gnueabi
dialect=armv7a
currentHost=10.0.6.38
majorVersion=11
withoutsslibcFlag=yes
targetTop=/usr/local/arm-sony-linux-gnueabi
tempDir=/home/rpmuser/rpm/tmp
flex : 2.5.35
spawn -nottyinit rpm -ivh /home/rpmuser/CE-Linux-11.0.0.0-RC1/Tools_Userland/SRPMS/optional/sony-target-dev-flex-2.5.35-11000001.src.rpm
rpm: RPM should not be used directly install RPM packages, use Alien instead!
rpm: However assuming you know what you are doing...
   1:sony-target-dev-flex   warning: group rpmuser does not exist - using root
                                            (  4%)#                                           (  4%)##                                          (  9%)###                                         (  9%)####                                        ( 13%)#####                                       ( 13%)######                                      ( 18%)#######                                     ( 18%)########                                    ( 22%)#########                                   ( 22%)##########                                  ( 27%)###########                                 ( 27%)############                                ( 31%)#############                               ( 31%)##############                              ( 36%)###############                             ( 36%)################                            ( 40%)#################                           ( 40%)##################                          ( 45%)###################                         ( 45%)####################                        ( 49%)#####################                       ( 49%)######################                      ( 54%)#######################                     ( 54%)########################                    ( 58%)#########################                   ( 58%)##########################                  ( 63%)###########################                 ( 63%)############################                ( 67%)#############################               ( 67%)##############################              ( 72%)###############################             ( 72%)################################            ( 76%)#################################           ( 76%)##################################          ( 81%)###################################         ( 81%)####################################        ( 85%)#####################################       ( 90%)######################################      ( 90%)#######################################     ( 94%)########################################    ( 94%)#########################################   ( 99%)##########################################  ( 99%)########################################### (100%)########################################### [100%]
warning: group rpmuser does not exist - using root
spawn -nottyinit /home/rpmuser/MAIN/dist/pkg/sony-rpmbuild arm-sony-linux-gnueabi-armv7a /home/rpmuser/rpm/SPECS/sony-target-dev-flex.spec
RPM Package building for Sony CE Linux 11.0
Building target platforms: arm-sony-linux
Building for target arm-sony-linux
Executing(%prep): /bin/sh -e /home/rpmuser/rpm/tmp/rpm-tmp.MtIbFQ
+ umask 022
+ cd /home/rpmuser/rpm/BUILD
+ cd /home/rpmuser/rpm/BUILD
+ rm -rf flex-2.5.35
+ /bin/gzip -dc /home/rpmuser/rpm/SOURCES/flex-2.5.35.tar.gz
+ /bin/tar -xvvf -
drwxrwxrwx 1000/1000         0 2008-02-27 03:05 flex-2.5.35/
drwxrwxrwx 1000/1000         0 2008-02-27 03:05 flex-2.5.35/m4/
-rw-rw-r-- 1000/1000     16721 2008-02-27 03:03 flex-2.5.35/m4/gettext.m4
-rw-rw-r-- 1000/1000      3499 2008-02-27 03:03 flex-2.5.35/m4/iconv.m4
-rw-rw-r-- 1000/1000      3569 2008-02-27 03:03 flex-2.5.35/m4/lib-ld.m4
-rw-rw-r-- 1000/1000     23267 2008-02-27 03:03 flex-2.5.35/m4/lib-link.m4
-rw-rw-r-- 1000/1000      5445 2008-02-27 03:03 flex-2.5.35/m4/lib-prefix.m4
-rw-rw-r-- 1000/1000      1861 2008-02-27 03:03 flex-2.5.35/m4/nls.m4
-rw-rw-r-- 1000/1000      9040 2008-02-27 03:03 flex-2.5.35/m4/po.m4
-rw-rw-r-- 1000/1000      2972 2008-02-27 03:03 flex-2.5.35/m4/progtest.m4
-rw-rw-r-- 1000/1000       233 2006-02-21 07:24 flex-2.5.35/m4/Makefile.am
-rw-rw-r-- 1000/1000      8915 2008-02-27 03:04 flex-2.5.35/m4/Makefile.in
-rw-rw-r-- 1000/1000       894 2008-02-27 03:03 flex-2.5.35/m4/codeset.m4
-rw-rw-r-- 1000/1000       983 2008-02-27 03:03 flex-2.5.35/m4/glibc21.m4
-rw-rw-r-- 1000/1000      1909 2008-02-27 03:03 flex-2.5.35/m4/intdiv0.m4
-rw-rw-r-- 1000/1000      1175 2008-02-27 03:03 flex-2.5.35/m4/inttypes-pri.m4
-rw-rw-r-- 1000/1000       975 2008-02-27 03:03 flex-2.5.35/m4/inttypes.m4
-rw-rw-r-- 1000/1000      1091 2008-02-27 03:03 flex-2.5.35/m4/inttypes_h.m4
-rw-rw-r-- 1000/1000      1115 2008-02-27 03:03 flex-2.5.35/m4/isc-posix.m4
-rw-rw-r-- 1000/1000      1422 2008-02-27 03:03 flex-2.5.35/m4/lcmessage.m4
-rw-rw-r-- 1000/1000      1067 2008-02-27 03:03 flex-2.5.35/m4/stdint_h.m4
-rw-rw-r-- 1000/1000      1256 2008-02-27 03:03 flex-2.5.35/m4/uintmax_t.m4
-rw-rw-r-- 1000/1000      1024 2008-02-27 03:03 flex-2.5.35/m4/ulonglong.m4
drwxrwxrwx 1000/1000         0 2008-02-27 03:05 flex-2.5.35/po/
-rw-rw-r-- 1000/1000     12065 2008-02-27 03:03 flex-2.5.35/po/Makefile.in.in
-rw-rw-r-- 1000/1000       432 2008-02-27 03:03 flex-2.5.35/po/remove-potcdate.sin
-rw-rw-r-- 1000/1000       153 2008-02-27 03:03 flex-2.5.35/po/quot.sed
-rw-rw-r-- 1000/1000       217 2008-02-27 03:03 flex-2.5.35/po/boldquot.sed
-rw-rw-r-- 1000/1000      1203 2008-02-27 03:03 flex-2.5.35/po/en@quot.header
-rw-rw-r-- 1000/1000      1337 2008-02-27 03:03 flex-2.5.35/po/en@boldquot.header
-rw-rw-r-- 1000/1000       672 2008-02-27 03:03 flex-2.5.35/po/insert-header.sin
-rw-rw-r-- 1000/1000      1689 2008-02-27 03:03 flex-2.5.35/po/Rules-quot
-rw-rw-r-- 1000/1000      1809 2007-02-14 22:33 flex-2.5.35/po/Makevars
-rw-rw-r-- 1000/1000       137 2002-03-30 04:02 flex-2.5.35/po/POTFILES.in
-rw-rw-r-- 1000/1000     15498 2008-02-27 03:04 flex-2.5.35/po/flex.pot
-rw-rw-r-- 1000/1000        10 2008-02-27 03:04 flex-2.5.35/po/stamp-po
-rw-rw-r-- 1000/1000     32256 2008-02-27 03:04 flex-2.5.35/po/ca.po
-rw-rw-r-- 1000/1000     28509 2008-02-27 03:04 flex-2.5.35/po/da.po
-rw-rw-r-- 1000/1000     26168 2008-02-27 03:05 flex-2.5.35/po/de.po
-rw-rw-r-- 1000/1000     40024 2008-02-27 03:04 flex-2.5.35/po/es.po
-rw-rw-r-- 1000/1000     31378 2008-02-27 03:04 flex-2.5.35/po/fr.po
-rw-rw-r-- 1000/1000     25154 2008-02-27 03:04 flex-2.5.35/po/ga.po
-rw-rw-r-- 1000/1000     24960 2008-02-27 03:04 flex-2.5.35/po/ko.po
-rw-rw-r-- 1000/1000     24904 2008-02-27 03:05 flex-2.5.35/po/nl.po
-rw-rw-r-- 1000/1000     24869 2008-02-27 03:05 flex-2.5.35/po/pl.po
-rw-rw-r-- 1000/1000     22105 2008-02-27 03:04 flex-2.5.35/po/pt_BR.po
-rw-rw-r-- 1000/1000     25422 2008-02-27 03:04 flex-2.5.35/po/ro.po
-rw-rw-r-- 1000/1000     24626 2008-02-27 03:04 flex-2.5.35/po/ru.po
-rw-rw-r-- 1000/1000     30168 2008-02-27 03:04 flex-2.5.35/po/sv.po
-rw-rw-r-- 1000/1000     25281 2008-02-27 03:04 flex-2.5.35/po/tr.po
-rw-rw-r-- 1000/1000     27985 2008-02-27 03:05 flex-2.5.35/po/vi.po
-rw-rw-r-- 1000/1000     16874 2008-02-27 03:04 flex-2.5.35/po/zh_CN.po
-rw-rw-r-- 1000/1000     21437 2008-02-27 03:04 flex-2.5.35/po/ca.gmo
-rw-rw-r-- 1000/1000     10860 2008-02-27 03:04 flex-2.5.35/po/da.gmo
-rw-rw-r-- 1000/1000     21580 2008-02-27 03:05 flex-2.5.35/po/de.gmo
-rw-rw-r-- 1000/1000     12824 2008-02-27 03:04 flex-2.5.35/po/es.gmo
-rw-rw-r-- 1000/1000     21148 2008-02-27 03:04 flex-2.5.35/po/fr.gmo
-rw-rw-r-- 1000/1000     20482 2008-02-27 03:04 flex-2.5.35/po/ga.gmo
-rw-rw-r-- 1000/1000     10345 2008-02-27 03:04 flex-2.5.35/po/ko.gmo
-rw-rw-r-- 1000/1000     20815 2008-02-27 03:05 flex-2.5.35/po/nl.gmo
-rw-rw-r-- 1000/1000     20797 2008-02-27 03:05 flex-2.5.35/po/pl.gmo
-rw-rw-r-- 1000/1000     14604 2008-02-27 03:04 flex-2.5.35/po/pt_BR.gmo
-rw-rw-r-- 1000/1000     20675 2008-02-27 03:04 flex-2.5.35/po/ro.gmo
-rw-rw-r-- 1000/1000     12396 2008-02-27 03:04 flex-2.5.35/po/ru.gmo
-rw-rw-r-- 1000/1000     20266 2008-02-27 03:04 flex-2.5.35/po/sv.gmo
-rw-rw-r-- 1000/1000     20703 2008-02-27 03:04 flex-2.5.35/po/tr.gmo
-rw-rw-r-- 1000/1000     23776 2008-02-27 03:05 flex-2.5.35/po/vi.gmo
-rw-rw-r-- 1000/1000      3967 2008-02-27 03:04 flex-2.5.35/po/zh_CN.gmo
-rw-rw-r-- 1000/1000        54 2005-04-07 18:19 flex-2.5.35/po/LINGUAS
-rw-rw-r-- 1000/1000      2674 2007-03-08 02:15 flex-2.5.35/README
-rw-rw-r-- 1000/1000      5024 2008-02-09 21:16 flex-2.5.35/configure.in
-rw-rw-r-- 1000/1000     31948 2008-02-27 03:04 flex-2.5.35/aclocal.m4
-rw-rw-r-- 1000/1000      6217 2007-04-13 22:54 flex-2.5.35/FlexLexer.h
-rw-rw-r-- 1000/1000     43226 2007-09-10 11:46 flex-2.5.35/flexdef.h
-rw-rw-r-- 1000/1000      1494 2006-03-21 07:47 flex-2.5.35/flexint.h
-rw-rw-r-- 1000/1000        29 2001-08-02 01:11 flex-2.5.35/version.h
-rw-rw-r-- 1000/1000      3235 2003-03-25 22:09 flex-2.5.35/options.h
-rw-rw-r-- 1000/1000      4317 2002-08-27 23:37 flex-2.5.35/scanopt.h
-rw-rw-r-- 1000/1000      2914 2002-11-27 20:13 flex-2.5.35/tables.h
-rw-rw-r-- 1000/1000      5120 2003-01-12 09:00 flex-2.5.35/tables_shared.h
-rw-rw-r-- 1000/1000      5122 2007-04-14 17:55 flex-2.5.35/Makefile.am
-rw-rw-r-- 1000/1000     38304 2008-02-27 03:04 flex-2.5.35/Makefile.in
-rw-rw-r-- 1000/1000      5269 2008-02-27 03:04 flex-2.5.35/conf.in
-rwxrwxr-x 1000/1000    342858 2008-02-27 03:04 flex-2.5.35/configure
-rw-rw-r-- 1000/1000     38475 2008-02-27 03:03 flex-2.5.35/ABOUT-NLS
-rw-rw-r-- 1000/1000       624 2007-04-04 00:24 flex-2.5.35/AUTHORS
-rw-rw-r-- 1000/1000      1855 2007-04-04 00:37 flex-2.5.35/COPYING
-rw-rw-r-- 1000/1000    219082 2008-02-27 03:05 flex-2.5.35/ChangeLog
-rw-r--r-- 1000/1000      9498 2008-02-27 03:04 flex-2.5.35/INSTALL
-rw-rw-r-- 1000/1000     14621 2008-02-27 03:03 flex-2.5.35/NEWS
-rw-rw-r-- 1000/1000        90 2002-11-27 19:22 flex-2.5.35/README-alpha
-rw-rw-r-- 1000/1000      3143 2001-07-26 01:55 flex-2.5.35/THANKS
-rw-rw-r-- 1000/1000      2435 2003-04-26 01:15 flex-2.5.35/TODO
-rwxr-xr-x 1000/1000      3707 2008-02-27 03:04 flex-2.5.35/compile
-rwxr-xr-x 1000/1000     43499 2008-02-27 03:04 flex-2.5.35/config.guess
-rwxrwxr-x 1000/1000     14991 2008-02-27 03:03 flex-2.5.35/config.rpath
-rwxr-xr-x 1000/1000     31743 2008-02-27 03:04 flex-2.5.35/config.sub
-rwxr-xr-x 1000/1000     15936 2008-02-27 03:04 flex-2.5.35/depcomp
-rwxr-xr-x 1000/1000      9233 2008-02-27 03:04 flex-2.5.35/install-sh
-rwxr-xr-x 1000/1000     11014 2008-02-27 03:04 flex-2.5.35/missing
-rwxrwxr-x 1000/1000      1988 2008-02-27 03:03 flex-2.5.35/mkinstalldirs
-rw-rw-r-- 1000/1000     74196 2008-02-27 03:04 flex-2.5.35/parse.c
-rw-rw-r-- 1000/1000      3724 2008-02-27 03:04 flex-2.5.35/parse.h
-rw-rw-r-- 1000/1000    166925 2008-02-27 03:04 flex-2.5.35/scan.c
-rw-rw-r-- 1000/1000      1198 2002-08-27 23:37 flex-2.5.35/libmain.c
-rw-rw-r-- 1000/1000      1110 2006-02-14 09:02 flex-2.5.35/libyywrap.c
-rw-rw-r-- 1000/1000      7524 2006-03-29 02:17 flex-2.5.35/ccl.c
-rw-rw-r-- 1000/1000     27345 2006-03-28 02:29 flex-2.5.35/dfa.c
-rw-rw-r-- 1000/1000      5653 2002-08-27 23:37 flex-2.5.35/ecs.c
-rw-rw-r-- 1000/1000      2175 2006-03-28 02:29 flex-2.5.35/scanflags.c
-rw-rw-r-- 1000/1000     55734 2007-05-31 11:51 flex-2.5.35/gen.c
-rw-rw-r-- 1000/1000     50215 2007-09-10 11:46 flex-2.5.35/main.c
-rw-rw-r-- 1000/1000     22742 2006-03-22 18:19 flex-2.5.35/misc.c
-rw-rw-r-- 1000/1000     17892 2006-03-22 18:19 flex-2.5.35/nfa.c
-rw-rw-r-- 1000/1000     23737 2008-02-15 18:07 flex-2.5.35/parse.y
-rw-rw-r-- 1000/1000     26270 2007-09-10 11:46 flex-2.5.35/scan.l
-rw-rw-r-- 1000/1000    118419 2008-02-27 03:04 flex-2.5.35/skel.c
-rw-rw-r-- 1000/1000      6775 2006-03-29 02:17 flex-2.5.35/sym.c
-rw-rw-r-- 1000/1000     23423 2002-08-27 23:37 flex-2.5.35/tblcmp.c
-rw-rw-r-- 1000/1000      4078 2002-08-27 23:37 flex-2.5.35/yylex.c
-rw-rw-r-- 1000/1000      7693 2003-03-25 22:09 flex-2.5.35/options.c
-rw-rw-r-- 1000/1000     20340 2007-05-12 18:41 flex-2.5.35/scanopt.c
-rw-rw-r-- 1000/1000      6983 2006-03-22 18:19 flex-2.5.35/buf.c
drwxrwxrwx 1000/1000         0 2008-02-27 03:05 flex-2.5.35/doc/
-rw-rw-r-- 1000/1000      3742 2008-02-27 03:04 flex-2.5.35/doc/flex.1
-rw-rw-r-- 1000/1000       351 2007-02-13 23:24 flex-2.5.35/doc/Makefile.am
-rw-rw-r-- 1000/1000     17309 2008-02-27 03:04 flex-2.5.35/doc/Makefile.in
-rw-rw-r-- 1000/1000       105 2008-02-27 03:04 flex-2.5.35/doc/stamp-vti
-rw-rw-r-- 1000/1000       105 2008-02-27 03:04 flex-2.5.35/doc/version.texi
-rwxr-xr-x 1000/1000      5483 2008-02-27 03:04 flex-2.5.35/doc/mdate-sh
-rw-r--r-- 1000/1000    230259 2008-02-27 03:04 flex-2.5.35/doc/texinfo.tex
-rw-rw-r-- 1000/1000    292977 2007-09-10 11:46 flex-2.5.35/doc/flex.texi
-rw-rw-r-- 1000/1000    697753 2008-02-27 03:05 flex-2.5.35/doc/flex.pdf
-rw-rw-r-- 1000/1000     10408 2008-02-27 03:04 flex-2.5.35/doc/flex.info
-rw-rw-r-- 1000/1000    287921 2008-02-27 03:04 flex-2.5.35/doc/flex.info-1
-rw-rw-r-- 1000/1000     52175 2008-02-27 03:04 flex-2.5.35/doc/flex.info-2
-rw-rw-r-- 1000/1000     13236 2006-04-11 22:24 flex-2.5.35/tables.c
-rw-rw-r-- 1000/1000      2208 2002-11-27 20:13 flex-2.5.35/tables_shared.c
-rw-rw-r-- 1000/1000     11228 2007-03-08 03:20 flex-2.5.35/filter.c
-rw-rw-r-- 1000/1000      4596 2006-03-22 18:19 flex-2.5.35/regex.c
-rw-rw-r-- 1000/1000       430 2004-05-12 06:14 flex-2.5.35/.indent.pro
-rw-rw-r-- 1000/1000     46318 2001-05-19 01:31 flex-2.5.35/ONEWS
-rw-rw-r-- 1000/1000      1944 2007-03-08 02:50 flex-2.5.35/README.cvs
-rwxrwxr-x 1000/1000      1264 2007-05-12 02:22 flex-2.5.35/autogen.sh
-rw-rw-r-- 1000/1000     88339 2008-02-10 00:24 flex-2.5.35/flex.skl
-rwxrwxr-x 1000/1000      1131 2002-08-20 02:45 flex-2.5.35/mkskel.sh
-rw-rw-r-- 1000/1000      2620 2002-03-13 00:51 flex-2.5.35/gettext.h
drwxrwxrwx 1000/1000         0 2008-02-27 03:05 flex-2.5.35/examples/
-rw-rw-r-- 1000/1000       656 2001-05-02 02:17 flex-2.5.35/examples/README
-rw-rw-r-- 1000/1000      1012 2002-03-05 20:19 flex-2.5.35/examples/Makefile.am
-rw-rw-r-- 1000/1000     15141 2008-02-27 03:04 flex-2.5.35/examples/Makefile.in
-rw-rw-r-- 1000/1000       872 2001-09-20 00:49 flex-2.5.35/examples/testxxLexer.l
-rw-rw-r-- 1000/1000      2800 2001-05-02 02:17 flex-2.5.35/examples/debflex.awk
drwxrwxrwx 1000/1000         0 2008-02-27 03:05 flex-2.5.35/examples/manual/
-rw-rw-r-- 1000/1000       349 2002-03-05 20:17 flex-2.5.35/examples/manual/README
-rw-rw-r-- 1000/1000      1420 2002-03-05 20:17 flex-2.5.35/examples/manual/Makefile.am
-rw-rw-r-- 1000/1000     10165 2008-02-27 03:04 flex-2.5.35/examples/manual/Makefile.in
-rw-rw-r-- 1000/1000       709 2001-05-02 02:17 flex-2.5.35/examples/manual/ChangeLog
-rw-rw-r-- 1000/1000      1902 2002-03-05 20:17 flex-2.5.35/examples/manual/Makefile.examples
-rw-rw-r-- 1000/1000       849 2001-05-02 02:17 flex-2.5.35/examples/manual/cat.lex
-rw-rw-r-- 1000/1000      2870 2001-05-02 02:17 flex-2.5.35/examples/manual/dates.lex
-rw-rw-r-- 1000/1000       343 2001-05-02 02:17 flex-2.5.35/examples/manual/datetest.dat
-rw-rw-r-- 1000/1000      1333 2001-05-02 02:17 flex-2.5.35/examples/manual/eof_rules.lex
-rw-rw-r-- 1000/1000       367 2001-05-02 02:17 flex-2.5.35/examples/manual/eof_test01.txt
-rw-rw-r-- 1000/1000       104 2001-05-02 02:17 flex-2.5.35/examples/manual/eof_test02.txt
-rw-rw-r-- 1000/1000        87 2001-05-02 02:17 flex-2.5.35/examples/manual/eof_test03.txt
-rw-rw-r-- 1000/1000       619 2001-05-02 02:17 flex-2.5.35/examples/manual/expr.lex
-rw-rw-r-- 1000/1000       988 2001-05-02 02:17 flex-2.5.35/examples/manual/expr.y
-rw-rw-r-- 1000/1000      1244 2001-05-02 02:17 flex-2.5.35/examples/manual/front.lex
-rw-rw-r-- 1000/1000      2645 2001-05-02 02:17 flex-2.5.35/examples/manual/front.y
-rw-rw-r-- 1000/1000     12350 2001-05-02 02:17 flex-2.5.35/examples/manual/j2t.lex
-rw-rw-r-- 1000/1000       287 2001-05-02 02:17 flex-2.5.35/examples/manual/myname.lex
-rw-rw-r-- 1000/1000       170 2001-05-02 02:17 flex-2.5.35/examples/manual/myname.txt
-rw-rw-r-- 1000/1000       443 2001-05-02 02:17 flex-2.5.35/examples/manual/myname2.lex
-rw-rw-r-- 1000/1000      5082 2001-05-02 02:17 flex-2.5.35/examples/manual/numbers.lex
-rw-rw-r-- 1000/1000      1670 2001-05-02 02:17 flex-2.5.35/examples/manual/pas_include.lex
-rw-rw-r-- 1000/1000      3197 2001-05-02 02:17 flex-2.5.35/examples/manual/pascal.lex
-rw-rw-r-- 1000/1000       245 2001-05-02 02:17 flex-2.5.35/examples/manual/reject.lex
-rw-rw-r-- 1000/1000       529 2001-05-02 02:17 flex-2.5.35/examples/manual/replace.lex
-rw-rw-r-- 1000/1000      2565 2001-05-02 02:17 flex-2.5.35/examples/manual/string1.lex
-rw-rw-r-- 1000/1000      3076 2001-05-02 02:17 flex-2.5.35/examples/manual/string2.lex
-rw-rw-r-- 1000/1000       733 2001-05-02 02:17 flex-2.5.35/examples/manual/strtest.dat
-rw-rw-r-- 1000/1000       429 2001-05-02 02:17 flex-2.5.35/examples/manual/unput.lex
-rw-rw-r-- 1000/1000       303 2001-05-02 02:17 flex-2.5.35/examples/manual/user_act.lex
-rw-rw-r-- 1000/1000       514 2001-05-02 02:17 flex-2.5.35/examples/manual/userinit.lex
-rw-rw-r-- 1000/1000      2736 2001-05-02 02:17 flex-2.5.35/examples/manual/wc.lex
-rw-rw-r-- 1000/1000       566 2001-05-02 02:17 flex-2.5.35/examples/manual/yymore.lex
-rw-rw-r-- 1000/1000       720 2001-05-02 02:17 flex-2.5.35/examples/manual/yymore2.lex
-rw-rw-r-- 1000/1000       115 2001-05-02 02:17 flex-2.5.35/examples/manual/yymoretest.dat
drwxrwxrwx 1000/1000         0 2008-02-27 03:05 flex-2.5.35/examples/fastwc/
-rw-rw-r-- 1000/1000      1883 2001-07-25 01:53 flex-2.5.35/examples/fastwc/README
-rw-rw-r-- 1000/1000      1004 2002-03-05 20:18 flex-2.5.35/examples/fastwc/Makefile.am
-rw-rw-r-- 1000/1000      9736 2008-02-27 03:04 flex-2.5.35/examples/fastwc/Makefile.in
-rw-rw-r-- 1000/1000       528 2001-09-20 01:07 flex-2.5.35/examples/fastwc/wc5.l
-rw-rw-r-- 1000/1000       680 2001-09-20 01:07 flex-2.5.35/examples/fastwc/wc4.l
-rw-rw-r-- 1000/1000       536 2001-09-20 01:07 flex-2.5.35/examples/fastwc/wc3.l
-rw-rw-r-- 1000/1000       370 2001-09-20 01:07 flex-2.5.35/examples/fastwc/wc2.l
-rw-rw-r-- 1000/1000       269 2001-09-20 01:07 flex-2.5.35/examples/fastwc/wc1.l
-rw-rw-r-- 1000/1000       418 2001-07-25 01:53 flex-2.5.35/examples/fastwc/mywc.c
drwxrwxrwx 1000/1000         0 2008-02-27 03:05 flex-2.5.35/tools/
-rw-rw-r-- 1000/1000        41 2003-03-27 00:35 flex-2.5.35/tools/Makefile.am
-rw-rw-r-- 1000/1000      8732 2008-02-27 03:04 flex-2.5.35/tools/Makefile.in
-rw-rw-r-- 1000/1000       244 2007-03-29 21:06 flex-2.5.35/tools/cvsauthors
-rw-rw-r-- 1000/1000     62439 2003-01-31 22:42 flex-2.5.35/tools/cvs2cl.pl
drwxrwxrwx 1000/1000         0 2008-02-27 03:05 flex-2.5.35/tests/
-rw-rw-r-- 1000/1000      3148 2003-03-26 02:14 flex-2.5.35/tests/README
-rwxrwxr-x 1000/1000       559 2006-11-11 02:30 flex-2.5.35/tests/create-test
-rw-rw-r-- 1000/1000      3353 2007-05-31 11:39 flex-2.5.35/tests/Makefile.am
-rw-rw-r-- 1000/1000     17570 2008-02-27 03:04 flex-2.5.35/tests/Makefile.in
drwxrwxrwx 1000/1000         0 2008-02-27 03:05 flex-2.5.35/tests/test-concatenated-options/
-rw-rw-r-- 1000/1000      1336 2007-05-12 18:43 flex-2.5.35/tests/test-concatenated-options/Makefile.am
-rw-rw-r-- 1000/1000     10156 2008-02-27 03:04 flex-2.5.35/tests/test-concatenated-options/Makefile.in
drwxrwxrwx 1000/1000         0 2008-02-27 03:05 flex-2.5.35/tests/test-c++-yywrap/
-rw-rw-r-- 1000/1000      1492 2006-11-10 01:44 flex-2.5.35/tests/test-c++-yywrap/Makefile.am
-rw-rw-r-- 1000/1000     10298 2008-02-27 03:04 flex-2.5.35/tests/test-c++-yywrap/Makefile.in
-rw-rw-r-- 1000/1000      1768 2006-10-20 22:40 flex-2.5.35/tests/test-c++-yywrap/scanner.l
-rw-rw-r-- 1000/1000        54 2006-10-20 22:40 flex-2.5.35/tests/test-c++-yywrap/test.input
drwxrwxrwx 1000/1000         0 2008-02-27 03:05 flex-2.5.35/tests/test-extended/
-rw-rw-r-- 1000/1000      1500 2007-04-17 02:36 flex-2.5.35/tests/test-extended/Makefile.am
-rw-rw-r-- 1000/1000     10298 2008-02-27 03:04 flex-2.5.35/tests/test-extended/Makefile.in
-rw-rw-r-- 1000/1000      1813 2006-03-28 23:26 flex-2.5.35/tests/test-extended/scanner.l
-rw-rw-r-- 1000/1000        32 2006-03-28 23:26 flex-2.5.35/tests/test-extended/test.input
drwxrwxrwx 1000/1000         0 2008-02-27 03:05 flex-2.5.35/tests/test-ccl/
-rw-rw-r-- 1000/1000      1463 2006-11-10 01:44 flex-2.5.35/tests/test-ccl/Makefile.am
-rw-rw-r-- 1000/1000     10246 2008-02-27 03:04 flex-2.5.35/tests/test-ccl/Makefile.in
-rw-rw-r-- 1000/1000      3850 2006-03-29 02:17 flex-2.5.35/tests/test-ccl/scanner.l
-rw-rw-r-- 1000/1000      1317 2006-03-29 02:17 flex-2.5.35/tests/test-ccl/test.input
drwxrwxrwx 1000/1000         0 2008-02-27 03:05 flex-2.5.35/tests/test-quotes/
-rw-rw-r-- 1000/1000      1611 2007-04-17 02:36 flex-2.5.35/tests/test-quotes/Makefile.am
-rw-rw-r-- 1000/1000     10403 2008-02-27 03:04 flex-2.5.35/tests/test-quotes/Makefile.in
-rw-rw-r-- 1000/1000      3078 2006-03-22 05:19 flex-2.5.35/tests/test-quotes/scanner.l
-rw-rw-r-- 1000/1000        54 2006-03-22 05:19 flex-2.5.35/tests/test-quotes/test.input
drwxrwxrwx 1000/1000         0 2008-02-27 03:05 flex-2.5.35/tests/test-rescan-r/
-rw-rw-r-- 1000/1000      1579 2006-11-10 01:44 flex-2.5.35/tests/test-rescan-r/Makefile.am
-rw-rw-r-- 1000/1000     10377 2008-02-27 03:04 flex-2.5.35/tests/test-rescan-r/Makefile.in
-rw-rw-r-- 1000/1000      2371 2006-02-15 23:41 flex-2.5.35/tests/test-rescan-r/scanner.l
-rw-rw-r-- 1000/1000        54 2006-02-15 23:41 flex-2.5.35/tests/test-rescan-r/test.input
drwxrwxrwx 1000/1000         0 2008-02-27 03:05 flex-2.5.35/tests/test-rescan-nr/
-rw-rw-r-- 1000/1000      1570 2006-11-10 01:44 flex-2.5.35/tests/test-rescan-nr/Makefile.am
-rw-rw-r-- 1000/1000     10371 2008-02-27 03:04 flex-2.5.35/tests/test-rescan-nr/Makefile.in
-rw-rw-r-- 1000/1000      1760 2006-02-15 23:41 flex-2.5.35/tests/test-rescan-nr/scanner.l
-rw-rw-r-- 1000/1000        54 2006-02-15 23:41 flex-2.5.35/tests/test-rescan-nr/test.input
drwxrwxrwx 1000/1000         0 2008-02-27 03:05 flex-2.5.35/tests/test-basic-nr/
-rw-rw-r-- 1000/1000      1565 2006-11-10 01:44 flex-2.5.35/tests/test-basic-nr/Makefile.am
-rw-rw-r-- 1000/1000     10363 2008-02-27 03:04 flex-2.5.35/tests/test-basic-nr/Makefile.in
-rw-rw-r-- 1000/1000      1764 2002-08-17 00:33 flex-2.5.35/tests/test-basic-nr/scanner.l
-rw-rw-r-- 1000/1000        58 2001-05-18 22:52 flex-2.5.35/tests/test-basic-nr/test.input
drwxrwxrwx 1000/1000         0 2008-02-27 03:05 flex-2.5.35/tests/test-basic-r/
-rw-rw-r-- 1000/1000      1564 2006-11-10 01:44 flex-2.5.35/tests/test-basic-r/Makefile.am
-rw-rw-r-- 1000/1000     10359 2008-02-27 03:04 flex-2.5.35/tests/test-basic-r/Makefile.in
-rw-rw-r-- 1000/1000      1886 2002-08-17 00:33 flex-2.5.35/tests/test-basic-r/scanner.l
-rw-rw-r-- 1000/1000        57 2001-05-18 22:52 flex-2.5.35/tests/test-basic-r/test.input
drwxrwxrwx 1000/1000         0 2008-02-27 03:05 flex-2.5.35/tests/test-bison-yylloc/
-rw-rw-r-- 1000/1000      1704 2006-11-10 01:44 flex-2.5.35/tests/test-bison-yylloc/Makefile.am
-rw-rw-r-- 1000/1000     10513 2008-02-27 03:04 flex-2.5.35/tests/test-bison-yylloc/Makefile.in
-rw-rw-r-- 1000/1000      1839 2003-03-25 22:09 flex-2.5.35/tests/test-bison-yylloc/scanner.l
-rw-rw-r-- 1000/1000      2186 2002-07-25 06:13 flex-2.5.35/tests/test-bison-yylloc/parser.y
-rw-rw-r-- 1000/1000        96 2001-05-18 22:52 flex-2.5.35/tests/test-bison-yylloc/test.input
-rw-rw-r-- 1000/1000      1308 2002-06-26 01:07 flex-2.5.35/tests/test-bison-yylloc/main.c
drwxrwxrwx 1000/1000         0 2008-02-27 03:05 flex-2.5.35/tests/test-bison-yylval/
-rw-rw-r-- 1000/1000      1694 2006-11-10 01:44 flex-2.5.35/tests/test-bison-yylval/Makefile.am
-rw-rw-r-- 1000/1000     10503 2008-02-27 03:04 flex-2.5.35/tests/test-bison-yylval/Makefile.in
-rw-rw-r-- 1000/1000      2283 2002-09-13 06:47 flex-2.5.35/tests/test-bison-yylval/scanner.l
-rw-rw-r-- 1000/1000      1973 2002-06-26 01:07 flex-2.5.35/tests/test-bison-yylval/parser.y
-rw-rw-r-- 1000/1000        69 2001-05-18 22:52 flex-2.5.35/tests/test-bison-yylval/test.input
-rw-rw-r-- 1000/1000      1307 2002-06-26 01:07 flex-2.5.35/tests/test-bison-yylval/main.c
drwxrwxrwx 1000/1000         0 2008-02-27 03:05 flex-2.5.35/tests/test-bison-nr/
-rw-rw-r-- 1000/1000      1700 2006-11-10 01:44 flex-2.5.35/tests/test-bison-nr/Makefile.am
-rw-rw-r-- 1000/1000     10497 2008-02-27 03:04 flex-2.5.35/tests/test-bison-nr/Makefile.in
-rw-rw-r-- 1000/1000      1783 2003-03-25 22:09 flex-2.5.35/tests/test-bison-nr/scanner.l
-rw-rw-r-- 1000/1000      2190 2002-09-13 06:48 flex-2.5.35/tests/test-bison-nr/parser.y
-rw-rw-r-- 1000/1000        96 2002-09-13 06:48 flex-2.5.35/tests/test-bison-nr/test.input
-rw-rw-r-- 1000/1000      1199 2002-09-13 06:48 flex-2.5.35/tests/test-bison-nr/main.c
drwxrwxrwx 1000/1000         0 2008-02-27 03:05 flex-2.5.35/tests/test-multiple-scanners-nr/
-rw-rw-r-- 1000/1000      1775 2006-11-10 01:44 flex-2.5.35/tests/test-multiple-scanners-nr/Makefile.am
-rw-rw-r-- 1000/1000     10608 2008-02-27 03:04 flex-2.5.35/tests/test-multiple-scanners-nr/Makefile.in
-rw-rw-r-- 1000/1000      1443 2002-06-26 01:07 flex-2.5.35/tests/test-multiple-scanners-nr/scanner-1.l
-rw-rw-r-- 1000/1000      1437 2002-06-26 01:07 flex-2.5.35/tests/test-multiple-scanners-nr/scanner-2.l
-rw-rw-r-- 1000/1000      1580 2002-06-26 01:07 flex-2.5.35/tests/test-multiple-scanners-nr/main.c
drwxrwxrwx 1000/1000         0 2008-02-27 03:05 flex-2.5.35/tests/test-multiple-scanners-r/
-rw-rw-r-- 1000/1000      1837 2006-11-10 01:44 flex-2.5.35/tests/test-multiple-scanners-r/Makefile.am
-rw-rw-r-- 1000/1000     10668 2008-02-27 03:04 flex-2.5.35/tests/test-multiple-scanners-r/Makefile.in
-rw-rw-r-- 1000/1000      1532 2002-09-17 00:08 flex-2.5.35/tests/test-multiple-scanners-r/scanner-1.l
-rw-rw-r-- 1000/1000      1526 2002-09-17 00:08 flex-2.5.35/tests/test-multiple-scanners-r/scanner-2.l
-rw-rw-r-- 1000/1000      2434 2002-09-17 00:08 flex-2.5.35/tests/test-multiple-scanners-r/main.c
drwxrwxrwx 1000/1000         0 2008-02-27 03:05 flex-2.5.35/tests/test-header-nr/
-rw-rw-r-- 1000/1000      1639 2006-11-10 01:44 flex-2.5.35/tests/test-header-nr/Makefile.am
-rw-rw-r-- 1000/1000     10439 2008-02-27 03:04 flex-2.5.35/tests/test-header-nr/Makefile.in
-rw-rw-r-- 1000/1000      1225 2002-06-26 01:07 flex-2.5.35/tests/test-header-nr/scanner.l
-rw-rw-r-- 1000/1000        61 2001-11-15 02:42 flex-2.5.35/tests/test-header-nr/test.input
-rw-rw-r-- 1000/1000      1183 2002-06-26 01:07 flex-2.5.35/tests/test-header-nr/main.c
drwxrwxrwx 1000/1000         0 2008-02-27 03:05 flex-2.5.35/tests/test-header-r/
-rw-rw-r-- 1000/1000      1677 2006-11-10 01:44 flex-2.5.35/tests/test-header-r/Makefile.am
-rw-rw-r-- 1000/1000     10474 2008-02-27 03:04 flex-2.5.35/tests/test-header-r/Makefile.in
-rw-rw-r-- 1000/1000      1288 2002-06-26 01:07 flex-2.5.35/tests/test-header-r/scanner.l
-rw-rw-r-- 1000/1000        61 2001-11-15 04:39 flex-2.5.35/tests/test-header-r/test.input
-rw-rw-r-- 1000/1000      1886 2002-06-26 01:07 flex-2.5.35/tests/test-header-r/main.c
drwxrwxrwx 1000/1000         0 2008-02-27 03:05 flex-2.5.35/tests/test-reject/
-rw-rw-r-- 1000/1000      2784 2006-11-10 01:44 flex-2.5.35/tests/test-reject/Makefile.am
-rw-rw-r-- 1000/1000     11559 2008-02-27 03:04 flex-2.5.35/tests/test-reject/Makefile.in
-rw-rw-r-- 1000/1000      2132 2006-03-22 02:28 flex-2.5.35/tests/test-reject/scanner.l
-rw-rw-r-- 1000/1000        54 2002-09-14 03:24 flex-2.5.35/tests/test-reject/test.input
drwxrwxrwx 1000/1000         0 2008-02-27 03:05 flex-2.5.35/tests/test-c++-multiple-scanners/
-rw-rw-r-- 1000/1000      1765 2006-11-10 01:44 flex-2.5.35/tests/test-c++-multiple-scanners/Makefile.am
-rw-rw-r-- 1000/1000     10604 2008-02-27 03:04 flex-2.5.35/tests/test-c++-multiple-scanners/Makefile.in
-rw-rw-r-- 1000/1000      1338 2002-10-01 20:40 flex-2.5.35/tests/test-c++-multiple-scanners/scanner-1.l
-rw-rw-r-- 1000/1000      1415 2006-10-23 03:47 flex-2.5.35/tests/test-c++-multiple-scanners/scanner-2.l
-rw-rw-r-- 1000/1000      1586 2006-10-21 00:46 flex-2.5.35/tests/test-c++-multiple-scanners/main.cpp
-rw-rw-r-- 1000/1000        15 2002-10-01 20:40 flex-2.5.35/tests/test-c++-multiple-scanners/test.input
drwxrwxrwx 1000/1000         0 2008-02-27 03:05 flex-2.5.35/tests/test-c++-basic/
-rw-rw-r-- 1000/1000      1464 2006-11-10 01:44 flex-2.5.35/tests/test-c++-basic/Makefile.am
-rw-rw-r-- 1000/1000     10267 2008-02-27 03:04 flex-2.5.35/tests/test-c++-basic/Makefile.in
-rw-rw-r-- 1000/1000      1301 2002-08-22 06:41 flex-2.5.35/tests/test-c++-basic/scanner.l
-rw-rw-r-- 1000/1000        54 2002-08-21 19:11 flex-2.5.35/tests/test-c++-basic/test.input
drwxrwxrwx 1000/1000         0 2008-02-27 03:05 flex-2.5.35/tests/test-posixly-correct/
-rw-rw-r-- 1000/1000      1488 2006-11-10 01:44 flex-2.5.35/tests/test-posixly-correct/Makefile.am
-rw-rw-r-- 1000/1000     10307 2008-02-27 03:04 flex-2.5.35/tests/test-posixly-correct/Makefile.in
-rw-rw-r-- 1000/1000      2032 2002-07-25 06:13 flex-2.5.35/tests/test-posixly-correct/scanner.l
drwxrwxrwx 1000/1000         0 2008-02-27 03:05 flex-2.5.35/tests/test-posix/
-rw-rw-r-- 1000/1000      1459 2006-11-10 01:44 flex-2.5.35/tests/test-posix/Makefile.am
-rw-rw-r-- 1000/1000     10248 2008-02-27 03:04 flex-2.5.35/tests/test-posix/Makefile.in
-rw-rw-r-- 1000/1000      2045 2002-07-25 06:13 flex-2.5.35/tests/test-posix/scanner.l
drwxrwxrwx 1000/1000         0 2008-02-27 03:05 flex-2.5.35/tests/test-mem-r/
-rw-rw-r-- 1000/1000      1462 2006-11-10 01:44 flex-2.5.35/tests/test-mem-r/Makefile.am
-rw-rw-r-- 1000/1000     10251 2008-02-27 03:04 flex-2.5.35/tests/test-mem-r/Makefile.in
-rw-rw-r-- 1000/1000      4723 2006-02-15 00:25 flex-2.5.35/tests/test-mem-r/scanner.l
-rw-rw-r-- 1000/1000      2728 2002-07-10 04:17 flex-2.5.35/tests/test-mem-r/test.input
drwxrwxrwx 1000/1000         0 2008-02-27 03:05 flex-2.5.35/tests/test-mem-nr/
-rw-rw-r-- 1000/1000      1463 2006-11-10 01:44 flex-2.5.35/tests/test-mem-nr/Makefile.am
-rw-rw-r-- 1000/1000     10255 2008-02-27 03:04 flex-2.5.35/tests/test-mem-nr/Makefile.in
-rw-rw-r-- 1000/1000      4546 2006-02-15 00:25 flex-2.5.35/tests/test-mem-nr/scanner.l
-rw-rw-r-- 1000/1000      2728 2002-07-10 04:32 flex-2.5.35/tests/test-mem-nr/test.input
drwxrwxrwx 1000/1000         0 2008-02-27 03:05 flex-2.5.35/tests/test-debug-nr/
-rw-rw-r-- 1000/1000      1465 2006-11-10 01:44 flex-2.5.35/tests/test-debug-nr/Makefile.am
-rw-rw-r-- 1000/1000     10263 2008-02-27 03:04 flex-2.5.35/tests/test-debug-nr/Makefile.in
-rw-rw-r-- 1000/1000      1362 2002-07-25 06:13 flex-2.5.35/tests/test-debug-nr/scanner.l
-rw-rw-r-- 1000/1000        88 2002-07-09 22:07 flex-2.5.35/tests/test-debug-nr/test.input
drwxrwxrwx 1000/1000         0 2008-02-27 03:05 flex-2.5.35/tests/test-debug-r/
-rw-rw-r-- 1000/1000      1455 2006-11-10 01:44 flex-2.5.35/tests/test-debug-r/Makefile.am
-rw-rw-r-- 1000/1000     10250 2008-02-27 03:04 flex-2.5.35/tests/test-debug-r/Makefile.in
-rw-rw-r-- 1000/1000      1578 2002-07-25 06:13 flex-2.5.35/tests/test-debug-r/scanner.l
-rw-rw-r-- 1000/1000        88 2002-07-09 22:07 flex-2.5.35/tests/test-debug-r/test.input
drwxrwxrwx 1000/1000         0 2008-02-27 03:05 flex-2.5.35/tests/test-lineno-r/
-rw-rw-r-- 1000/1000      1503 2006-11-10 01:44 flex-2.5.35/tests/test-lineno-r/Makefile.am
-rw-rw-r-- 1000/1000     10300 2008-02-27 03:04 flex-2.5.35/tests/test-lineno-r/Makefile.in
-rw-rw-r-- 1000/1000      2394 2002-08-17 00:33 flex-2.5.35/tests/test-lineno-r/scanner.l
-rw-rw-r-- 1000/1000       299 2002-04-19 03:36 flex-2.5.35/tests/test-lineno-r/test.input
drwxrwxrwx 1000/1000         0 2008-02-27 03:05 flex-2.5.35/tests/test-lineno-nr/
-rw-rw-r-- 1000/1000      1504 2006-11-10 01:44 flex-2.5.35/tests/test-lineno-nr/Makefile.am
-rw-rw-r-- 1000/1000     10304 2008-02-27 03:04 flex-2.5.35/tests/test-lineno-nr/Makefile.in
-rw-rw-r-- 1000/1000      2296 2002-08-17 00:33 flex-2.5.35/tests/test-lineno-nr/scanner.l
-rw-rw-r-- 1000/1000       299 2002-04-19 03:36 flex-2.5.35/tests/test-lineno-nr/test.input
drwxrwxrwx 1000/1000         0 2008-02-27 03:05 flex-2.5.35/tests/test-linedir-r/
-rw-rw-r-- 1000/1000      1870 2006-11-10 01:44 flex-2.5.35/tests/test-linedir-r/Makefile.am
-rw-rw-r-- 1000/1000     10670 2008-02-27 03:04 flex-2.5.35/tests/test-linedir-r/Makefile.in
-rw-rw-r-- 1000/1000      1297 2003-03-26 08:56 flex-2.5.35/tests/test-linedir-r/scanner.l
-rw-rw-r-- 1000/1000        61 2003-03-26 08:56 flex-2.5.35/tests/test-linedir-r/test.input
-rw-rw-r-- 1000/1000      1683 2003-03-26 08:56 flex-2.5.35/tests/test-linedir-r/main.c
-rw-rw-r-- 1000/1000       119 2003-03-26 08:56 flex-2.5.35/tests/test-linedir-r/check-lines.awk
drwxrwxrwx 1000/1000         0 2008-02-27 03:05 flex-2.5.35/tests/TEMPLATE/
-rw-rw-r-- 1000/1000      1656 2006-11-09 20:09 flex-2.5.35/tests/TEMPLATE/Makefile.am
-rw-rw-r-- 1000/1000     10439 2008-02-27 03:04 flex-2.5.35/tests/TEMPLATE/Makefile.in
-rw-rw-r-- 1000/1000      1362 2002-07-25 06:13 flex-2.5.35/tests/TEMPLATE/scanner.l
-rw-rw-r-- 1000/1000      1588 2002-06-26 01:07 flex-2.5.35/tests/TEMPLATE/parser.y
-rw-rw-r-- 1000/1000        54 2001-05-18 22:52 flex-2.5.35/tests/TEMPLATE/test.input
drwxrwxrwx 1000/1000         0 2008-02-27 03:05 flex-2.5.35/tests/test-top/
-rw-rw-r-- 1000/1000      1672 2006-11-10 01:44 flex-2.5.35/tests/test-top/Makefile.am
-rw-rw-r-- 1000/1000     10454 2008-02-27 03:04 flex-2.5.35/tests/test-top/Makefile.in
-rw-rw-r-- 1000/1000      1372 2003-03-27 23:32 flex-2.5.35/tests/test-top/scanner.l
-rw-rw-r-- 1000/1000        61 2003-03-27 23:32 flex-2.5.35/tests/test-top/test.input
-rw-rw-r-- 1000/1000      1886 2003-03-27 23:32 flex-2.5.35/tests/test-top/main.c
drwxrwxrwx 1000/1000         0 2008-02-27 03:05 flex-2.5.35/tests/test-array-nr/
-rw-rw-r-- 1000/1000      1565 2006-11-10 01:44 flex-2.5.35/tests/test-array-nr/Makefile.am
-rw-rw-r-- 1000/1000     10363 2008-02-27 03:04 flex-2.5.35/tests/test-array-nr/Makefile.in
-rw-rw-r-- 1000/1000      1363 2002-07-25 06:13 flex-2.5.35/tests/test-array-nr/scanner.l
-rw-rw-r-- 1000/1000        54 2002-01-04 01:49 flex-2.5.35/tests/test-array-nr/test.input
drwxrwxrwx 1000/1000         0 2008-02-27 03:05 flex-2.5.35/tests/test-array-r/
-rw-rw-r-- 1000/1000      1482 2006-11-10 01:44 flex-2.5.35/tests/test-array-r/Makefile.am
-rw-rw-r-- 1000/1000     10277 2008-02-27 03:04 flex-2.5.35/tests/test-array-r/Makefile.in
-rw-rw-r-- 1000/1000      1477 2002-07-25 06:13 flex-2.5.35/tests/test-array-r/scanner.l
-rw-rw-r-- 1000/1000        54 2002-01-04 01:47 flex-2.5.35/tests/test-array-r/test.input
drwxrwxrwx 1000/1000         0 2008-02-27 03:05 flex-2.5.35/tests/test-c-cpp-nr/
-rw-rw-r-- 1000/1000      1493 2006-11-10 01:44 flex-2.5.35/tests/test-c-cpp-nr/Makefile.am
-rw-rw-r-- 1000/1000     10293 2008-02-27 03:04 flex-2.5.35/tests/test-c-cpp-nr/Makefile.in
-rw-rw-r-- 1000/1000      1491 2006-10-21 00:46 flex-2.5.35/tests/test-c-cpp-nr/scanner.l
-rw-rw-r-- 1000/1000        54 2002-02-21 10:42 flex-2.5.35/tests/test-c-cpp-nr/test.input
drwxrwxrwx 1000/1000         0 2008-02-27 03:05 flex-2.5.35/tests/test-c-cpp-r/
-rw-rw-r-- 1000/1000      1492 2006-11-10 01:44 flex-2.5.35/tests/test-c-cpp-r/Makefile.am
-rw-rw-r-- 1000/1000     10289 2008-02-27 03:04 flex-2.5.35/tests/test-c-cpp-r/Makefile.in
-rw-rw-r-- 1000/1000      1604 2002-08-15 20:45 flex-2.5.35/tests/test-c-cpp-r/scanner.l
-rw-rw-r-- 1000/1000        54 2002-02-21 10:42 flex-2.5.35/tests/test-c-cpp-r/test.input
drwxrwxrwx 1000/1000         0 2008-02-27 03:05 flex-2.5.35/tests/test-include-by-buffer/
-rw-rw-r-- 1000/1000      1643 2006-11-10 01:44 flex-2.5.35/tests/test-include-by-buffer/Makefile.am
-rw-rw-r-- 1000/1000     10468 2008-02-27 03:04 flex-2.5.35/tests/test-include-by-buffer/Makefile.in
-rw-rw-r-- 1000/1000      2626 2002-07-25 06:13 flex-2.5.35/tests/test-include-by-buffer/scanner.l
-rw-rw-r-- 1000/1000        76 2001-05-18 22:52 flex-2.5.35/tests/test-include-by-buffer/test-1.input
-rw-rw-r-- 1000/1000        76 2001-05-18 22:52 flex-2.5.35/tests/test-include-by-buffer/test-2.input
-rw-rw-r-- 1000/1000        52 2001-05-18 22:52 flex-2.5.35/tests/test-include-by-buffer/test-3.input
drwxrwxrwx 1000/1000         0 2008-02-27 03:05 flex-2.5.35/tests/test-include-by-push/
-rw-rw-r-- 1000/1000      1641 2006-11-10 01:44 flex-2.5.35/tests/test-include-by-push/Makefile.am
-rw-rw-r-- 1000/1000     10460 2008-02-27 03:04 flex-2.5.35/tests/test-include-by-push/Makefile.in
-rw-rw-r-- 1000/1000      2339 2003-03-26 22:22 flex-2.5.35/tests/test-include-by-push/scanner.l
-rw-rw-r-- 1000/1000        76 2003-03-26 22:22 flex-2.5.35/tests/test-include-by-push/test-1.input
-rw-rw-r-- 1000/1000        76 2003-03-26 22:22 flex-2.5.35/tests/test-include-by-push/test-2.input
-rw-rw-r-- 1000/1000        52 2003-03-26 22:22 flex-2.5.35/tests/test-include-by-push/test-3.input
drwxrwxrwx 1000/1000         0 2008-02-27 03:05 flex-2.5.35/tests/test-include-by-reentrant/
-rw-rw-r-- 1000/1000      1647 2006-11-10 01:44 flex-2.5.35/tests/test-include-by-reentrant/Makefile.am
-rw-rw-r-- 1000/1000     10481 2008-02-27 03:04 flex-2.5.35/tests/test-include-by-reentrant/Makefile.in
-rw-rw-r-- 1000/1000      2520 2002-07-25 06:13 flex-2.5.35/tests/test-include-by-reentrant/scanner.l
-rw-rw-r-- 1000/1000        76 2001-05-18 22:52 flex-2.5.35/tests/test-include-by-reentrant/test-1.input
-rw-rw-r-- 1000/1000        76 2001-05-18 22:52 flex-2.5.35/tests/test-include-by-reentrant/test-2.input
-rw-rw-r-- 1000/1000        52 2001-05-18 22:52 flex-2.5.35/tests/test-include-by-reentrant/test-3.input
drwxrwxrwx 1000/1000         0 2008-02-27 03:05 flex-2.5.35/tests/test-prefix-nr/
-rw-rw-r-- 1000/1000        79 2001-05-18 22:52 flex-2.5.35/tests/test-prefix-nr/README
-rw-rw-r-- 1000/1000      1617 2006-11-10 01:44 flex-2.5.35/tests/test-prefix-nr/Makefile.am
-rw-rw-r-- 1000/1000     10425 2008-02-27 03:04 flex-2.5.35/tests/test-prefix-nr/Makefile.in
-rw-rw-r-- 1000/1000      2015 2002-07-25 06:13 flex-2.5.35/tests/test-prefix-nr/scanner.l
-rw-rw-r-- 1000/1000        13 2001-06-17 23:10 flex-2.5.35/tests/test-prefix-nr/test.input
drwxrwxrwx 1000/1000         0 2008-02-27 03:05 flex-2.5.35/tests/test-prefix-r/
-rw-rw-r-- 1000/1000        79 2001-05-18 22:52 flex-2.5.35/tests/test-prefix-r/README
-rw-rw-r-- 1000/1000      1616 2006-11-10 01:44 flex-2.5.35/tests/test-prefix-r/Makefile.am
-rw-rw-r-- 1000/1000     10421 2008-02-27 03:04 flex-2.5.35/tests/test-prefix-r/Makefile.in
-rw-rw-r-- 1000/1000      2528 2002-07-25 06:13 flex-2.5.35/tests/test-prefix-r/scanner.l
-rw-rw-r-- 1000/1000        13 2001-06-17 23:06 flex-2.5.35/tests/test-prefix-r/test.input
drwxrwxrwx 1000/1000         0 2008-02-27 03:05 flex-2.5.35/tests/test-pthread/
-rw-rw-r-- 1000/1000      1593 2006-11-10 01:44 flex-2.5.35/tests/test-pthread/Makefile.am
-rw-rw-r-- 1000/1000     10368 2008-02-27 03:04 flex-2.5.35/tests/test-pthread/Makefile.in
-rw-rw-r-- 1000/1000      5891 2007-05-12 20:57 flex-2.5.35/tests/test-pthread/scanner.l
-rw-rw-r-- 1000/1000     69827 2001-05-18 22:52 flex-2.5.35/tests/test-pthread/test-1.input
-rw-rw-r-- 1000/1000     69827 2001-05-18 22:52 flex-2.5.35/tests/test-pthread/test-2.input
-rw-rw-r-- 1000/1000     69827 2001-05-18 22:52 flex-2.5.35/tests/test-pthread/test-3.input
-rw-rw-r-- 1000/1000     69827 2001-05-18 22:52 flex-2.5.35/tests/test-pthread/test-4.input
-rw-rw-r-- 1000/1000     69827 2001-05-18 22:52 flex-2.5.35/tests/test-pthread/test-5.input
drwxrwxrwx 1000/1000         0 2008-02-27 03:05 flex-2.5.35/tests/test-string-nr/
-rw-rw-r-- 1000/1000      1531 2006-11-10 01:44 flex-2.5.35/tests/test-string-nr/Makefile.am
-rw-rw-r-- 1000/1000     10332 2008-02-27 03:04 flex-2.5.35/tests/test-string-nr/Makefile.in
-rw-rw-r-- 1000/1000      2671 2002-07-25 06:13 flex-2.5.35/tests/test-string-nr/scanner.l
drwxrwxrwx 1000/1000         0 2008-02-27 03:05 flex-2.5.35/tests/test-string-r/
-rw-rw-r-- 1000/1000      1529 2006-11-10 01:44 flex-2.5.35/tests/test-string-r/Makefile.am
-rw-rw-r-- 1000/1000     10327 2008-02-27 03:04 flex-2.5.35/tests/test-string-r/Makefile.in
-rw-rw-r-- 1000/1000      2941 2002-07-25 06:13 flex-2.5.35/tests/test-string-r/scanner.l
drwxrwxrwx 1000/1000         0 2008-02-27 03:05 flex-2.5.35/tests/test-yyextra/
-rw-rw-r-- 1000/1000      1615 2006-11-10 01:44 flex-2.5.35/tests/test-yyextra/Makefile.am
-rw-rw-r-- 1000/1000     10410 2008-02-27 03:04 flex-2.5.35/tests/test-yyextra/Makefile.in
-rw-rw-r-- 1000/1000      3201 2002-07-25 06:13 flex-2.5.35/tests/test-yyextra/scanner.l
-rw-rw-r-- 1000/1000     37533 2001-05-18 22:52 flex-2.5.35/tests/test-yyextra/test.input
drwxrwxrwx 1000/1000         0 2008-02-27 03:05 flex-2.5.35/tests/test-alloc-extra/
-rw-rw-r-- 1000/1000      1619 2007-05-31 11:39 flex-2.5.35/tests/test-alloc-extra/Makefile.am
-rw-rw-r-- 1000/1000     10426 2008-02-27 03:04 flex-2.5.35/tests/test-alloc-extra/Makefile.in
-rw-rw-r-- 1000/1000      2905 2007-09-10 11:47 flex-2.5.35/tests/test-alloc-extra/scanner.l
-rw-rw-r-- 1000/1000     37533 2007-05-31 11:39 flex-2.5.35/tests/test-alloc-extra/test.input
drwxrwxrwx 1000/1000         0 2008-02-27 03:05 flex-2.5.35/tests/test-noansi-nr/
-rw-rw-r-- 1000/1000      1566 2006-11-10 01:44 flex-2.5.35/tests/test-noansi-nr/Makefile.am
-rw-rw-r-- 1000/1000     10367 2008-02-27 03:04 flex-2.5.35/tests/test-noansi-nr/Makefile.in
-rw-rw-r-- 1000/1000      1842 2003-03-26 07:07 flex-2.5.35/tests/test-noansi-nr/scanner.l
-rw-rw-r-- 1000/1000        58 2003-03-26 07:07 flex-2.5.35/tests/test-noansi-nr/test.input
drwxrwxrwx 1000/1000         0 2008-02-27 03:05 flex-2.5.35/tests/test-noansi-r/
-rw-rw-r-- 1000/1000      1565 2006-11-10 01:44 flex-2.5.35/tests/test-noansi-r/Makefile.am
-rw-rw-r-- 1000/1000     10363 2008-02-27 03:04 flex-2.5.35/tests/test-noansi-r/Makefile.in
-rw-rw-r-- 1000/1000      1931 2003-03-26 07:07 flex-2.5.35/tests/test-noansi-r/scanner.l
-rw-rw-r-- 1000/1000        57 2003-03-26 07:07 flex-2.5.35/tests/test-noansi-r/test.input
drwxrwxrwx 1000/1000         0 2008-02-27 03:05 flex-2.5.35/tests/test-table-opts/
-rw-rw-r-- 1000/1000      5190 2006-11-17 20:44 flex-2.5.35/tests/test-table-opts/Makefile.am
-rw-rw-r-- 1000/1000     13971 2008-02-27 03:04 flex-2.5.35/tests/test-table-opts/Makefile.in
-rw-rw-r-- 1000/1000      2203 2006-03-22 02:48 flex-2.5.35/tests/test-table-opts/scanner.l
-rw-rw-r-- 1000/1000        68 2002-08-10 22:09 flex-2.5.35/tests/test-table-opts/test.input
+ STATUS=0
+ '[' 0 -ne 0 ']'
+ cd flex-2.5.35
+ exit 0
Executing(%build): /bin/sh -e /home/rpmuser/rpm/tmp/rpm-tmp.mmxs9T
+ umask 022
+ cd /home/rpmuser/rpm/BUILD
+ cd flex-2.5.35
+ PATH=/usr/local/arm-sony-linux-gnueabi/host/bin:/usr/local/arm-sony-linux-gnueabi/cross/bin:/usr/local/arm-sony-linux-gnueabi/cross/bin:/usr/local/sbin:/usr/local/bin:/usr/sbin:/usr/bin:/sbin:/bin:/usr/games
+ export PATH
+ CONFIG_SHELL=/bin/sh
+ export CONFIG_SHELL
+ CC='arm-sony-linux-gnueabi-gcc -tarmv7a'
+ export CC
+ AS=arm-sony-linux-gnueabi-as
+ export AS
+ LD=arm-sony-linux-gnueabi-ld
+ export LD
+ AR=arm-sony-linux-gnueabi-ar
+ export AR
+ RANLIB=arm-sony-linux-gnueabi-ranlib
+ export RANLIB
+ CPP='arm-sony-linux-gnueabi-cpp -tarmv7a'
+ export CPP
+ CXX='arm-sony-linux-gnueabi-g++ -tarmv7a'
+ export CXX
+ NM=arm-sony-linux-gnueabi-nm
+ export NM
+ STRIP=true
+ export STRIP
+ OBJCOPY=arm-sony-linux-gnueabi-objcopy
+ export OBJCOPY
+ OBJDUMP=arm-sony-linux-gnueabi-objdump
+ export OBJDUMP
+ CFLAGS=-O2
+ export CFLAGS
+ CXXFLAGS=-O2
+ export CXXFLAGS
+ FFLAGS=-O2
+ export FFLAGS
+ LDFLAGS=
+ export LDFLAGS
+ CROSS_COMPILE_PREFIX=/usr/local/arm-sony-linux-gnueabi/target/armv7a
+ export CROSS_COMPILE_PREFIX
+ PKG_CONFIG_SYSROOT_DIR=/usr/local/arm-sony-linux-gnueabi/target/armv7a
+ export PKG_CONFIG_SYSROOT_DIR
+ PKG_CONFIG_LIBDIR=/usr/local/arm-sony-linux-gnueabi/target/armv7a//tool/usr/lib/pkgconfig
+ export PKG_CONFIG_LIBDIR
+ PKG_CONFIG_PATH=/usr/local/arm-sony-linux-gnueabi/target/armv7a//tool/usr/lib/pkgconfig
+ export PKG_CONFIG_PATH
+ true
+ grep -v rpl_malloc configure
+ grep -v rpl_realloc configure-new
+ chmod 755 configure
+ '[' '!' -f objdir ']'
+ mkdir -p objdir
+ cd objdir
+ ../configure --host=arm-sony-linux-gnueabi --build=x86_64-pc-linux-gnu --prefix=/usr --includedir=/tool//usr/include --disable-nls
checking for a BSD-compatible install... /usr/bin/install -c
checking whether build environment is sane... yes
checking for gawk... no
checking for mawk... mawk
checking whether make sets $(MAKE)... yes
checking for arm-sony-linux-gnueabi-strip... true
checking whether NLS is requested... no
checking for msgfmt... /usr/bin/msgfmt
checking for gmsgfmt... /usr/bin/msgfmt
checking for xgettext... /usr/bin/xgettext
checking for msgmerge... /usr/bin/msgmerge
checking for style of include used by make... GNU
checking for arm-sony-linux-gnueabi-gcc... arm-sony-linux-gnueabi-gcc -tarmv7a
checking for C compiler default output file name... a.out
checking whether the C compiler works... yes
checking whether we are cross compiling... yes
checking for suffix of executables... 
checking for suffix of object files... o
checking whether we are using the GNU C compiler... yes
checking whether arm-sony-linux-gnueabi-gcc -tarmv7a accepts -g... yes
checking for arm-sony-linux-gnueabi-gcc -tarmv7a option to accept ANSI C... none needed
checking dependency style of arm-sony-linux-gnueabi-gcc -tarmv7a... gcc3
checking build system type... x86_64-pc-linux-gnu
checking host system type... arm-sony-linux-gnueabi
checking for ld used by GCC... arm-sony-linux-gnueabi-ld
checking if the linker (arm-sony-linux-gnueabi-ld) is GNU ld... yes
checking for shared library run path origin... done
checking whether NLS is requested... no
checking whether to use NLS... no
checking for bison... bison -y
checking for flex... flex
checking for yywrap in -lfl... yes
checking lex output file root... lex.yy
checking whether yytext is a pointer... yes
checking for arm-sony-linux-gnueabi-gcc... (cached) arm-sony-linux-gnueabi-gcc -tarmv7a
checking whether we are using the GNU C compiler... (cached) yes
checking whether arm-sony-linux-gnueabi-gcc -tarmv7a accepts -g... (cached) yes
checking for arm-sony-linux-gnueabi-gcc -tarmv7a option to accept ANSI C... (cached) none needed
checking dependency style of arm-sony-linux-gnueabi-gcc -tarmv7a... (cached) gcc3
checking for arm-sony-linux-gnueabi-g++... arm-sony-linux-gnueabi-g++ -tarmv7a
checking whether we are using the GNU C++ compiler... yes
checking whether arm-sony-linux-gnueabi-g++ -tarmv7a accepts -g... yes
checking dependency style of arm-sony-linux-gnueabi-g++ -tarmv7a... gcc3
checking whether ln -s works... yes
checking for arm-sony-linux-gnueabi-ranlib... arm-sony-linux-gnueabi-ranlib
checking for gawk... (cached) mawk
checking for a BSD-compatible install... /usr/bin/install -c
checking for bison... /usr/bin/bison
checking for help2man... help2man
checking for gm4... no
checking for gnum4... no
checking for m4... /usr/bin/m4
checking for GNU m4... yes
checking for indent... indent
configure: WARNING: no indent program found: make indent target will not function
checking how to run the C preprocessor... arm-sony-linux-gnueabi-cpp -tarmv7a
checking for egrep... grep -E
checking for working alloca.h... yes
checking for alloca... yes
checking for ANSI C header files... yes
checking for sys/wait.h that is POSIX.1 compatible... yes
checking for sys/types.h... yes
checking for sys/stat.h... yes
checking for stdlib.h... yes
checking for string.h... yes
checking for memory.h... yes
checking for strings.h... yes
checking for inttypes.h... yes
checking for stdint.h... yes
checking for unistd.h... yes
checking for inttypes.h... (cached) yes
checking libintl.h usability... yes
checking libintl.h presence... yes
checking for libintl.h... yes
checking limits.h usability... yes
checking limits.h presence... yes
checking for limits.h... yes
checking locale.h usability... yes
checking locale.h presence... yes
checking for locale.h... yes
checking malloc.h usability... yes
checking malloc.h presence... yes
checking for malloc.h... yes
checking netinet/in.h usability... yes
checking netinet/in.h presence... yes
checking for netinet/in.h... yes
checking stddef.h usability... yes
checking stddef.h presence... yes
checking for stddef.h... yes
checking for stdlib.h... (cached) yes
checking for string.h... (cached) yes
checking for strings.h... (cached) yes
checking for unistd.h... (cached) yes
checking for log10 in -lm... yes
checking for pthread_mutex_lock in -lpthread... yes
checking pthread.h usability... yes
checking pthread.h presence... yes
checking for pthread.h... yes
checking for stdbool.h that conforms to C99... yes
checking for _Bool... yes
checking for an ANSI C-conforming const... yes
checking for size_t... yes
checking for pid_t... yes
checking for unistd.h... (cached) yes
checking vfork.h usability... no
checking vfork.h presence... no
checking for vfork.h... no
checking for fork... yes
checking for vfork... yes
checking for working fork... cross
configure: WARNING: result yes guessed because of cross compilation
checking for working vfork... (cached) yes
checking for stdlib.h... (cached) yes
checking for GNU libc compatible malloc... no
checking for stdlib.h... (cached) yes
checking for GNU libc compatible realloc... no
checking for dup2... yes
checking for isascii... yes
checking for memset... yes
checking for pow... yes
checking for regcomp... yes
checking for setlocale... yes
checking for strchr... yes
checking for strtol... yes
configure: creating ./config.status
config.status: creating Makefile
config.status: creating doc/Makefile
config.status: creating examples/Makefile
config.status: creating examples/fastwc/Makefile
config.status: creating examples/manual/Makefile
config.status: creating m4/Makefile
config.status: creating po/Makefile.in
config.status: creating tools/Makefile
config.status: creating tests/Makefile
config.status: creating tests/TEMPLATE/Makefile
config.status: creating tests/test-array-nr/Makefile
config.status: creating tests/test-array-r/Makefile
config.status: creating tests/test-basic-nr/Makefile
config.status: creating tests/test-basic-r/Makefile
config.status: creating tests/test-bison-yylloc/Makefile
config.status: creating tests/test-bison-yylval/Makefile
config.status: creating tests/test-c-cpp-nr/Makefile
config.status: creating tests/test-c-cpp-r/Makefile
config.status: creating tests/test-header-nr/Makefile
config.status: creating tests/test-header-r/Makefile
config.status: creating tests/test-include-by-buffer/Makefile
config.status: creating tests/test-include-by-push/Makefile
config.status: creating tests/test-include-by-reentrant/Makefile
config.status: creating tests/test-multiple-scanners-nr/Makefile
config.status: creating tests/test-multiple-scanners-r/Makefile
config.status: creating tests/test-noansi-nr/Makefile
config.status: creating tests/test-noansi-r/Makefile
config.status: creating tests/test-prefix-nr/Makefile
config.status: creating tests/test-prefix-r/Makefile
config.status: creating tests/test-pthread/Makefile
config.status: creating tests/test-string-nr/Makefile
config.status: creating tests/test-string-r/Makefile
config.status: creating tests/test-yyextra/Makefile
config.status: creating tests/test-alloc-extra/Makefile
config.status: creating tests/test-lineno-nr/Makefile
config.status: creating tests/test-lineno-r/Makefile
config.status: creating tests/test-linedir-r/Makefile
config.status: creating tests/test-debug-r/Makefile
config.status: creating tests/test-debug-nr/Makefile
config.status: creating tests/test-mem-nr/Makefile
config.status: creating tests/test-mem-r/Makefile
config.status: creating tests/test-posix/Makefile
config.status: creating tests/test-posixly-correct/Makefile
config.status: creating tests/test-table-opts/Makefile
config.status: creating tests/test-c++-basic/Makefile
config.status: creating tests/test-bison-nr/Makefile
config.status: creating tests/test-reject/Makefile
config.status: creating tests/test-c++-multiple-scanners/Makefile
config.status: creating tests/test-top/Makefile
config.status: creating tests/test-rescan-nr/Makefile
config.status: creating tests/test-rescan-r/Makefile
config.status: creating tests/test-quotes/Makefile
config.status: creating tests/test-ccl/Makefile
config.status: creating tests/test-extended/Makefile
config.status: creating tests/test-c++-yywrap/Makefile
config.status: creating tests/test-concatenated-options/Makefile
config.status: creating config.h
config.status: executing default-1 commands
config.status: creating po/POTFILES
config.status: creating po/Makefile
config.status: executing depfiles commands
+ sed -e 's/\/usr\/bin\/m4/\/devel\/usr\/bin\/m4/' config.h
+ mv -f config.h-tmp config.h
+ make
make  all-recursive
make[1]: Entering directory `/home/rpmuser/rpm/BUILD/flex-2.5.35/objdir'
Making all in .
make[2]: Entering directory `/home/rpmuser/rpm/BUILD/flex-2.5.35/objdir'
if arm-sony-linux-gnueabi-gcc -tarmv7a -DHAVE_CONFIG_H -I. -I.. -I.  -DLOCALEDIR=\"/usr/share/locale\" -I../intl   -O2 -MT libmain.o -MD -MP -MF ".deps/libmain.Tpo" -c -o libmain.o ../libmain.c; \
	then mv -f ".deps/libmain.Tpo" ".deps/libmain.Po"; else rm -f ".deps/libmain.Tpo"; exit 1; fi
if arm-sony-linux-gnueabi-gcc -tarmv7a -DHAVE_CONFIG_H -I. -I.. -I.  -DLOCALEDIR=\"/usr/share/locale\" -I../intl   -O2 -MT libyywrap.o -MD -MP -MF ".deps/libyywrap.Tpo" -c -o libyywrap.o ../libyywrap.c; \
	then mv -f ".deps/libyywrap.Tpo" ".deps/libyywrap.Po"; else rm -f ".deps/libyywrap.Tpo"; exit 1; fi
rm -f libfl.a
ar cru libfl.a libmain.o libyywrap.o 
arm-sony-linux-gnueabi-ranlib libfl.a
if arm-sony-linux-gnueabi-gcc -tarmv7a -DHAVE_CONFIG_H -I. -I.. -I.  -DLOCALEDIR=\"/usr/share/locale\" -I../intl  -fPIC  -O2 -MT libfl_pic_a-libmain.o -MD -MP -MF ".deps/libfl_pic_a-libmain.Tpo" -c -o libfl_pic_a-libmain.o `test -f 'libmain.c' || echo '../'`libmain.c; \
	then mv -f ".deps/libfl_pic_a-libmain.Tpo" ".deps/libfl_pic_a-libmain.Po"; else rm -f ".deps/libfl_pic_a-libmain.Tpo"; exit 1; fi
if arm-sony-linux-gnueabi-gcc -tarmv7a -DHAVE_CONFIG_H -I. -I.. -I.  -DLOCALEDIR=\"/usr/share/locale\" -I../intl  -fPIC  -O2 -MT libfl_pic_a-libyywrap.o -MD -MP -MF ".deps/libfl_pic_a-libyywrap.Tpo" -c -o libfl_pic_a-libyywrap.o `test -f 'libyywrap.c' || echo '../'`libyywrap.c; \
	then mv -f ".deps/libfl_pic_a-libyywrap.Tpo" ".deps/libfl_pic_a-libyywrap.Po"; else rm -f ".deps/libfl_pic_a-libyywrap.Tpo"; exit 1; fi
rm -f libfl_pic.a
ar cru libfl_pic.a libfl_pic_a-libmain.o libfl_pic_a-libyywrap.o 
arm-sony-linux-gnueabi-ranlib libfl_pic.a
if arm-sony-linux-gnueabi-gcc -tarmv7a -DHAVE_CONFIG_H -I. -I.. -I.  -DLOCALEDIR=\"/usr/share/locale\" -I../intl   -O2 -MT ccl.o -MD -MP -MF ".deps/ccl.Tpo" -c -o ccl.o ../ccl.c; \
	then mv -f ".deps/ccl.Tpo" ".deps/ccl.Po"; else rm -f ".deps/ccl.Tpo"; exit 1; fi
if arm-sony-linux-gnueabi-gcc -tarmv7a -DHAVE_CONFIG_H -I. -I.. -I.  -DLOCALEDIR=\"/usr/share/locale\" -I../intl   -O2 -MT dfa.o -MD -MP -MF ".deps/dfa.Tpo" -c -o dfa.o ../dfa.c; \
	then mv -f ".deps/dfa.Tpo" ".deps/dfa.Po"; else rm -f ".deps/dfa.Tpo"; exit 1; fi
if arm-sony-linux-gnueabi-gcc -tarmv7a -DHAVE_CONFIG_H -I. -I.. -I.  -DLOCALEDIR=\"/usr/share/locale\" -I../intl   -O2 -MT ecs.o -MD -MP -MF ".deps/ecs.Tpo" -c -o ecs.o ../ecs.c; \
	then mv -f ".deps/ecs.Tpo" ".deps/ecs.Po"; else rm -f ".deps/ecs.Tpo"; exit 1; fi
if arm-sony-linux-gnueabi-gcc -tarmv7a -DHAVE_CONFIG_H -I. -I.. -I.  -DLOCALEDIR=\"/usr/share/locale\" -I../intl   -O2 -MT scanflags.o -MD -MP -MF ".deps/scanflags.Tpo" -c -o scanflags.o ../scanflags.c; \
	then mv -f ".deps/scanflags.Tpo" ".deps/scanflags.Po"; else rm -f ".deps/scanflags.Tpo"; exit 1; fi
if arm-sony-linux-gnueabi-gcc -tarmv7a -DHAVE_CONFIG_H -I. -I.. -I.  -DLOCALEDIR=\"/usr/share/locale\" -I../intl   -O2 -MT gen.o -MD -MP -MF ".deps/gen.Tpo" -c -o gen.o ../gen.c; \
	then mv -f ".deps/gen.Tpo" ".deps/gen.Po"; else rm -f ".deps/gen.Tpo"; exit 1; fi
if arm-sony-linux-gnueabi-gcc -tarmv7a -DHAVE_CONFIG_H -I. -I.. -I.  -DLOCALEDIR=\"/usr/share/locale\" -I../intl   -O2 -MT main.o -MD -MP -MF ".deps/main.Tpo" -c -o main.o ../main.c; \
	then mv -f ".deps/main.Tpo" ".deps/main.Po"; else rm -f ".deps/main.Tpo"; exit 1; fi
if arm-sony-linux-gnueabi-gcc -tarmv7a -DHAVE_CONFIG_H -I. -I.. -I.  -DLOCALEDIR=\"/usr/share/locale\" -I../intl   -O2 -MT misc.o -MD -MP -MF ".deps/misc.Tpo" -c -o misc.o ../misc.c; \
	then mv -f ".deps/misc.Tpo" ".deps/misc.Po"; else rm -f ".deps/misc.Tpo"; exit 1; fi
if arm-sony-linux-gnueabi-gcc -tarmv7a -DHAVE_CONFIG_H -I. -I.. -I.  -DLOCALEDIR=\"/usr/share/locale\" -I../intl   -O2 -MT nfa.o -MD -MP -MF ".deps/nfa.Tpo" -c -o nfa.o ../nfa.c; \
	then mv -f ".deps/nfa.Tpo" ".deps/nfa.Po"; else rm -f ".deps/nfa.Tpo"; exit 1; fi
if arm-sony-linux-gnueabi-gcc -tarmv7a -DHAVE_CONFIG_H -I. -I.. -I.  -DLOCALEDIR=\"/usr/share/locale\" -I../intl   -O2 -MT parse.o -MD -MP -MF ".deps/parse.Tpo" -c -o parse.o ../parse.c; \
	then mv -f ".deps/parse.Tpo" ".deps/parse.Po"; else rm -f ".deps/parse.Tpo"; exit 1; fi
if arm-sony-linux-gnueabi-gcc -tarmv7a -DHAVE_CONFIG_H -I. -I.. -I.  -DLOCALEDIR=\"/usr/share/locale\" -I../intl   -O2 -MT scan.o -MD -MP -MF ".deps/scan.Tpo" -c -o scan.o ../scan.c; \
	then mv -f ".deps/scan.Tpo" ".deps/scan.Po"; else rm -f ".deps/scan.Tpo"; exit 1; fi
if arm-sony-linux-gnueabi-gcc -tarmv7a -DHAVE_CONFIG_H -I. -I.. -I.  -DLOCALEDIR=\"/usr/share/locale\" -I../intl   -O2 -MT skel.o -MD -MP -MF ".deps/skel.Tpo" -c -o skel.o ../skel.c; \
	then mv -f ".deps/skel.Tpo" ".deps/skel.Po"; else rm -f ".deps/skel.Tpo"; exit 1; fi
if arm-sony-linux-gnueabi-gcc -tarmv7a -DHAVE_CONFIG_H -I. -I.. -I.  -DLOCALEDIR=\"/usr/share/locale\" -I../intl   -O2 -MT sym.o -MD -MP -MF ".deps/sym.Tpo" -c -o sym.o ../sym.c; \
	then mv -f ".deps/sym.Tpo" ".deps/sym.Po"; else rm -f ".deps/sym.Tpo"; exit 1; fi
if arm-sony-linux-gnueabi-gcc -tarmv7a -DHAVE_CONFIG_H -I. -I.. -I.  -DLOCALEDIR=\"/usr/share/locale\" -I../intl   -O2 -MT tblcmp.o -MD -MP -MF ".deps/tblcmp.Tpo" -c -o tblcmp.o ../tblcmp.c; \
	then mv -f ".deps/tblcmp.Tpo" ".deps/tblcmp.Po"; else rm -f ".deps/tblcmp.Tpo"; exit 1; fi
if arm-sony-linux-gnueabi-gcc -tarmv7a -DHAVE_CONFIG_H -I. -I.. -I.  -DLOCALEDIR=\"/usr/share/locale\" -I../intl   -O2 -MT yylex.o -MD -MP -MF ".deps/yylex.Tpo" -c -o yylex.o ../yylex.c; \
	then mv -f ".deps/yylex.Tpo" ".deps/yylex.Po"; else rm -f ".deps/yylex.Tpo"; exit 1; fi
if arm-sony-linux-gnueabi-gcc -tarmv7a -DHAVE_CONFIG_H -I. -I.. -I.  -DLOCALEDIR=\"/usr/share/locale\" -I../intl   -O2 -MT options.o -MD -MP -MF ".deps/options.Tpo" -c -o options.o ../options.c; \
	then mv -f ".deps/options.Tpo" ".deps/options.Po"; else rm -f ".deps/options.Tpo"; exit 1; fi
if arm-sony-linux-gnueabi-gcc -tarmv7a -DHAVE_CONFIG_H -I. -I.. -I.  -DLOCALEDIR=\"/usr/share/locale\" -I../intl   -O2 -MT scanopt.o -MD -MP -MF ".deps/scanopt.Tpo" -c -o scanopt.o ../scanopt.c; \
	then mv -f ".deps/scanopt.Tpo" ".deps/scanopt.Po"; else rm -f ".deps/scanopt.Tpo"; exit 1; fi
if arm-sony-linux-gnueabi-gcc -tarmv7a -DHAVE_CONFIG_H -I. -I.. -I.  -DLOCALEDIR=\"/usr/share/locale\" -I../intl   -O2 -MT buf.o -MD -MP -MF ".deps/buf.Tpo" -c -o buf.o ../buf.c; \
	then mv -f ".deps/buf.Tpo" ".deps/buf.Po"; else rm -f ".deps/buf.Tpo"; exit 1; fi
if arm-sony-linux-gnueabi-gcc -tarmv7a -DHAVE_CONFIG_H -I. -I.. -I.  -DLOCALEDIR=\"/usr/share/locale\" -I../intl   -O2 -MT tables.o -MD -MP -MF ".deps/tables.Tpo" -c -o tables.o ../tables.c; \
	then mv -f ".deps/tables.Tpo" ".deps/tables.Po"; else rm -f ".deps/tables.Tpo"; exit 1; fi
if arm-sony-linux-gnueabi-gcc -tarmv7a -DHAVE_CONFIG_H -I. -I.. -I.  -DLOCALEDIR=\"/usr/share/locale\" -I../intl   -O2 -MT tables_shared.o -MD -MP -MF ".deps/tables_shared.Tpo" -c -o tables_shared.o ../tables_shared.c; \
	then mv -f ".deps/tables_shared.Tpo" ".deps/tables_shared.Po"; else rm -f ".deps/tables_shared.Tpo"; exit 1; fi
if arm-sony-linux-gnueabi-gcc -tarmv7a -DHAVE_CONFIG_H -I. -I.. -I.  -DLOCALEDIR=\"/usr/share/locale\" -I../intl   -O2 -MT filter.o -MD -MP -MF ".deps/filter.Tpo" -c -o filter.o ../filter.c; \
	then mv -f ".deps/filter.Tpo" ".deps/filter.Po"; else rm -f ".deps/filter.Tpo"; exit 1; fi
if arm-sony-linux-gnueabi-gcc -tarmv7a -DHAVE_CONFIG_H -I. -I.. -I.  -DLOCALEDIR=\"/usr/share/locale\" -I../intl   -O2 -MT regex.o -MD -MP -MF ".deps/regex.Tpo" -c -o regex.o ../regex.c; \
	then mv -f ".deps/regex.Tpo" ".deps/regex.Po"; else rm -f ".deps/regex.Tpo"; exit 1; fi
arm-sony-linux-gnueabi-gcc -tarmv7a  -O2   -o flex  ccl.o dfa.o ecs.o scanflags.o gen.o main.o misc.o nfa.o parse.o scan.o skel.o sym.o tblcmp.o yylex.o options.o scanopt.o buf.o tables.o tables_shared.o filter.o regex.o  -lm 
make[2]: Leaving directory `/home/rpmuser/rpm/BUILD/flex-2.5.35/objdir'
Making all in doc
make[2]: Entering directory `/home/rpmuser/rpm/BUILD/flex-2.5.35/objdir/doc'
make[2]: Leaving directory `/home/rpmuser/rpm/BUILD/flex-2.5.35/objdir/doc'
Making all in m4
make[2]: Entering directory `/home/rpmuser/rpm/BUILD/flex-2.5.35/objdir/m4'
make[2]: Nothing to be done for `all'.
make[2]: Leaving directory `/home/rpmuser/rpm/BUILD/flex-2.5.35/objdir/m4'
Making all in examples
make[2]: Entering directory `/home/rpmuser/rpm/BUILD/flex-2.5.35/objdir/examples'
Making all in manual
make[3]: Entering directory `/home/rpmuser/rpm/BUILD/flex-2.5.35/objdir/examples/manual'
make[3]: Nothing to be done for `all'.
make[3]: Leaving directory `/home/rpmuser/rpm/BUILD/flex-2.5.35/objdir/examples/manual'
Making all in fastwc
make[3]: Entering directory `/home/rpmuser/rpm/BUILD/flex-2.5.35/objdir/examples/fastwc'
make[3]: Nothing to be done for `all'.
make[3]: Leaving directory `/home/rpmuser/rpm/BUILD/flex-2.5.35/objdir/examples/fastwc'
make[3]: Entering directory `/home/rpmuser/rpm/BUILD/flex-2.5.35/objdir/examples'
make[3]: Nothing to be done for `all-am'.
make[3]: Leaving directory `/home/rpmuser/rpm/BUILD/flex-2.5.35/objdir/examples'
make[2]: Leaving directory `/home/rpmuser/rpm/BUILD/flex-2.5.35/objdir/examples'
Making all in po
make[2]: Entering directory `/home/rpmuser/rpm/BUILD/flex-2.5.35/objdir/po'
make[2]: Nothing to be done for `all'.
make[2]: Leaving directory `/home/rpmuser/rpm/BUILD/flex-2.5.35/objdir/po'
Making all in tools
make[2]: Entering directory `/home/rpmuser/rpm/BUILD/flex-2.5.35/objdir/tools'
make[2]: Nothing to be done for `all'.
make[2]: Leaving directory `/home/rpmuser/rpm/BUILD/flex-2.5.35/objdir/tools'
Making all in tests
make[2]: Entering directory `/home/rpmuser/rpm/BUILD/flex-2.5.35/objdir/tests'
Making all in test-concatenated-options
make[3]: Entering directory `/home/rpmuser/rpm/BUILD/flex-2.5.35/objdir/tests/test-concatenated-options'
make[3]: Nothing to be done for `all'.
make[3]: Leaving directory `/home/rpmuser/rpm/BUILD/flex-2.5.35/objdir/tests/test-concatenated-options'
Making all in test-c++-yywrap
make[3]: Entering directory `/home/rpmuser/rpm/BUILD/flex-2.5.35/objdir/tests/test-c++-yywrap'
make[3]: Nothing to be done for `all'.
make[3]: Leaving directory `/home/rpmuser/rpm/BUILD/flex-2.5.35/objdir/tests/test-c++-yywrap'
Making all in test-extended
make[3]: Entering directory `/home/rpmuser/rpm/BUILD/flex-2.5.35/objdir/tests/test-extended'
make[3]: Nothing to be done for `all'.
make[3]: Leaving directory `/home/rpmuser/rpm/BUILD/flex-2.5.35/objdir/tests/test-extended'
Making all in test-ccl
make[3]: Entering directory `/home/rpmuser/rpm/BUILD/flex-2.5.35/objdir/tests/test-ccl'
make[3]: Nothing to be done for `all'.
make[3]: Leaving directory `/home/rpmuser/rpm/BUILD/flex-2.5.35/objdir/tests/test-ccl'
Making all in test-quotes
make[3]: Entering directory `/home/rpmuser/rpm/BUILD/flex-2.5.35/objdir/tests/test-quotes'
make[3]: Nothing to be done for `all'.
make[3]: Leaving directory `/home/rpmuser/rpm/BUILD/flex-2.5.35/objdir/tests/test-quotes'
Making all in test-rescan-r
make[3]: Entering directory `/home/rpmuser/rpm/BUILD/flex-2.5.35/objdir/tests/test-rescan-r'
make[3]: Nothing to be done for `all'.
make[3]: Leaving directory `/home/rpmuser/rpm/BUILD/flex-2.5.35/objdir/tests/test-rescan-r'
Making all in test-rescan-nr
make[3]: Entering directory `/home/rpmuser/rpm/BUILD/flex-2.5.35/objdir/tests/test-rescan-nr'
make[3]: Nothing to be done for `all'.
make[3]: Leaving directory `/home/rpmuser/rpm/BUILD/flex-2.5.35/objdir/tests/test-rescan-nr'
Making all in test-basic-nr
make[3]: Entering directory `/home/rpmuser/rpm/BUILD/flex-2.5.35/objdir/tests/test-basic-nr'
make[3]: Nothing to be done for `all'.
make[3]: Leaving directory `/home/rpmuser/rpm/BUILD/flex-2.5.35/objdir/tests/test-basic-nr'
Making all in test-basic-r
make[3]: Entering directory `/home/rpmuser/rpm/BUILD/flex-2.5.35/objdir/tests/test-basic-r'
make[3]: Nothing to be done for `all'.
make[3]: Leaving directory `/home/rpmuser/rpm/BUILD/flex-2.5.35/objdir/tests/test-basic-r'
Making all in test-bison-yylloc
make[3]: Entering directory `/home/rpmuser/rpm/BUILD/flex-2.5.35/objdir/tests/test-bison-yylloc'
make[3]: Nothing to be done for `all'.
make[3]: Leaving directory `/home/rpmuser/rpm/BUILD/flex-2.5.35/objdir/tests/test-bison-yylloc'
Making all in test-bison-yylval
make[3]: Entering directory `/home/rpmuser/rpm/BUILD/flex-2.5.35/objdir/tests/test-bison-yylval'
make[3]: Nothing to be done for `all'.
make[3]: Leaving directory `/home/rpmuser/rpm/BUILD/flex-2.5.35/objdir/tests/test-bison-yylval'
Making all in test-bison-nr
make[3]: Entering directory `/home/rpmuser/rpm/BUILD/flex-2.5.35/objdir/tests/test-bison-nr'
make[3]: Nothing to be done for `all'.
make[3]: Leaving directory `/home/rpmuser/rpm/BUILD/flex-2.5.35/objdir/tests/test-bison-nr'
Making all in test-multiple-scanners-nr
make[3]: Entering directory `/home/rpmuser/rpm/BUILD/flex-2.5.35/objdir/tests/test-multiple-scanners-nr'
make[3]: Nothing to be done for `all'.
make[3]: Leaving directory `/home/rpmuser/rpm/BUILD/flex-2.5.35/objdir/tests/test-multiple-scanners-nr'
Making all in test-multiple-scanners-r
make[3]: Entering directory `/home/rpmuser/rpm/BUILD/flex-2.5.35/objdir/tests/test-multiple-scanners-r'
make[3]: Nothing to be done for `all'.
make[3]: Leaving directory `/home/rpmuser/rpm/BUILD/flex-2.5.35/objdir/tests/test-multiple-scanners-r'
Making all in test-header-nr
make[3]: Entering directory `/home/rpmuser/rpm/BUILD/flex-2.5.35/objdir/tests/test-header-nr'
make[3]: Nothing to be done for `all'.
make[3]: Leaving directory `/home/rpmuser/rpm/BUILD/flex-2.5.35/objdir/tests/test-header-nr'
Making all in test-header-r
make[3]: Entering directory `/home/rpmuser/rpm/BUILD/flex-2.5.35/objdir/tests/test-header-r'
make[3]: Nothing to be done for `all'.
make[3]: Leaving directory `/home/rpmuser/rpm/BUILD/flex-2.5.35/objdir/tests/test-header-r'
Making all in test-reject
make[3]: Entering directory `/home/rpmuser/rpm/BUILD/flex-2.5.35/objdir/tests/test-reject'
make[3]: Nothing to be done for `all'.
make[3]: Leaving directory `/home/rpmuser/rpm/BUILD/flex-2.5.35/objdir/tests/test-reject'
Making all in test-c++-multiple-scanners
make[3]: Entering directory `/home/rpmuser/rpm/BUILD/flex-2.5.35/objdir/tests/test-c++-multiple-scanners'
make[3]: Nothing to be done for `all'.
make[3]: Leaving directory `/home/rpmuser/rpm/BUILD/flex-2.5.35/objdir/tests/test-c++-multiple-scanners'
Making all in test-c++-basic
make[3]: Entering directory `/home/rpmuser/rpm/BUILD/flex-2.5.35/objdir/tests/test-c++-basic'
make[3]: Nothing to be done for `all'.
make[3]: Leaving directory `/home/rpmuser/rpm/BUILD/flex-2.5.35/objdir/tests/test-c++-basic'
Making all in test-posixly-correct
make[3]: Entering directory `/home/rpmuser/rpm/BUILD/flex-2.5.35/objdir/tests/test-posixly-correct'
make[3]: Nothing to be done for `all'.
make[3]: Leaving directory `/home/rpmuser/rpm/BUILD/flex-2.5.35/objdir/tests/test-posixly-correct'
Making all in test-posix
make[3]: Entering directory `/home/rpmuser/rpm/BUILD/flex-2.5.35/objdir/tests/test-posix'
make[3]: Nothing to be done for `all'.
make[3]: Leaving directory `/home/rpmuser/rpm/BUILD/flex-2.5.35/objdir/tests/test-posix'
Making all in test-mem-r
make[3]: Entering directory `/home/rpmuser/rpm/BUILD/flex-2.5.35/objdir/tests/test-mem-r'
make[3]: Nothing to be done for `all'.
make[3]: Leaving directory `/home/rpmuser/rpm/BUILD/flex-2.5.35/objdir/tests/test-mem-r'
Making all in test-mem-nr
make[3]: Entering directory `/home/rpmuser/rpm/BUILD/flex-2.5.35/objdir/tests/test-mem-nr'
make[3]: Nothing to be done for `all'.
make[3]: Leaving directory `/home/rpmuser/rpm/BUILD/flex-2.5.35/objdir/tests/test-mem-nr'
Making all in test-debug-nr
make[3]: Entering directory `/home/rpmuser/rpm/BUILD/flex-2.5.35/objdir/tests/test-debug-nr'
make[3]: Nothing to be done for `all'.
make[3]: Leaving directory `/home/rpmuser/rpm/BUILD/flex-2.5.35/objdir/tests/test-debug-nr'
Making all in test-debug-r
make[3]: Entering directory `/home/rpmuser/rpm/BUILD/flex-2.5.35/objdir/tests/test-debug-r'
make[3]: Nothing to be done for `all'.
make[3]: Leaving directory `/home/rpmuser/rpm/BUILD/flex-2.5.35/objdir/tests/test-debug-r'
Making all in test-lineno-r
make[3]: Entering directory `/home/rpmuser/rpm/BUILD/flex-2.5.35/objdir/tests/test-lineno-r'
make[3]: Nothing to be done for `all'.
make[3]: Leaving directory `/home/rpmuser/rpm/BUILD/flex-2.5.35/objdir/tests/test-lineno-r'
Making all in test-lineno-nr
make[3]: Entering directory `/home/rpmuser/rpm/BUILD/flex-2.5.35/objdir/tests/test-lineno-nr'
make[3]: Nothing to be done for `all'.
make[3]: Leaving directory `/home/rpmuser/rpm/BUILD/flex-2.5.35/objdir/tests/test-lineno-nr'
Making all in test-linedir-r
make[3]: Entering directory `/home/rpmuser/rpm/BUILD/flex-2.5.35/objdir/tests/test-linedir-r'
make[3]: Nothing to be done for `all'.
make[3]: Leaving directory `/home/rpmuser/rpm/BUILD/flex-2.5.35/objdir/tests/test-linedir-r'
Making all in test-array-nr
make[3]: Entering directory `/home/rpmuser/rpm/BUILD/flex-2.5.35/objdir/tests/test-array-nr'
make[3]: Nothing to be done for `all'.
make[3]: Leaving directory `/home/rpmuser/rpm/BUILD/flex-2.5.35/objdir/tests/test-array-nr'
Making all in test-array-r
make[3]: Entering directory `/home/rpmuser/rpm/BUILD/flex-2.5.35/objdir/tests/test-array-r'
make[3]: Nothing to be done for `all'.
make[3]: Leaving directory `/home/rpmuser/rpm/BUILD/flex-2.5.35/objdir/tests/test-array-r'
Making all in test-c-cpp-nr
make[3]: Entering directory `/home/rpmuser/rpm/BUILD/flex-2.5.35/objdir/tests/test-c-cpp-nr'
make[3]: Nothing to be done for `all'.
make[3]: Leaving directory `/home/rpmuser/rpm/BUILD/flex-2.5.35/objdir/tests/test-c-cpp-nr'
Making all in test-c-cpp-r
make[3]: Entering directory `/home/rpmuser/rpm/BUILD/flex-2.5.35/objdir/tests/test-c-cpp-r'
make[3]: Nothing to be done for `all'.
make[3]: Leaving directory `/home/rpmuser/rpm/BUILD/flex-2.5.35/objdir/tests/test-c-cpp-r'
Making all in test-include-by-buffer
make[3]: Entering directory `/home/rpmuser/rpm/BUILD/flex-2.5.35/objdir/tests/test-include-by-buffer'
make[3]: Nothing to be done for `all'.
make[3]: Leaving directory `/home/rpmuser/rpm/BUILD/flex-2.5.35/objdir/tests/test-include-by-buffer'
Making all in test-include-by-push
make[3]: Entering directory `/home/rpmuser/rpm/BUILD/flex-2.5.35/objdir/tests/test-include-by-push'
make[3]: Nothing to be done for `all'.
make[3]: Leaving directory `/home/rpmuser/rpm/BUILD/flex-2.5.35/objdir/tests/test-include-by-push'
Making all in test-include-by-reentrant
make[3]: Entering directory `/home/rpmuser/rpm/BUILD/flex-2.5.35/objdir/tests/test-include-by-reentrant'
make[3]: Nothing to be done for `all'.
make[3]: Leaving directory `/home/rpmuser/rpm/BUILD/flex-2.5.35/objdir/tests/test-include-by-reentrant'
Making all in test-prefix-nr
make[3]: Entering directory `/home/rpmuser/rpm/BUILD/flex-2.5.35/objdir/tests/test-prefix-nr'
make[3]: Nothing to be done for `all'.
make[3]: Leaving directory `/home/rpmuser/rpm/BUILD/flex-2.5.35/objdir/tests/test-prefix-nr'
Making all in test-prefix-r
make[3]: Entering directory `/home/rpmuser/rpm/BUILD/flex-2.5.35/objdir/tests/test-prefix-r'
make[3]: Nothing to be done for `all'.
make[3]: Leaving directory `/home/rpmuser/rpm/BUILD/flex-2.5.35/objdir/tests/test-prefix-r'
Making all in test-pthread
make[3]: Entering directory `/home/rpmuser/rpm/BUILD/flex-2.5.35/objdir/tests/test-pthread'
make[3]: Nothing to be done for `all'.
make[3]: Leaving directory `/home/rpmuser/rpm/BUILD/flex-2.5.35/objdir/tests/test-pthread'
Making all in test-string-nr
make[3]: Entering directory `/home/rpmuser/rpm/BUILD/flex-2.5.35/objdir/tests/test-string-nr'
make[3]: Nothing to be done for `all'.
make[3]: Leaving directory `/home/rpmuser/rpm/BUILD/flex-2.5.35/objdir/tests/test-string-nr'
Making all in test-string-r
make[3]: Entering directory `/home/rpmuser/rpm/BUILD/flex-2.5.35/objdir/tests/test-string-r'
make[3]: Nothing to be done for `all'.
make[3]: Leaving directory `/home/rpmuser/rpm/BUILD/flex-2.5.35/objdir/tests/test-string-r'
Making all in test-yyextra
make[3]: Entering directory `/home/rpmuser/rpm/BUILD/flex-2.5.35/objdir/tests/test-yyextra'
make[3]: Nothing to be done for `all'.
make[3]: Leaving directory `/home/rpmuser/rpm/BUILD/flex-2.5.35/objdir/tests/test-yyextra'
Making all in test-alloc-extra
make[3]: Entering directory `/home/rpmuser/rpm/BUILD/flex-2.5.35/objdir/tests/test-alloc-extra'
make[3]: Nothing to be done for `all'.
make[3]: Leaving directory `/home/rpmuser/rpm/BUILD/flex-2.5.35/objdir/tests/test-alloc-extra'
Making all in test-noansi-nr
make[3]: Entering directory `/home/rpmuser/rpm/BUILD/flex-2.5.35/objdir/tests/test-noansi-nr'
make[3]: Nothing to be done for `all'.
make[3]: Leaving directory `/home/rpmuser/rpm/BUILD/flex-2.5.35/objdir/tests/test-noansi-nr'
Making all in test-noansi-r
make[3]: Entering directory `/home/rpmuser/rpm/BUILD/flex-2.5.35/objdir/tests/test-noansi-r'
make[3]: Nothing to be done for `all'.
make[3]: Leaving directory `/home/rpmuser/rpm/BUILD/flex-2.5.35/objdir/tests/test-noansi-r'
Making all in test-top
make[3]: Entering directory `/home/rpmuser/rpm/BUILD/flex-2.5.35/objdir/tests/test-top'
make[3]: Nothing to be done for `all'.
make[3]: Leaving directory `/home/rpmuser/rpm/BUILD/flex-2.5.35/objdir/tests/test-top'
Making all in test-table-opts
make[3]: Entering directory `/home/rpmuser/rpm/BUILD/flex-2.5.35/objdir/tests/test-table-opts'
make[3]: Nothing to be done for `all'.
make[3]: Leaving directory `/home/rpmuser/rpm/BUILD/flex-2.5.35/objdir/tests/test-table-opts'
make[3]: Entering directory `/home/rpmuser/rpm/BUILD/flex-2.5.35/objdir/tests'
make[3]: Nothing to be done for `all-am'.
make[3]: Leaving directory `/home/rpmuser/rpm/BUILD/flex-2.5.35/objdir/tests'
make[2]: Leaving directory `/home/rpmuser/rpm/BUILD/flex-2.5.35/objdir/tests'
make[1]: Leaving directory `/home/rpmuser/rpm/BUILD/flex-2.5.35/objdir'
+ exit 0
Executing(%install): /bin/sh -e /home/rpmuser/rpm/tmp/rpm-tmp.q7oFIG
+ umask 022
+ cd /home/rpmuser/rpm/BUILD
+ cd flex-2.5.35
+ rm -rf /home/rpmuser/rpm/BUILDROOT/sony-target-dev-flex-2.5.35-11000001.x86_64
+ PATH=/usr/local/arm-sony-linux-gnueabi/host/bin:/usr/local/arm-sony-linux-gnueabi/cross/bin:/usr/local/arm-sony-linux-gnueabi/cross/bin:/usr/local/sbin:/usr/local/bin:/usr/sbin:/usr/bin:/sbin:/bin:/usr/games
+ export PATH
+ CONFIG_SHELL=/bin/sh
+ export CONFIG_SHELL
+ CC='arm-sony-linux-gnueabi-gcc -tarmv7a'
+ export CC
+ AS=arm-sony-linux-gnueabi-as
+ export AS
+ LD=arm-sony-linux-gnueabi-ld
+ export LD
+ AR=arm-sony-linux-gnueabi-ar
+ export AR
+ RANLIB=arm-sony-linux-gnueabi-ranlib
+ export RANLIB
+ CPP='arm-sony-linux-gnueabi-cpp -tarmv7a'
+ export CPP
+ CXX='arm-sony-linux-gnueabi-g++ -tarmv7a'
+ export CXX
+ NM=arm-sony-linux-gnueabi-nm
+ export NM
+ STRIP=true
+ export STRIP
+ OBJCOPY=arm-sony-linux-gnueabi-objcopy
+ export OBJCOPY
+ OBJDUMP=arm-sony-linux-gnueabi-objdump
+ export OBJDUMP
+ CFLAGS=-O2
+ export CFLAGS
+ CXXFLAGS=-O2
+ export CXXFLAGS
+ FFLAGS=-O2
+ export FFLAGS
+ LDFLAGS=
+ export LDFLAGS
+ CROSS_COMPILE_PREFIX=/usr/local/arm-sony-linux-gnueabi/target/armv7a
+ export CROSS_COMPILE_PREFIX
+ PKG_CONFIG_SYSROOT_DIR=/usr/local/arm-sony-linux-gnueabi/target/armv7a
+ export PKG_CONFIG_SYSROOT_DIR
+ PKG_CONFIG_LIBDIR=/usr/local/arm-sony-linux-gnueabi/target/armv7a//tool/usr/lib/pkgconfig
+ export PKG_CONFIG_LIBDIR
+ PKG_CONFIG_PATH=/usr/local/arm-sony-linux-gnueabi/target/armv7a//tool/usr/lib/pkgconfig
+ export PKG_CONFIG_PATH
+ true
+ cd objdir
+ make DESTDIR=/home/rpmuser/rpm/BUILDROOT/sony-target-dev-flex-2.5.35-11000001.x86_64/usr/local/arm-sony-linux-gnueabi/target/armv7a install
make  install-recursive
make[1]: Entering directory `/home/rpmuser/rpm/BUILD/flex-2.5.35/objdir'
Making install in .
make[2]: Entering directory `/home/rpmuser/rpm/BUILD/flex-2.5.35/objdir'
make[3]: Entering directory `/home/rpmuser/rpm/BUILD/flex-2.5.35/objdir'
test -z "/usr/bin" || mkdir -p -- "/home/rpmuser/rpm/BUILDROOT/sony-target-dev-flex-2.5.35-11000001.x86_64/usr/local/arm-sony-linux-gnueabi/target/armv7a/usr/bin"
  /usr/bin/install -c 'flex' '/home/rpmuser/rpm/BUILDROOT/sony-target-dev-flex-2.5.35-11000001.x86_64/usr/local/arm-sony-linux-gnueabi/target/armv7a/usr/bin/flex'
test -z "/usr/lib" || mkdir -p -- "/home/rpmuser/rpm/BUILDROOT/sony-target-dev-flex-2.5.35-11000001.x86_64/usr/local/arm-sony-linux-gnueabi/target/armv7a/usr/lib"
 /usr/bin/install -c -m 644 'libfl.a' '/home/rpmuser/rpm/BUILDROOT/sony-target-dev-flex-2.5.35-11000001.x86_64/usr/local/arm-sony-linux-gnueabi/target/armv7a/usr/lib/libfl.a'
 /usr/bin/install -c -m 644 'libfl_pic.a' '/home/rpmuser/rpm/BUILDROOT/sony-target-dev-flex-2.5.35-11000001.x86_64/usr/local/arm-sony-linux-gnueabi/target/armv7a/usr/lib/libfl_pic.a'
 arm-sony-linux-gnueabi-ranlib '/home/rpmuser/rpm/BUILDROOT/sony-target-dev-flex-2.5.35-11000001.x86_64/usr/local/arm-sony-linux-gnueabi/target/armv7a/usr/lib/libfl.a'
 arm-sony-linux-gnueabi-ranlib '/home/rpmuser/rpm/BUILDROOT/sony-target-dev-flex-2.5.35-11000001.x86_64/usr/local/arm-sony-linux-gnueabi/target/armv7a/usr/lib/libfl_pic.a'
test -z "/tool//usr/include" || mkdir -p -- "/home/rpmuser/rpm/BUILDROOT/sony-target-dev-flex-2.5.35-11000001.x86_64/usr/local/arm-sony-linux-gnueabi/target/armv7a/tool//usr/include"
 /usr/bin/install -c -m 644 '../FlexLexer.h' '/home/rpmuser/rpm/BUILDROOT/sony-target-dev-flex-2.5.35-11000001.x86_64/usr/local/arm-sony-linux-gnueabi/target/armv7a/tool//usr/include/FlexLexer.h'
make[3]: Leaving directory `/home/rpmuser/rpm/BUILD/flex-2.5.35/objdir'
make[2]: Leaving directory `/home/rpmuser/rpm/BUILD/flex-2.5.35/objdir'
Making install in doc
make[2]: Entering directory `/home/rpmuser/rpm/BUILD/flex-2.5.35/objdir/doc'
make[3]: Entering directory `/home/rpmuser/rpm/BUILD/flex-2.5.35/objdir/doc'
make[3]: Nothing to be done for `install-exec-am'.
test -z "/usr/info" || mkdir -p -- "/home/rpmuser/rpm/BUILDROOT/sony-target-dev-flex-2.5.35-11000001.x86_64/usr/local/arm-sony-linux-gnueabi/target/armv7a/usr/info"
 /usr/bin/install -c -m 644 '../../doc/flex.info' '/home/rpmuser/rpm/BUILDROOT/sony-target-dev-flex-2.5.35-11000001.x86_64/usr/local/arm-sony-linux-gnueabi/target/armv7a/usr/info/flex.info'
 /usr/bin/install -c -m 644 '../../doc/flex.info-1' '/home/rpmuser/rpm/BUILDROOT/sony-target-dev-flex-2.5.35-11000001.x86_64/usr/local/arm-sony-linux-gnueabi/target/armv7a/usr/info/flex.info-1'
 /usr/bin/install -c -m 644 '../../doc/flex.info-2' '/home/rpmuser/rpm/BUILDROOT/sony-target-dev-flex-2.5.35-11000001.x86_64/usr/local/arm-sony-linux-gnueabi/target/armv7a/usr/info/flex.info-2'
 install-info --info-dir='/home/rpmuser/rpm/BUILDROOT/sony-target-dev-flex-2.5.35-11000001.x86_64/usr/local/arm-sony-linux-gnueabi/target/armv7a/usr/info' '/home/rpmuser/rpm/BUILDROOT/sony-target-dev-flex-2.5.35-11000001.x86_64/usr/local/arm-sony-linux-gnueabi/target/armv7a/usr/info/flex.info'
This is not dpkg install-info anymore, but GNU install-info
See the man page for ginstall-info for command line arguments
test -z "/usr/man/man1" || mkdir -p -- "/home/rpmuser/rpm/BUILDROOT/sony-target-dev-flex-2.5.35-11000001.x86_64/usr/local/arm-sony-linux-gnueabi/target/armv7a/usr/man/man1"
 /usr/bin/install -c -m 644 '../../doc/flex.1' '/home/rpmuser/rpm/BUILDROOT/sony-target-dev-flex-2.5.35-11000001.x86_64/usr/local/arm-sony-linux-gnueabi/target/armv7a/usr/man/man1/flex.1'
make[3]: Leaving directory `/home/rpmuser/rpm/BUILD/flex-2.5.35/objdir/doc'
make[2]: Leaving directory `/home/rpmuser/rpm/BUILD/flex-2.5.35/objdir/doc'
Making install in m4
make[2]: Entering directory `/home/rpmuser/rpm/BUILD/flex-2.5.35/objdir/m4'
make[3]: Entering directory `/home/rpmuser/rpm/BUILD/flex-2.5.35/objdir/m4'
make[3]: Nothing to be done for `install-exec-am'.
make[3]: Nothing to be done for `install-data-am'.
make[3]: Leaving directory `/home/rpmuser/rpm/BUILD/flex-2.5.35/objdir/m4'
make[2]: Leaving directory `/home/rpmuser/rpm/BUILD/flex-2.5.35/objdir/m4'
Making install in examples
make[2]: Entering directory `/home/rpmuser/rpm/BUILD/flex-2.5.35/objdir/examples'
Making install in manual
make[3]: Entering directory `/home/rpmuser/rpm/BUILD/flex-2.5.35/objdir/examples/manual'
make[4]: Entering directory `/home/rpmuser/rpm/BUILD/flex-2.5.35/objdir/examples/manual'
make[4]: Nothing to be done for `install-exec-am'.
make[4]: Nothing to be done for `install-data-am'.
make[4]: Leaving directory `/home/rpmuser/rpm/BUILD/flex-2.5.35/objdir/examples/manual'
make[3]: Leaving directory `/home/rpmuser/rpm/BUILD/flex-2.5.35/objdir/examples/manual'
Making install in fastwc
make[3]: Entering directory `/home/rpmuser/rpm/BUILD/flex-2.5.35/objdir/examples/fastwc'
make[4]: Entering directory `/home/rpmuser/rpm/BUILD/flex-2.5.35/objdir/examples/fastwc'
make[4]: Nothing to be done for `install-exec-am'.
make[4]: Nothing to be done for `install-data-am'.
make[4]: Leaving directory `/home/rpmuser/rpm/BUILD/flex-2.5.35/objdir/examples/fastwc'
make[3]: Leaving directory `/home/rpmuser/rpm/BUILD/flex-2.5.35/objdir/examples/fastwc'
make[3]: Entering directory `/home/rpmuser/rpm/BUILD/flex-2.5.35/objdir/examples'
make[4]: Entering directory `/home/rpmuser/rpm/BUILD/flex-2.5.35/objdir/examples'
make[4]: Nothing to be done for `install-exec-am'.
make[4]: Nothing to be done for `install-data-am'.
make[4]: Leaving directory `/home/rpmuser/rpm/BUILD/flex-2.5.35/objdir/examples'
make[3]: Leaving directory `/home/rpmuser/rpm/BUILD/flex-2.5.35/objdir/examples'
make[2]: Leaving directory `/home/rpmuser/rpm/BUILD/flex-2.5.35/objdir/examples'
Making install in po
make[2]: Entering directory `/home/rpmuser/rpm/BUILD/flex-2.5.35/objdir/po'
if test "flex" = "gettext-tools"; then \
	  /bin/sh ../../mkinstalldirs /home/rpmuser/rpm/BUILDROOT/sony-target-dev-flex-2.5.35-11000001.x86_64/usr/local/arm-sony-linux-gnueabi/target/armv7a/usr/share/gettext/po; \
	  for file in Makefile.in.in remove-potcdate.sin quot.sed boldquot.sed en@quot.header en@boldquot.header insert-header.sin Rules-quot   Makevars.template; do \
	    /usr/bin/install -c -m 644 ../../po/$file \
			    /home/rpmuser/rpm/BUILDROOT/sony-target-dev-flex-2.5.35-11000001.x86_64/usr/local/arm-sony-linux-gnueabi/target/armv7a/usr/share/gettext/po/$file; \
	  done; \
	  for file in Makevars; do \
	    rm -f /home/rpmuser/rpm/BUILDROOT/sony-target-dev-flex-2.5.35-11000001.x86_64/usr/local/arm-sony-linux-gnueabi/target/armv7a/usr/share/gettext/po/$file; \
	  done; \
	else \
	  : ; \
	fi
make[2]: Leaving directory `/home/rpmuser/rpm/BUILD/flex-2.5.35/objdir/po'
Making install in tools
make[2]: Entering directory `/home/rpmuser/rpm/BUILD/flex-2.5.35/objdir/tools'
make[3]: Entering directory `/home/rpmuser/rpm/BUILD/flex-2.5.35/objdir/tools'
make[3]: Nothing to be done for `install-exec-am'.
make[3]: Nothing to be done for `install-data-am'.
make[3]: Leaving directory `/home/rpmuser/rpm/BUILD/flex-2.5.35/objdir/tools'
make[2]: Leaving directory `/home/rpmuser/rpm/BUILD/flex-2.5.35/objdir/tools'
Making install in tests
make[2]: Entering directory `/home/rpmuser/rpm/BUILD/flex-2.5.35/objdir/tests'
Making install in test-concatenated-options
make[3]: Entering directory `/home/rpmuser/rpm/BUILD/flex-2.5.35/objdir/tests/test-concatenated-options'
make[4]: Entering directory `/home/rpmuser/rpm/BUILD/flex-2.5.35/objdir/tests/test-concatenated-options'
make[4]: Nothing to be done for `install-exec-am'.
make[4]: Nothing to be done for `install-data-am'.
make[4]: Leaving directory `/home/rpmuser/rpm/BUILD/flex-2.5.35/objdir/tests/test-concatenated-options'
make[3]: Leaving directory `/home/rpmuser/rpm/BUILD/flex-2.5.35/objdir/tests/test-concatenated-options'
Making install in test-c++-yywrap
make[3]: Entering directory `/home/rpmuser/rpm/BUILD/flex-2.5.35/objdir/tests/test-c++-yywrap'
make[4]: Entering directory `/home/rpmuser/rpm/BUILD/flex-2.5.35/objdir/tests/test-c++-yywrap'
make[4]: Nothing to be done for `install-exec-am'.
make[4]: Nothing to be done for `install-data-am'.
make[4]: Leaving directory `/home/rpmuser/rpm/BUILD/flex-2.5.35/objdir/tests/test-c++-yywrap'
make[3]: Leaving directory `/home/rpmuser/rpm/BUILD/flex-2.5.35/objdir/tests/test-c++-yywrap'
Making install in test-extended
make[3]: Entering directory `/home/rpmuser/rpm/BUILD/flex-2.5.35/objdir/tests/test-extended'
make[4]: Entering directory `/home/rpmuser/rpm/BUILD/flex-2.5.35/objdir/tests/test-extended'
make[4]: Nothing to be done for `install-exec-am'.
make[4]: Nothing to be done for `install-data-am'.
make[4]: Leaving directory `/home/rpmuser/rpm/BUILD/flex-2.5.35/objdir/tests/test-extended'
make[3]: Leaving directory `/home/rpmuser/rpm/BUILD/flex-2.5.35/objdir/tests/test-extended'
Making install in test-ccl
make[3]: Entering directory `/home/rpmuser/rpm/BUILD/flex-2.5.35/objdir/tests/test-ccl'
make[4]: Entering directory `/home/rpmuser/rpm/BUILD/flex-2.5.35/objdir/tests/test-ccl'
make[4]: Nothing to be done for `install-exec-am'.
make[4]: Nothing to be done for `install-data-am'.
make[4]: Leaving directory `/home/rpmuser/rpm/BUILD/flex-2.5.35/objdir/tests/test-ccl'
make[3]: Leaving directory `/home/rpmuser/rpm/BUILD/flex-2.5.35/objdir/tests/test-ccl'
Making install in test-quotes
make[3]: Entering directory `/home/rpmuser/rpm/BUILD/flex-2.5.35/objdir/tests/test-quotes'
make[4]: Entering directory `/home/rpmuser/rpm/BUILD/flex-2.5.35/objdir/tests/test-quotes'
make[4]: Nothing to be done for `install-exec-am'.
make[4]: Nothing to be done for `install-data-am'.
make[4]: Leaving directory `/home/rpmuser/rpm/BUILD/flex-2.5.35/objdir/tests/test-quotes'
make[3]: Leaving directory `/home/rpmuser/rpm/BUILD/flex-2.5.35/objdir/tests/test-quotes'
Making install in test-rescan-r
make[3]: Entering directory `/home/rpmuser/rpm/BUILD/flex-2.5.35/objdir/tests/test-rescan-r'
make[4]: Entering directory `/home/rpmuser/rpm/BUILD/flex-2.5.35/objdir/tests/test-rescan-r'
make[4]: Nothing to be done for `install-exec-am'.
make[4]: Nothing to be done for `install-data-am'.
make[4]: Leaving directory `/home/rpmuser/rpm/BUILD/flex-2.5.35/objdir/tests/test-rescan-r'
make[3]: Leaving directory `/home/rpmuser/rpm/BUILD/flex-2.5.35/objdir/tests/test-rescan-r'
Making install in test-rescan-nr
make[3]: Entering directory `/home/rpmuser/rpm/BUILD/flex-2.5.35/objdir/tests/test-rescan-nr'
make[4]: Entering directory `/home/rpmuser/rpm/BUILD/flex-2.5.35/objdir/tests/test-rescan-nr'
make[4]: Nothing to be done for `install-exec-am'.
make[4]: Nothing to be done for `install-data-am'.
make[4]: Leaving directory `/home/rpmuser/rpm/BUILD/flex-2.5.35/objdir/tests/test-rescan-nr'
make[3]: Leaving directory `/home/rpmuser/rpm/BUILD/flex-2.5.35/objdir/tests/test-rescan-nr'
Making install in test-basic-nr
make[3]: Entering directory `/home/rpmuser/rpm/BUILD/flex-2.5.35/objdir/tests/test-basic-nr'
make[4]: Entering directory `/home/rpmuser/rpm/BUILD/flex-2.5.35/objdir/tests/test-basic-nr'
make[4]: Nothing to be done for `install-exec-am'.
make[4]: Nothing to be done for `install-data-am'.
make[4]: Leaving directory `/home/rpmuser/rpm/BUILD/flex-2.5.35/objdir/tests/test-basic-nr'
make[3]: Leaving directory `/home/rpmuser/rpm/BUILD/flex-2.5.35/objdir/tests/test-basic-nr'
Making install in test-basic-r
make[3]: Entering directory `/home/rpmuser/rpm/BUILD/flex-2.5.35/objdir/tests/test-basic-r'
make[4]: Entering directory `/home/rpmuser/rpm/BUILD/flex-2.5.35/objdir/tests/test-basic-r'
make[4]: Nothing to be done for `install-exec-am'.
make[4]: Nothing to be done for `install-data-am'.
make[4]: Leaving directory `/home/rpmuser/rpm/BUILD/flex-2.5.35/objdir/tests/test-basic-r'
make[3]: Leaving directory `/home/rpmuser/rpm/BUILD/flex-2.5.35/objdir/tests/test-basic-r'
Making install in test-bison-yylloc
make[3]: Entering directory `/home/rpmuser/rpm/BUILD/flex-2.5.35/objdir/tests/test-bison-yylloc'
make[4]: Entering directory `/home/rpmuser/rpm/BUILD/flex-2.5.35/objdir/tests/test-bison-yylloc'
make[4]: Nothing to be done for `install-exec-am'.
make[4]: Nothing to be done for `install-data-am'.
make[4]: Leaving directory `/home/rpmuser/rpm/BUILD/flex-2.5.35/objdir/tests/test-bison-yylloc'
make[3]: Leaving directory `/home/rpmuser/rpm/BUILD/flex-2.5.35/objdir/tests/test-bison-yylloc'
Making install in test-bison-yylval
make[3]: Entering directory `/home/rpmuser/rpm/BUILD/flex-2.5.35/objdir/tests/test-bison-yylval'
make[4]: Entering directory `/home/rpmuser/rpm/BUILD/flex-2.5.35/objdir/tests/test-bison-yylval'
make[4]: Nothing to be done for `install-exec-am'.
make[4]: Nothing to be done for `install-data-am'.
make[4]: Leaving directory `/home/rpmuser/rpm/BUILD/flex-2.5.35/objdir/tests/test-bison-yylval'
make[3]: Leaving directory `/home/rpmuser/rpm/BUILD/flex-2.5.35/objdir/tests/test-bison-yylval'
Making install in test-bison-nr
make[3]: Entering directory `/home/rpmuser/rpm/BUILD/flex-2.5.35/objdir/tests/test-bison-nr'
make[4]: Entering directory `/home/rpmuser/rpm/BUILD/flex-2.5.35/objdir/tests/test-bison-nr'
make[4]: Nothing to be done for `install-exec-am'.
make[4]: Nothing to be done for `install-data-am'.
make[4]: Leaving directory `/home/rpmuser/rpm/BUILD/flex-2.5.35/objdir/tests/test-bison-nr'
make[3]: Leaving directory `/home/rpmuser/rpm/BUILD/flex-2.5.35/objdir/tests/test-bison-nr'
Making install in test-multiple-scanners-nr
make[3]: Entering directory `/home/rpmuser/rpm/BUILD/flex-2.5.35/objdir/tests/test-multiple-scanners-nr'
make[4]: Entering directory `/home/rpmuser/rpm/BUILD/flex-2.5.35/objdir/tests/test-multiple-scanners-nr'
make[4]: Nothing to be done for `install-exec-am'.
make[4]: Nothing to be done for `install-data-am'.
make[4]: Leaving directory `/home/rpmuser/rpm/BUILD/flex-2.5.35/objdir/tests/test-multiple-scanners-nr'
make[3]: Leaving directory `/home/rpmuser/rpm/BUILD/flex-2.5.35/objdir/tests/test-multiple-scanners-nr'
Making install in test-multiple-scanners-r
make[3]: Entering directory `/home/rpmuser/rpm/BUILD/flex-2.5.35/objdir/tests/test-multiple-scanners-r'
make[4]: Entering directory `/home/rpmuser/rpm/BUILD/flex-2.5.35/objdir/tests/test-multiple-scanners-r'
make[4]: Nothing to be done for `install-exec-am'.
make[4]: Nothing to be done for `install-data-am'.
make[4]: Leaving directory `/home/rpmuser/rpm/BUILD/flex-2.5.35/objdir/tests/test-multiple-scanners-r'
make[3]: Leaving directory `/home/rpmuser/rpm/BUILD/flex-2.5.35/objdir/tests/test-multiple-scanners-r'
Making install in test-header-nr
make[3]: Entering directory `/home/rpmuser/rpm/BUILD/flex-2.5.35/objdir/tests/test-header-nr'
make[4]: Entering directory `/home/rpmuser/rpm/BUILD/flex-2.5.35/objdir/tests/test-header-nr'
make[4]: Nothing to be done for `install-exec-am'.
make[4]: Nothing to be done for `install-data-am'.
make[4]: Leaving directory `/home/rpmuser/rpm/BUILD/flex-2.5.35/objdir/tests/test-header-nr'
make[3]: Leaving directory `/home/rpmuser/rpm/BUILD/flex-2.5.35/objdir/tests/test-header-nr'
Making install in test-header-r
make[3]: Entering directory `/home/rpmuser/rpm/BUILD/flex-2.5.35/objdir/tests/test-header-r'
make[4]: Entering directory `/home/rpmuser/rpm/BUILD/flex-2.5.35/objdir/tests/test-header-r'
make[4]: Nothing to be done for `install-exec-am'.
make[4]: Nothing to be done for `install-data-am'.
make[4]: Leaving directory `/home/rpmuser/rpm/BUILD/flex-2.5.35/objdir/tests/test-header-r'
make[3]: Leaving directory `/home/rpmuser/rpm/BUILD/flex-2.5.35/objdir/tests/test-header-r'
Making install in test-reject
make[3]: Entering directory `/home/rpmuser/rpm/BUILD/flex-2.5.35/objdir/tests/test-reject'
make[4]: Entering directory `/home/rpmuser/rpm/BUILD/flex-2.5.35/objdir/tests/test-reject'
make[4]: Nothing to be done for `install-exec-am'.
make[4]: Nothing to be done for `install-data-am'.
make[4]: Leaving directory `/home/rpmuser/rpm/BUILD/flex-2.5.35/objdir/tests/test-reject'
make[3]: Leaving directory `/home/rpmuser/rpm/BUILD/flex-2.5.35/objdir/tests/test-reject'
Making install in test-c++-multiple-scanners
make[3]: Entering directory `/home/rpmuser/rpm/BUILD/flex-2.5.35/objdir/tests/test-c++-multiple-scanners'
make[4]: Entering directory `/home/rpmuser/rpm/BUILD/flex-2.5.35/objdir/tests/test-c++-multiple-scanners'
make[4]: Nothing to be done for `install-exec-am'.
make[4]: Nothing to be done for `install-data-am'.
make[4]: Leaving directory `/home/rpmuser/rpm/BUILD/flex-2.5.35/objdir/tests/test-c++-multiple-scanners'
make[3]: Leaving directory `/home/rpmuser/rpm/BUILD/flex-2.5.35/objdir/tests/test-c++-multiple-scanners'
Making install in test-c++-basic
make[3]: Entering directory `/home/rpmuser/rpm/BUILD/flex-2.5.35/objdir/tests/test-c++-basic'
make[4]: Entering directory `/home/rpmuser/rpm/BUILD/flex-2.5.35/objdir/tests/test-c++-basic'
make[4]: Nothing to be done for `install-exec-am'.
make[4]: Nothing to be done for `install-data-am'.
make[4]: Leaving directory `/home/rpmuser/rpm/BUILD/flex-2.5.35/objdir/tests/test-c++-basic'
make[3]: Leaving directory `/home/rpmuser/rpm/BUILD/flex-2.5.35/objdir/tests/test-c++-basic'
Making install in test-posixly-correct
make[3]: Entering directory `/home/rpmuser/rpm/BUILD/flex-2.5.35/objdir/tests/test-posixly-correct'
make[4]: Entering directory `/home/rpmuser/rpm/BUILD/flex-2.5.35/objdir/tests/test-posixly-correct'
make[4]: Nothing to be done for `install-exec-am'.
make[4]: Nothing to be done for `install-data-am'.
make[4]: Leaving directory `/home/rpmuser/rpm/BUILD/flex-2.5.35/objdir/tests/test-posixly-correct'
make[3]: Leaving directory `/home/rpmuser/rpm/BUILD/flex-2.5.35/objdir/tests/test-posixly-correct'
Making install in test-posix
make[3]: Entering directory `/home/rpmuser/rpm/BUILD/flex-2.5.35/objdir/tests/test-posix'
make[4]: Entering directory `/home/rpmuser/rpm/BUILD/flex-2.5.35/objdir/tests/test-posix'
make[4]: Nothing to be done for `install-exec-am'.
make[4]: Nothing to be done for `install-data-am'.
make[4]: Leaving directory `/home/rpmuser/rpm/BUILD/flex-2.5.35/objdir/tests/test-posix'
make[3]: Leaving directory `/home/rpmuser/rpm/BUILD/flex-2.5.35/objdir/tests/test-posix'
Making install in test-mem-r
make[3]: Entering directory `/home/rpmuser/rpm/BUILD/flex-2.5.35/objdir/tests/test-mem-r'
make[4]: Entering directory `/home/rpmuser/rpm/BUILD/flex-2.5.35/objdir/tests/test-mem-r'
make[4]: Nothing to be done for `install-exec-am'.
make[4]: Nothing to be done for `install-data-am'.
make[4]: Leaving directory `/home/rpmuser/rpm/BUILD/flex-2.5.35/objdir/tests/test-mem-r'
make[3]: Leaving directory `/home/rpmuser/rpm/BUILD/flex-2.5.35/objdir/tests/test-mem-r'
Making install in test-mem-nr
make[3]: Entering directory `/home/rpmuser/rpm/BUILD/flex-2.5.35/objdir/tests/test-mem-nr'
make[4]: Entering directory `/home/rpmuser/rpm/BUILD/flex-2.5.35/objdir/tests/test-mem-nr'
make[4]: Nothing to be done for `install-exec-am'.
make[4]: Nothing to be done for `install-data-am'.
make[4]: Leaving directory `/home/rpmuser/rpm/BUILD/flex-2.5.35/objdir/tests/test-mem-nr'
make[3]: Leaving directory `/home/rpmuser/rpm/BUILD/flex-2.5.35/objdir/tests/test-mem-nr'
Making install in test-debug-nr
make[3]: Entering directory `/home/rpmuser/rpm/BUILD/flex-2.5.35/objdir/tests/test-debug-nr'
make[4]: Entering directory `/home/rpmuser/rpm/BUILD/flex-2.5.35/objdir/tests/test-debug-nr'
make[4]: Nothing to be done for `install-exec-am'.
make[4]: Nothing to be done for `install-data-am'.
make[4]: Leaving directory `/home/rpmuser/rpm/BUILD/flex-2.5.35/objdir/tests/test-debug-nr'
make[3]: Leaving directory `/home/rpmuser/rpm/BUILD/flex-2.5.35/objdir/tests/test-debug-nr'
Making install in test-debug-r
make[3]: Entering directory `/home/rpmuser/rpm/BUILD/flex-2.5.35/objdir/tests/test-debug-r'
make[4]: Entering directory `/home/rpmuser/rpm/BUILD/flex-2.5.35/objdir/tests/test-debug-r'
make[4]: Nothing to be done for `install-exec-am'.
make[4]: Nothing to be done for `install-data-am'.
make[4]: Leaving directory `/home/rpmuser/rpm/BUILD/flex-2.5.35/objdir/tests/test-debug-r'
make[3]: Leaving directory `/home/rpmuser/rpm/BUILD/flex-2.5.35/objdir/tests/test-debug-r'
Making install in test-lineno-r
make[3]: Entering directory `/home/rpmuser/rpm/BUILD/flex-2.5.35/objdir/tests/test-lineno-r'
make[4]: Entering directory `/home/rpmuser/rpm/BUILD/flex-2.5.35/objdir/tests/test-lineno-r'
make[4]: Nothing to be done for `install-exec-am'.
make[4]: Nothing to be done for `install-data-am'.
make[4]: Leaving directory `/home/rpmuser/rpm/BUILD/flex-2.5.35/objdir/tests/test-lineno-r'
make[3]: Leaving directory `/home/rpmuser/rpm/BUILD/flex-2.5.35/objdir/tests/test-lineno-r'
Making install in test-lineno-nr
make[3]: Entering directory `/home/rpmuser/rpm/BUILD/flex-2.5.35/objdir/tests/test-lineno-nr'
make[4]: Entering directory `/home/rpmuser/rpm/BUILD/flex-2.5.35/objdir/tests/test-lineno-nr'
make[4]: Nothing to be done for `install-exec-am'.
make[4]: Nothing to be done for `install-data-am'.
make[4]: Leaving directory `/home/rpmuser/rpm/BUILD/flex-2.5.35/objdir/tests/test-lineno-nr'
make[3]: Leaving directory `/home/rpmuser/rpm/BUILD/flex-2.5.35/objdir/tests/test-lineno-nr'
Making install in test-linedir-r
make[3]: Entering directory `/home/rpmuser/rpm/BUILD/flex-2.5.35/objdir/tests/test-linedir-r'
make[4]: Entering directory `/home/rpmuser/rpm/BUILD/flex-2.5.35/objdir/tests/test-linedir-r'
make[4]: Nothing to be done for `install-exec-am'.
make[4]: Nothing to be done for `install-data-am'.
make[4]: Leaving directory `/home/rpmuser/rpm/BUILD/flex-2.5.35/objdir/tests/test-linedir-r'
make[3]: Leaving directory `/home/rpmuser/rpm/BUILD/flex-2.5.35/objdir/tests/test-linedir-r'
Making install in test-array-nr
make[3]: Entering directory `/home/rpmuser/rpm/BUILD/flex-2.5.35/objdir/tests/test-array-nr'
make[4]: Entering directory `/home/rpmuser/rpm/BUILD/flex-2.5.35/objdir/tests/test-array-nr'
make[4]: Nothing to be done for `install-exec-am'.
make[4]: Nothing to be done for `install-data-am'.
make[4]: Leaving directory `/home/rpmuser/rpm/BUILD/flex-2.5.35/objdir/tests/test-array-nr'
make[3]: Leaving directory `/home/rpmuser/rpm/BUILD/flex-2.5.35/objdir/tests/test-array-nr'
Making install in test-array-r
make[3]: Entering directory `/home/rpmuser/rpm/BUILD/flex-2.5.35/objdir/tests/test-array-r'
make[4]: Entering directory `/home/rpmuser/rpm/BUILD/flex-2.5.35/objdir/tests/test-array-r'
make[4]: Nothing to be done for `install-exec-am'.
make[4]: Nothing to be done for `install-data-am'.
make[4]: Leaving directory `/home/rpmuser/rpm/BUILD/flex-2.5.35/objdir/tests/test-array-r'
make[3]: Leaving directory `/home/rpmuser/rpm/BUILD/flex-2.5.35/objdir/tests/test-array-r'
Making install in test-c-cpp-nr
make[3]: Entering directory `/home/rpmuser/rpm/BUILD/flex-2.5.35/objdir/tests/test-c-cpp-nr'
make[4]: Entering directory `/home/rpmuser/rpm/BUILD/flex-2.5.35/objdir/tests/test-c-cpp-nr'
make[4]: Nothing to be done for `install-exec-am'.
make[4]: Nothing to be done for `install-data-am'.
make[4]: Leaving directory `/home/rpmuser/rpm/BUILD/flex-2.5.35/objdir/tests/test-c-cpp-nr'
make[3]: Leaving directory `/home/rpmuser/rpm/BUILD/flex-2.5.35/objdir/tests/test-c-cpp-nr'
Making install in test-c-cpp-r
make[3]: Entering directory `/home/rpmuser/rpm/BUILD/flex-2.5.35/objdir/tests/test-c-cpp-r'
make[4]: Entering directory `/home/rpmuser/rpm/BUILD/flex-2.5.35/objdir/tests/test-c-cpp-r'
make[4]: Nothing to be done for `install-exec-am'.
make[4]: Nothing to be done for `install-data-am'.
make[4]: Leaving directory `/home/rpmuser/rpm/BUILD/flex-2.5.35/objdir/tests/test-c-cpp-r'
make[3]: Leaving directory `/home/rpmuser/rpm/BUILD/flex-2.5.35/objdir/tests/test-c-cpp-r'
Making install in test-include-by-buffer
make[3]: Entering directory `/home/rpmuser/rpm/BUILD/flex-2.5.35/objdir/tests/test-include-by-buffer'
make[4]: Entering directory `/home/rpmuser/rpm/BUILD/flex-2.5.35/objdir/tests/test-include-by-buffer'
make[4]: Nothing to be done for `install-exec-am'.
make[4]: Nothing to be done for `install-data-am'.
make[4]: Leaving directory `/home/rpmuser/rpm/BUILD/flex-2.5.35/objdir/tests/test-include-by-buffer'
make[3]: Leaving directory `/home/rpmuser/rpm/BUILD/flex-2.5.35/objdir/tests/test-include-by-buffer'
Making install in test-include-by-push
make[3]: Entering directory `/home/rpmuser/rpm/BUILD/flex-2.5.35/objdir/tests/test-include-by-push'
make[4]: Entering directory `/home/rpmuser/rpm/BUILD/flex-2.5.35/objdir/tests/test-include-by-push'
make[4]: Nothing to be done for `install-exec-am'.
make[4]: Nothing to be done for `install-data-am'.
make[4]: Leaving directory `/home/rpmuser/rpm/BUILD/flex-2.5.35/objdir/tests/test-include-by-push'
make[3]: Leaving directory `/home/rpmuser/rpm/BUILD/flex-2.5.35/objdir/tests/test-include-by-push'
Making install in test-include-by-reentrant
make[3]: Entering directory `/home/rpmuser/rpm/BUILD/flex-2.5.35/objdir/tests/test-include-by-reentrant'
make[4]: Entering directory `/home/rpmuser/rpm/BUILD/flex-2.5.35/objdir/tests/test-include-by-reentrant'
make[4]: Nothing to be done for `install-exec-am'.
make[4]: Nothing to be done for `install-data-am'.
make[4]: Leaving directory `/home/rpmuser/rpm/BUILD/flex-2.5.35/objdir/tests/test-include-by-reentrant'
make[3]: Leaving directory `/home/rpmuser/rpm/BUILD/flex-2.5.35/objdir/tests/test-include-by-reentrant'
Making install in test-prefix-nr
make[3]: Entering directory `/home/rpmuser/rpm/BUILD/flex-2.5.35/objdir/tests/test-prefix-nr'
make[4]: Entering directory `/home/rpmuser/rpm/BUILD/flex-2.5.35/objdir/tests/test-prefix-nr'
make[4]: Nothing to be done for `install-exec-am'.
make[4]: Nothing to be done for `install-data-am'.
make[4]: Leaving directory `/home/rpmuser/rpm/BUILD/flex-2.5.35/objdir/tests/test-prefix-nr'
make[3]: Leaving directory `/home/rpmuser/rpm/BUILD/flex-2.5.35/objdir/tests/test-prefix-nr'
Making install in test-prefix-r
make[3]: Entering directory `/home/rpmuser/rpm/BUILD/flex-2.5.35/objdir/tests/test-prefix-r'
make[4]: Entering directory `/home/rpmuser/rpm/BUILD/flex-2.5.35/objdir/tests/test-prefix-r'
make[4]: Nothing to be done for `install-exec-am'.
make[4]: Nothing to be done for `install-data-am'.
make[4]: Leaving directory `/home/rpmuser/rpm/BUILD/flex-2.5.35/objdir/tests/test-prefix-r'
make[3]: Leaving directory `/home/rpmuser/rpm/BUILD/flex-2.5.35/objdir/tests/test-prefix-r'
Making install in test-pthread
make[3]: Entering directory `/home/rpmuser/rpm/BUILD/flex-2.5.35/objdir/tests/test-pthread'
make[4]: Entering directory `/home/rpmuser/rpm/BUILD/flex-2.5.35/objdir/tests/test-pthread'
make[4]: Nothing to be done for `install-exec-am'.
make[4]: Nothing to be done for `install-data-am'.
make[4]: Leaving directory `/home/rpmuser/rpm/BUILD/flex-2.5.35/objdir/tests/test-pthread'
make[3]: Leaving directory `/home/rpmuser/rpm/BUILD/flex-2.5.35/objdir/tests/test-pthread'
Making install in test-string-nr
make[3]: Entering directory `/home/rpmuser/rpm/BUILD/flex-2.5.35/objdir/tests/test-string-nr'
make[4]: Entering directory `/home/rpmuser/rpm/BUILD/flex-2.5.35/objdir/tests/test-string-nr'
make[4]: Nothing to be done for `install-exec-am'.
make[4]: Nothing to be done for `install-data-am'.
make[4]: Leaving directory `/home/rpmuser/rpm/BUILD/flex-2.5.35/objdir/tests/test-string-nr'
make[3]: Leaving directory `/home/rpmuser/rpm/BUILD/flex-2.5.35/objdir/tests/test-string-nr'
Making install in test-string-r
make[3]: Entering directory `/home/rpmuser/rpm/BUILD/flex-2.5.35/objdir/tests/test-string-r'
make[4]: Entering directory `/home/rpmuser/rpm/BUILD/flex-2.5.35/objdir/tests/test-string-r'
make[4]: Nothing to be done for `install-exec-am'.
make[4]: Nothing to be done for `install-data-am'.
make[4]: Leaving directory `/home/rpmuser/rpm/BUILD/flex-2.5.35/objdir/tests/test-string-r'
make[3]: Leaving directory `/home/rpmuser/rpm/BUILD/flex-2.5.35/objdir/tests/test-string-r'
Making install in test-yyextra
make[3]: Entering directory `/home/rpmuser/rpm/BUILD/flex-2.5.35/objdir/tests/test-yyextra'
make[4]: Entering directory `/home/rpmuser/rpm/BUILD/flex-2.5.35/objdir/tests/test-yyextra'
make[4]: Nothing to be done for `install-exec-am'.
make[4]: Nothing to be done for `install-data-am'.
make[4]: Leaving directory `/home/rpmuser/rpm/BUILD/flex-2.5.35/objdir/tests/test-yyextra'
make[3]: Leaving directory `/home/rpmuser/rpm/BUILD/flex-2.5.35/objdir/tests/test-yyextra'
Making install in test-alloc-extra
make[3]: Entering directory `/home/rpmuser/rpm/BUILD/flex-2.5.35/objdir/tests/test-alloc-extra'
make[4]: Entering directory `/home/rpmuser/rpm/BUILD/flex-2.5.35/objdir/tests/test-alloc-extra'
make[4]: Nothing to be done for `install-exec-am'.
make[4]: Nothing to be done for `install-data-am'.
make[4]: Leaving directory `/home/rpmuser/rpm/BUILD/flex-2.5.35/objdir/tests/test-alloc-extra'
make[3]: Leaving directory `/home/rpmuser/rpm/BUILD/flex-2.5.35/objdir/tests/test-alloc-extra'
Making install in test-noansi-nr
make[3]: Entering directory `/home/rpmuser/rpm/BUILD/flex-2.5.35/objdir/tests/test-noansi-nr'
make[4]: Entering directory `/home/rpmuser/rpm/BUILD/flex-2.5.35/objdir/tests/test-noansi-nr'
make[4]: Nothing to be done for `install-exec-am'.
make[4]: Nothing to be done for `install-data-am'.
make[4]: Leaving directory `/home/rpmuser/rpm/BUILD/flex-2.5.35/objdir/tests/test-noansi-nr'
make[3]: Leaving directory `/home/rpmuser/rpm/BUILD/flex-2.5.35/objdir/tests/test-noansi-nr'
Making install in test-noansi-r
make[3]: Entering directory `/home/rpmuser/rpm/BUILD/flex-2.5.35/objdir/tests/test-noansi-r'
make[4]: Entering directory `/home/rpmuser/rpm/BUILD/flex-2.5.35/objdir/tests/test-noansi-r'
make[4]: Nothing to be done for `install-exec-am'.
make[4]: Nothing to be done for `install-data-am'.
make[4]: Leaving directory `/home/rpmuser/rpm/BUILD/flex-2.5.35/objdir/tests/test-noansi-r'
make[3]: Leaving directory `/home/rpmuser/rpm/BUILD/flex-2.5.35/objdir/tests/test-noansi-r'
Making install in test-top
make[3]: Entering directory `/home/rpmuser/rpm/BUILD/flex-2.5.35/objdir/tests/test-top'
make[4]: Entering directory `/home/rpmuser/rpm/BUILD/flex-2.5.35/objdir/tests/test-top'
make[4]: Nothing to be done for `install-exec-am'.
make[4]: Nothing to be done for `install-data-am'.
make[4]: Leaving directory `/home/rpmuser/rpm/BUILD/flex-2.5.35/objdir/tests/test-top'
make[3]: Leaving directory `/home/rpmuser/rpm/BUILD/flex-2.5.35/objdir/tests/test-top'
Making install in test-table-opts
make[3]: Entering directory `/home/rpmuser/rpm/BUILD/flex-2.5.35/objdir/tests/test-table-opts'
make[4]: Entering directory `/home/rpmuser/rpm/BUILD/flex-2.5.35/objdir/tests/test-table-opts'
make[4]: Nothing to be done for `install-exec-am'.
make[4]: Nothing to be done for `install-data-am'.
make[4]: Leaving directory `/home/rpmuser/rpm/BUILD/flex-2.5.35/objdir/tests/test-table-opts'
make[3]: Leaving directory `/home/rpmuser/rpm/BUILD/flex-2.5.35/objdir/tests/test-table-opts'
make[3]: Entering directory `/home/rpmuser/rpm/BUILD/flex-2.5.35/objdir/tests'
make[4]: Entering directory `/home/rpmuser/rpm/BUILD/flex-2.5.35/objdir/tests'
make[4]: Nothing to be done for `install-exec-am'.
make[4]: Nothing to be done for `install-data-am'.
make[4]: Leaving directory `/home/rpmuser/rpm/BUILD/flex-2.5.35/objdir/tests'
make[3]: Leaving directory `/home/rpmuser/rpm/BUILD/flex-2.5.35/objdir/tests'
make[2]: Leaving directory `/home/rpmuser/rpm/BUILD/flex-2.5.35/objdir/tests'
make[1]: Leaving directory `/home/rpmuser/rpm/BUILD/flex-2.5.35/objdir'
+ rm -rf /home/rpmuser/rpm/BUILDROOT/sony-target-dev-flex-2.5.35-11000001.x86_64/usr/local/arm-sony-linux-gnueabi/target/armv7a/usr/man
+ rm -rf /home/rpmuser/rpm/BUILDROOT/sony-target-dev-flex-2.5.35-11000001.x86_64/usr/local/arm-sony-linux-gnueabi/target/armv7a/usr/info
+ ln -s flex /home/rpmuser/rpm/BUILDROOT/sony-target-dev-flex-2.5.35-11000001.x86_64/usr/local/arm-sony-linux-gnueabi/target/armv7a/usr/bin/lex
+ ln -s libfl.a /home/rpmuser/rpm/BUILDROOT/sony-target-dev-flex-2.5.35-11000001.x86_64/usr/local/arm-sony-linux-gnueabi/target/armv7a/usr/lib/libl.a
++ ls /home/rpmuser/rpm/BUILDROOT/sony-target-dev-flex-2.5.35-11000001.x86_64/usr/local/arm-sony-linux-gnueabi/target/armv7a/usr/bin
+ for b in '`ls /home/rpmuser/rpm/BUILDROOT/sony-target-dev-flex-2.5.35-11000001.x86_64/usr/local/arm-sony-linux-gnueabi/target/armv7a/usr/bin`'
+ case $b in
+ for b in '`ls /home/rpmuser/rpm/BUILDROOT/sony-target-dev-flex-2.5.35-11000001.x86_64/usr/local/arm-sony-linux-gnueabi/target/armv7a/usr/bin`'
+ case $b in
++ ls /home/rpmuser/rpm/BUILDROOT/sony-target-dev-flex-2.5.35-11000001.x86_64/usr/local/arm-sony-linux-gnueabi/target/armv7a/usr/lib
+ for l in '`ls /home/rpmuser/rpm/BUILDROOT/sony-target-dev-flex-2.5.35-11000001.x86_64/usr/local/arm-sony-linux-gnueabi/target/armv7a/usr/lib`'
+ case $l in
+ mkdir -p /home/rpmuser/rpm/BUILDROOT/sony-target-dev-flex-2.5.35-11000001.x86_64/usr/local/arm-sony-linux-gnueabi/target/armv7a/tool/usr/lib
+ mv /home/rpmuser/rpm/BUILDROOT/sony-target-dev-flex-2.5.35-11000001.x86_64/usr/local/arm-sony-linux-gnueabi/target/armv7a/usr/lib/libfl.a /home/rpmuser/rpm/BUILDROOT/sony-target-dev-flex-2.5.35-11000001.x86_64/usr/local/arm-sony-linux-gnueabi/target/armv7a/tool/usr/lib
+ for l in '`ls /home/rpmuser/rpm/BUILDROOT/sony-target-dev-flex-2.5.35-11000001.x86_64/usr/local/arm-sony-linux-gnueabi/target/armv7a/usr/lib`'
+ case $l in
+ mkdir -p /home/rpmuser/rpm/BUILDROOT/sony-target-dev-flex-2.5.35-11000001.x86_64/usr/local/arm-sony-linux-gnueabi/target/armv7a/tool/usr/lib
+ mv /home/rpmuser/rpm/BUILDROOT/sony-target-dev-flex-2.5.35-11000001.x86_64/usr/local/arm-sony-linux-gnueabi/target/armv7a/usr/lib/libfl_pic.a /home/rpmuser/rpm/BUILDROOT/sony-target-dev-flex-2.5.35-11000001.x86_64/usr/local/arm-sony-linux-gnueabi/target/armv7a/tool/usr/lib
+ for l in '`ls /home/rpmuser/rpm/BUILDROOT/sony-target-dev-flex-2.5.35-11000001.x86_64/usr/local/arm-sony-linux-gnueabi/target/armv7a/usr/lib`'
+ case $l in
+ mkdir -p /home/rpmuser/rpm/BUILDROOT/sony-target-dev-flex-2.5.35-11000001.x86_64/usr/local/arm-sony-linux-gnueabi/target/armv7a/tool/usr/lib
+ mv /home/rpmuser/rpm/BUILDROOT/sony-target-dev-flex-2.5.35-11000001.x86_64/usr/local/arm-sony-linux-gnueabi/target/armv7a/usr/lib/libl.a /home/rpmuser/rpm/BUILDROOT/sony-target-dev-flex-2.5.35-11000001.x86_64/usr/local/arm-sony-linux-gnueabi/target/armv7a/tool/usr/lib
++ ls /home/rpmuser/rpm/BUILDROOT/sony-target-dev-flex-2.5.35-11000001.x86_64/usr/local/arm-sony-linux-gnueabi/target/armv7a/tool/usr/lib
+ for l in '`ls /home/rpmuser/rpm/BUILDROOT/sony-target-dev-flex-2.5.35-11000001.x86_64/usr/local/arm-sony-linux-gnueabi/target/armv7a/tool/usr/lib`'
+ '[' libfl.a '!=' pkgconfig ']'
+ ln -s ../../tool/usr/lib/libfl.a /home/rpmuser/rpm/BUILDROOT/sony-target-dev-flex-2.5.35-11000001.x86_64/usr/local/arm-sony-linux-gnueabi/target/armv7a/usr/lib/libfl.a
+ for l in '`ls /home/rpmuser/rpm/BUILDROOT/sony-target-dev-flex-2.5.35-11000001.x86_64/usr/local/arm-sony-linux-gnueabi/target/armv7a/tool/usr/lib`'
+ '[' libfl_pic.a '!=' pkgconfig ']'
+ ln -s ../../tool/usr/lib/libfl_pic.a /home/rpmuser/rpm/BUILDROOT/sony-target-dev-flex-2.5.35-11000001.x86_64/usr/local/arm-sony-linux-gnueabi/target/armv7a/usr/lib/libfl_pic.a
+ for l in '`ls /home/rpmuser/rpm/BUILDROOT/sony-target-dev-flex-2.5.35-11000001.x86_64/usr/local/arm-sony-linux-gnueabi/target/armv7a/tool/usr/lib`'
+ '[' libl.a '!=' pkgconfig ']'
+ ln -s ../../tool/usr/lib/libl.a /home/rpmuser/rpm/BUILDROOT/sony-target-dev-flex-2.5.35-11000001.x86_64/usr/local/arm-sony-linux-gnueabi/target/armv7a/usr/lib/libl.a
Processing files: arm-sony-linux-gnueabi-armv7a-dev-flex-2.5.35-11000001.arm
Checking for unpackaged file(s): /usr/lib/rpm/check-files /home/rpmuser/rpm/BUILDROOT/sony-target-dev-flex-2.5.35-11000001.x86_64
Wrote: /home/rpmuser/rpm/SRPMS/sony-target-dev-flex-2.5.35-11000001.src.rpm
Wrote: /home/rpmuser/rpm/RPMS/arm/arm-sony-linux-gnueabi-armv7a-dev-flex-2.5.35-11000001.arm.rpm
Executing(%clean): /bin/sh -e /home/rpmuser/rpm/tmp/rpm-tmp.jZGD16
+ umask 022
+ cd /home/rpmuser/rpm/BUILD
+ cd flex-2.5.35
+ rm -rf /home/rpmuser/rpm/BUILDROOT/sony-target-dev-flex-2.5.35-11000001.x86_64
+ exit 0
sending 10.0.6.38:/home/rpmuser/rpm/BUILD/flex-2.5.35 to 10.0.6.38:/usr/local/arm-sony-linux-gnueabi/target/armv7a/tmp.................................................................................................................................................................................................................................................................................................................................................................................................................................................................................................................................................................................................................................................................................................................................done
sending 10.0.6.38:/home/rpmuser//MAIN/dist/pkg/flex/test/flex-src.patch1 to 10.0.6.38:/usr/local/arm-sony-linux-gnueabi/target/armv7a/tmp....done
sending 10.0.6.38:/home/rpmuser//MAIN/dist/pkg/flex/test/flex-config.patch2 to 10.0.6.38:/usr/local/arm-sony-linux-gnueabi/target/armv7a/tmp....done
spawn ssh 10.0.6.38
Welcome to Ubuntu 12.04.4 LTS (GNU/Linux 3.8.0-35-generic x86_64)

 * Documentation:  https://help.ubuntu.com/

0 packages can be updated.
0 updates are security updates.

Last login: Fri Feb 14 16:51:02 2014 from kzm-a9.mydomain
]0;rpmuser@Triangle: ~rpmuser@Triangle:~$ telnet 10.0.6.39
Trying 10.0.6.39...
Connected to 10.0.6.39.
Escape character is '^]'.

10.0.6.39 login: root
Sony CE Linux 11.0.0.0 armv7a
-bash-3.2# cd /tmp/flex-2.5.35 
-bash-3.2# patch -p1 < ../flex-src.patch1 
patching file tests/test-c++-basic/scanner.l
patching file tests/test-c++-multiple-scanners/scanner-1.l
patching file tests/test-c++-multiple-scanners/scanner-2.l
-bash-3.2# patch -p1 < ../flex-config.patch2 
patching file objdir/config.h
-bash-3.2# cd /tmp/flex-2.5.35/objdir || echo 'COMMAND''ERROR'
-bash-3.2# make check CC=/tool/usr/bin/gcc CXX=/tool/usr/bin/g++ AR=/tool/usr/bin/ar | tee /tmp/flex_test.out
make  check-recursive
make[1]: Entering directory `/tmp/flex-2.5.35/objdir'
Making check in .
make[2]: Entering directory `/tmp/flex-2.5.35/objdir'
if /tool/usr/bin/gcc -DHAVE_CONFIG_H -I. -I.. -I.  -DLOCALEDIR=\"/usr/share/locale\" -I../intl   -O2 -MT ccl.o -MD -MP -MF ".deps/ccl.Tpo" -c -o ccl.o ../ccl.c; \
        then mv -f ".deps/ccl.Tpo" ".deps/ccl.Po"; else rm -f ".deps/ccl.Tpo"; exit 1; fi
if /tool/usr/bin/gcc -DHAVE_CONFIG_H -I. -I.. -I.  -DLOCALEDIR=\"/usr/share/locale\" -I../intl   -O2 -MT dfa.o -MD -MP -MF ".deps/dfa.Tpo" -c -o dfa.o ../dfa.c; \
        then mv -f ".deps/dfa.Tpo" ".deps/dfa.Po"; else rm -f ".deps/dfa.Tpo"; exit 1; fi
if /tool/usr/bin/gcc -DHAVE_CONFIG_H -I. -I.. -I.  -DLOCALEDIR=\"/usr/share/locale\" -I../intl   -O2 -MT ecs.o -MD -MP -MF ".deps/ecs.Tpo" -c -o ecs.o ../ecs.c; \
        then mv -f ".deps/ecs.Tpo" ".deps/ecs.Po"; else rm -f ".deps/ecs.Tpo"; exit 1; fi
if /tool/usr/bin/gcc -DHAVE_CONFIG_H -I. -I.. -I.  -DLOCALEDIR=\"/usr/share/locale\" -I../intl   -O2 -MT scanflags.o -MD -MP -MF ".deps/scanflags.Tpo" -c -o scanflags.o ../scanflags.c; \
        then mv -f ".deps/scanflags.Tpo" ".deps/scanflags.Po"; else rm -f ".deps/scanflags.Tpo"; exit 1; fi
if /tool/usr/bin/gcc -DHAVE_CONFIG_H -I. -I.. -I.  -DLOCALEDIR=\"/usr/share/locale\" -I../intl   -O2 -MT gen.o -MD -MP -MF ".deps/gen.Tpo" -c -o gen.o ../gen.c; \
        then mv -f ".deps/gen.Tpo" ".deps/gen.Po"; else rm -f ".deps/gen.Tpo"; exit 1; fi
if /tool/usr/bin/gcc -DHAVE_CONFIG_H -I. -I.. -I.  -DLOCALEDIR=\"/usr/share/locale\" -I../intl   -O2 -MT main.o -MD -MP -MF ".deps/main.Tpo" -c -o main.o ../main.c; \
        then mv -f ".deps/main.Tpo" ".deps/main.Po"; else rm -f ".deps/main.Tpo"; exit 1; fi
if /tool/usr/bin/gcc -DHAVE_CONFIG_H -I. -I.. -I.  -DLOCALEDIR=\"/usr/share/locale\" -I../intl   -O2 -MT misc.o -MD -MP -MF ".deps/misc.Tpo" -c -o misc.o ../misc.c; \
        then mv -f ".deps/misc.Tpo" ".deps/misc.Po"; else rm -f ".deps/misc.Tpo"; exit 1; fi
if /tool/usr/bin/gcc -DHAVE_CONFIG_H -I. -I.. -I.  -DLOCALEDIR=\"/usr/share/locale\" -I../intl   -O2 -MT nfa.o -MD -MP -MF ".deps/nfa.Tpo" -c -o nfa.o ../nfa.c; \
        then mv -f ".deps/nfa.Tpo" ".deps/nfa.Po"; else rm -f ".deps/nfa.Tpo"; exit 1; fi
if /tool/usr/bin/gcc -DHAVE_CONFIG_H -I. -I.. -I.  -DLOCALEDIR=\"/usr/share/locale\" -I../intl   -O2 -MT parse.o -MD -MP -MF ".deps/parse.Tpo" -c -o parse.o ../parse.c; \
        then mv -f ".deps/parse.Tpo" ".deps/parse.Po"; else rm -f ".deps/parse.Tpo"; exit 1; fi
if /tool/usr/bin/gcc -DHAVE_CONFIG_H -I. -I.. -I.  -DLOCALEDIR=\"/usr/share/locale\" -I../intl   -O2 -MT scan.o -MD -MP -MF ".deps/scan.Tpo" -c -o scan.o ../scan.c; \
        then mv -f ".deps/scan.Tpo" ".deps/scan.Po"; else rm -f ".deps/scan.Tpo"; exit 1; fi
if /tool/usr/bin/gcc -DHAVE_CONFIG_H -I. -I.. -I.  -DLOCALEDIR=\"/usr/share/locale\" -I../intl   -O2 -MT skel.o -MD -MP -MF ".deps/skel.Tpo" -c -o skel.o ../skel.c; \
        then mv -f ".deps/skel.Tpo" ".deps/skel.Po"; else rm -f ".deps/skel.Tpo"; exit 1; fi
if /tool/usr/bin/gcc -DHAVE_CONFIG_H -I. -I.. -I.  -DLOCALEDIR=\"/usr/share/locale\" -I../intl   -O2 -MT sym.o -MD -MP -MF ".deps/sym.Tpo" -c -o sym.o ../sym.c; \
        then mv -f ".deps/sym.Tpo" ".deps/sym.Po"; else rm -f ".deps/sym.Tpo"; exit 1; fi
if /tool/usr/bin/gcc -DHAVE_CONFIG_H -I. -I.. -I.  -DLOCALEDIR=\"/usr/share/locale\" -I../intl   -O2 -MT tblcmp.o -MD -MP -MF ".deps/tblcmp.Tpo" -c -o tblcmp.o ../tblcmp.c; \
        then mv -f ".deps/tblcmp.Tpo" ".deps/tblcmp.Po"; else rm -f ".deps/tblcmp.Tpo"; exit 1; fi
if /tool/usr/bin/gcc -DHAVE_CONFIG_H -I. -I.. -I.  -DLOCALEDIR=\"/usr/share/locale\" -I../intl   -O2 -MT yylex.o -MD -MP -MF ".deps/yylex.Tpo" -c -o yylex.o ../yylex.c; \
        then mv -f ".deps/yylex.Tpo" ".deps/yylex.Po"; else rm -f ".deps/yylex.Tpo"; exit 1; fi
if /tool/usr/bin/gcc -DHAVE_CONFIG_H -I. -I.. -I.  -DLOCALEDIR=\"/usr/share/locale\" -I../intl   -O2 -MT options.o -MD -MP -MF ".deps/options.Tpo" -c -o options.o ../options.c; \
        then mv -f ".deps/options.Tpo" ".deps/options.Po"; else rm -f ".deps/options.Tpo"; exit 1; fi
if /tool/usr/bin/gcc -DHAVE_CONFIG_H -I. -I.. -I.  -DLOCALEDIR=\"/usr/share/locale\" -I../intl   -O2 -MT scanopt.o -MD -MP -MF ".deps/scanopt.Tpo" -c -o scanopt.o ../scanopt.c; \
        then mv -f ".deps/scanopt.Tpo" ".deps/scanopt.Po"; else rm -f ".deps/scanopt.Tpo"; exit 1; fi
if /tool/usr/bin/gcc -DHAVE_CONFIG_H -I. -I.. -I.  -DLOCALEDIR=\"/usr/share/locale\" -I../intl   -O2 -MT buf.o -MD -MP -MF ".deps/buf.Tpo" -c -o buf.o ../buf.c; \
        then mv -f ".deps/buf.Tpo" ".deps/buf.Po"; else rm -f ".deps/buf.Tpo"; exit 1; fi
if /tool/usr/bin/gcc -DHAVE_CONFIG_H -I. -I.. -I.  -DLOCALEDIR=\"/usr/share/locale\" -I../intl   -O2 -MT tables.o -MD -MP -MF ".deps/tables.Tpo" -c -o tables.o ../tables.c; \
        then mv -f ".deps/tables.Tpo" ".deps/tables.Po"; else rm -f ".deps/tables.Tpo"; exit 1; fi
if /tool/usr/bin/gcc -DHAVE_CONFIG_H -I. -I.. -I.  -DLOCALEDIR=\"/usr/share/locale\" -I../intl   -O2 -MT tables_shared.o -MD -MP -MF ".deps/tables_shared.Tpo" -c -o tables_shared.o ../tables_shared.c; \
        then mv -f ".deps/tables_shared.Tpo" ".deps/tables_shared.Po"; else rm -f ".deps/tables_shared.Tpo"; exit 1; fi
if /tool/usr/bin/gcc -DHAVE_CONFIG_H -I. -I.. -I.  -DLOCALEDIR=\"/usr/share/locale\" -I../intl   -O2 -MT filter.o -MD -MP -MF ".deps/filter.Tpo" -c -o filter.o ../filter.c; \
        then mv -f ".deps/filter.Tpo" ".deps/filter.Po"; else rm -f ".deps/filter.Tpo"; exit 1; fi
if /tool/usr/bin/gcc -DHAVE_CONFIG_H -I. -I.. -I.  -DLOCALEDIR=\"/usr/share/locale\" -I../intl   -O2 -MT regex.o -MD -MP -MF ".deps/regex.Tpo" -c -o regex.o ../regex.c; \
        then mv -f ".deps/regex.Tpo" ".deps/regex.Po"; else rm -f ".deps/regex.Tpo"; exit 1; fi
/tool/usr/bin/gcc  -O2   -o flex  ccl.o dfa.o ecs.o scanflags.o gen.o main.o misc.o nfa.o parse.o scan.o skel.o sym.o tblcmp.o yylex.o options.o scanopt.o buf.o tables.o tables_shared.o filter.o regex.o  -lm 
make[2]: Leaving directory `/tmp/flex-2.5.35/objdir'
Making check in doc
make[2]: Entering directory `/tmp/flex-2.5.35/objdir/doc'
make[2]: Nothing to be done for `check'.
make[2]: Leaving directory `/tmp/flex-2.5.35/objdir/doc'
Making check in m4
make[2]: Entering directory `/tmp/flex-2.5.35/objdir/m4'
make[2]: Nothing to be done for `check'.
make[2]: Leaving directory `/tmp/flex-2.5.35/objdir/m4'
Making check in examples
make[2]: Entering directory `/tmp/flex-2.5.35/objdir/examples'
Making check in manual
make[3]: Entering directory `/tmp/flex-2.5.35/objdir/examples/manual'
make[3]: Nothing to be done for `check'.
make[3]: Leaving directory `/tmp/flex-2.5.35/objdir/examples/manual'
Making check in fastwc
make[3]: Entering directory `/tmp/flex-2.5.35/objdir/examples/fastwc'
make[3]: Nothing to be done for `check'.
make[3]: Leaving directory `/tmp/flex-2.5.35/objdir/examples/fastwc'
make[3]: Entering directory `/tmp/flex-2.5.35/objdir/examples'
make[3]: Nothing to be done for `check-am'.
make[3]: Leaving directory `/tmp/flex-2.5.35/objdir/examples'
make[2]: Leaving directory `/tmp/flex-2.5.35/objdir/examples'
Making check in po
make[2]: Entering directory `/tmp/flex-2.5.35/objdir/po'
make[2]: Nothing to be done for `check'.
make[2]: Leaving directory `/tmp/flex-2.5.35/objdir/po'
Making check in tools
make[2]: Entering directory `/tmp/flex-2.5.35/objdir/tools'
make[2]: Nothing to be done for `check'.
make[2]: Leaving directory `/tmp/flex-2.5.35/objdir/tools'
Making check in tests
make[2]: Entering directory `/tmp/flex-2.5.35/objdir/tests'
Making check in test-concatenated-options
make[3]: Entering directory `/tmp/flex-2.5.35/objdir/tests/test-concatenated-options'
make[3]: Nothing to be done for `check'.
make[3]: Leaving directory `/tmp/flex-2.5.35/objdir/tests/test-concatenated-options'
Making check in test-c++-yywrap
make[3]: Entering directory `/tmp/flex-2.5.35/objdir/tests/test-c++-yywrap'
make[3]: Nothing to be done for `check'.
make[3]: Leaving directory `/tmp/flex-2.5.35/objdir/tests/test-c++-yywrap'
Making check in test-extended
make[3]: Entering directory `/tmp/flex-2.5.35/objdir/tests/test-extended'
make[3]: Nothing to be done for `check'.
make[3]: Leaving directory `/tmp/flex-2.5.35/objdir/tests/test-extended'
Making check in test-ccl
make[3]: Entering directory `/tmp/flex-2.5.35/objdir/tests/test-ccl'
make[3]: Nothing to be done for `check'.
make[3]: Leaving directory `/tmp/flex-2.5.35/objdir/tests/test-ccl'
Making check in test-quotes
make[3]: Entering directory `/tmp/flex-2.5.35/objdir/tests/test-quotes'
make[3]: Nothing to be done for `check'.
make[3]: Leaving directory `/tmp/flex-2.5.35/objdir/tests/test-quotes'
Making check in test-rescan-r
make[3]: Entering directory `/tmp/flex-2.5.35/objdir/tests/test-rescan-r'
make[3]: Nothing to be done for `check'.
make[3]: Leaving directory `/tmp/flex-2.5.35/objdir/tests/test-rescan-r'
Making check in test-rescan-nr
make[3]: Entering directory `/tmp/flex-2.5.35/objdir/tests/test-rescan-nr'
make[3]: Nothing to be done for `check'.
make[3]: Leaving directory `/tmp/flex-2.5.35/objdir/tests/test-rescan-nr'
Making check in test-basic-nr
make[3]: Entering directory `/tmp/flex-2.5.35/objdir/tests/test-basic-nr'
make[3]: Nothing to be done for `check'.
make[3]: Leaving directory `/tmp/flex-2.5.35/objdir/tests/test-basic-nr'
Making check in test-basic-r
make[3]: Entering directory `/tmp/flex-2.5.35/objdir/tests/test-basic-r'
make[3]: Nothing to be done for `check'.
make[3]: Leaving directory `/tmp/flex-2.5.35/objdir/tests/test-basic-r'
Making check in test-bison-yylloc
make[3]: Entering directory `/tmp/flex-2.5.35/objdir/tests/test-bison-yylloc'
make[3]: Nothing to be done for `check'.
make[3]: Leaving directory `/tmp/flex-2.5.35/objdir/tests/test-bison-yylloc'
Making check in test-bison-yylval
make[3]: Entering directory `/tmp/flex-2.5.35/objdir/tests/test-bison-yylval'
make[3]: Nothing to be done for `check'.
make[3]: Leaving directory `/tmp/flex-2.5.35/objdir/tests/test-bison-yylval'
Making check in test-bison-nr
make[3]: Entering directory `/tmp/flex-2.5.35/objdir/tests/test-bison-nr'
make[3]: Nothing to be done for `check'.
make[3]: Leaving directory `/tmp/flex-2.5.35/objdir/tests/test-bison-nr'
Making check in test-multiple-scanners-nr
make[3]: Entering directory `/tmp/flex-2.5.35/objdir/tests/test-multiple-scanners-nr'
make[3]: Nothing to be done for `check'.
make[3]: Leaving directory `/tmp/flex-2.5.35/objdir/tests/test-multiple-scanners-nr'
Making check in test-multiple-scanners-r
make[3]: Entering directory `/tmp/flex-2.5.35/objdir/tests/test-multiple-scanners-r'
make[3]: Nothing to be done for `check'.
make[3]: Leaving directory `/tmp/flex-2.5.35/objdir/tests/test-multiple-scanners-r'
Making check in test-header-nr
make[3]: Entering directory `/tmp/flex-2.5.35/objdir/tests/test-header-nr'
make[3]: Nothing to be done for `check'.
make[3]: Leaving directory `/tmp/flex-2.5.35/objdir/tests/test-header-nr'
Making check in test-header-r
make[3]: Entering directory `/tmp/flex-2.5.35/objdir/tests/test-header-r'
make[3]: Nothing to be done for `check'.
make[3]: Leaving directory `/tmp/flex-2.5.35/objdir/tests/test-header-r'
Making check in test-reject
make[3]: Entering directory `/tmp/flex-2.5.35/objdir/tests/test-reject'
make[3]: Nothing to be done for `check'.
make[3]: Leaving directory `/tmp/flex-2.5.35/objdir/tests/test-reject'
Making check in test-c++-multiple-scanners
make[3]: Entering directory `/tmp/flex-2.5.35/objdir/tests/test-c++-multiple-scanners'
make[3]: Nothing to be done for `check'.
make[3]: Leaving directory `/tmp/flex-2.5.35/objdir/tests/test-c++-multiple-scanners'
Making check in test-c++-basic
make[3]: Entering directory `/tmp/flex-2.5.35/objdir/tests/test-c++-basic'
make[3]: Nothing to be done for `check'.
make[3]: Leaving directory `/tmp/flex-2.5.35/objdir/tests/test-c++-basic'
Making check in test-posixly-correct
make[3]: Entering directory `/tmp/flex-2.5.35/objdir/tests/test-posixly-correct'
make[3]: Nothing to be done for `check'.
make[3]: Leaving directory `/tmp/flex-2.5.35/objdir/tests/test-posixly-correct'
Making check in test-posix
make[3]: Entering directory `/tmp/flex-2.5.35/objdir/tests/test-posix'
make[3]: Nothing to be done for `check'.
make[3]: Leaving directory `/tmp/flex-2.5.35/objdir/tests/test-posix'
Making check in test-mem-r
make[3]: Entering directory `/tmp/flex-2.5.35/objdir/tests/test-mem-r'
make[3]: Nothing to be done for `check'.
make[3]: Leaving directory `/tmp/flex-2.5.35/objdir/tests/test-mem-r'
Making check in test-mem-nr
make[3]: Entering directory `/tmp/flex-2.5.35/objdir/tests/test-mem-nr'
make[3]: Nothing to be done for `check'.
make[3]: Leaving directory `/tmp/flex-2.5.35/objdir/tests/test-mem-nr'
Making check in test-debug-nr
make[3]: Entering directory `/tmp/flex-2.5.35/objdir/tests/test-debug-nr'
make[3]: Nothing to be done for `check'.
make[3]: Leaving directory `/tmp/flex-2.5.35/objdir/tests/test-debug-nr'
Making check in test-debug-r
make[3]: Entering directory `/tmp/flex-2.5.35/objdir/tests/test-debug-r'
make[3]: Nothing to be done for `check'.
make[3]: Leaving directory `/tmp/flex-2.5.35/objdir/tests/test-debug-r'
Making check in test-lineno-r
make[3]: Entering directory `/tmp/flex-2.5.35/objdir/tests/test-lineno-r'
make[3]: Nothing to be done for `check'.
make[3]: Leaving directory `/tmp/flex-2.5.35/objdir/tests/test-lineno-r'
Making check in test-lineno-nr
make[3]: Entering directory `/tmp/flex-2.5.35/objdir/tests/test-lineno-nr'
make[3]: Nothing to be done for `check'.
make[3]: Leaving directory `/tmp/flex-2.5.35/objdir/tests/test-lineno-nr'
Making check in test-linedir-r
make[3]: Entering directory `/tmp/flex-2.5.35/objdir/tests/test-linedir-r'
make[3]: Nothing to be done for `check'.
make[3]: Leaving directory `/tmp/flex-2.5.35/objdir/tests/test-linedir-r'
Making check in test-array-nr
make[3]: Entering directory `/tmp/flex-2.5.35/objdir/tests/test-array-nr'
make[3]: Nothing to be done for `check'.
make[3]: Leaving directory `/tmp/flex-2.5.35/objdir/tests/test-array-nr'
Making check in test-array-r
make[3]: Entering directory `/tmp/flex-2.5.35/objdir/tests/test-array-r'
make[3]: Nothing to be done for `check'.
make[3]: Leaving directory `/tmp/flex-2.5.35/objdir/tests/test-array-r'
Making check in test-c-cpp-nr
make[3]: Entering directory `/tmp/flex-2.5.35/objdir/tests/test-c-cpp-nr'
make[3]: Nothing to be done for `check'.
make[3]: Leaving directory `/tmp/flex-2.5.35/objdir/tests/test-c-cpp-nr'
Making check in test-c-cpp-r
make[3]: Entering directory `/tmp/flex-2.5.35/objdir/tests/test-c-cpp-r'
make[3]: Nothing to be done for `check'.
make[3]: Leaving directory `/tmp/flex-2.5.35/objdir/tests/test-c-cpp-r'
Making check in test-include-by-buffer
make[3]: Entering directory `/tmp/flex-2.5.35/objdir/tests/test-include-by-buffer'
make[3]: Nothing to be done for `check'.
make[3]: Leaving directory `/tmp/flex-2.5.35/objdir/tests/test-include-by-buffer'
Making check in test-include-by-push
make[3]: Entering directory `/tmp/flex-2.5.35/objdir/tests/test-include-by-push'
make[3]: Nothing to be done for `check'.
make[3]: Leaving directory `/tmp/flex-2.5.35/objdir/tests/test-include-by-push'
Making check in test-include-by-reentrant
make[3]: Entering directory `/tmp/flex-2.5.35/objdir/tests/test-include-by-reentrant'
make[3]: Nothing to be done for `check'.
make[3]: Leaving directory `/tmp/flex-2.5.35/objdir/tests/test-include-by-reentrant'
Making check in test-prefix-nr
make[3]: Entering directory `/tmp/flex-2.5.35/objdir/tests/test-prefix-nr'
make[3]: Nothing to be done for `check'.
make[3]: Leaving directory `/tmp/flex-2.5.35/objdir/tests/test-prefix-nr'
Making check in test-prefix-r
make[3]: Entering directory `/tmp/flex-2.5.35/objdir/tests/test-prefix-r'
make[3]: Nothing to be done for `check'.
make[3]: Leaving directory `/tmp/flex-2.5.35/objdir/tests/test-prefix-r'
Making check in test-pthread
make[3]: Entering directory `/tmp/flex-2.5.35/objdir/tests/test-pthread'
make[3]: Nothing to be done for `check'.
make[3]: Leaving directory `/tmp/flex-2.5.35/objdir/tests/test-pthread'
Making check in test-string-nr
make[3]: Entering directory `/tmp/flex-2.5.35/objdir/tests/test-string-nr'
make[3]: Nothing to be done for `check'.
make[3]: Leaving directory `/tmp/flex-2.5.35/objdir/tests/test-string-nr'
Making check in test-string-r
make[3]: Entering directory `/tmp/flex-2.5.35/objdir/tests/test-string-r'
make[3]: Nothing to be done for `check'.
make[3]: Leaving directory `/tmp/flex-2.5.35/objdir/tests/test-string-r'
Making check in test-yyextra
make[3]: Entering directory `/tmp/flex-2.5.35/objdir/tests/test-yyextra'
make[3]: Nothing to be done for `check'.
make[3]: Leaving directory `/tmp/flex-2.5.35/objdir/tests/test-yyextra'
Making check in test-alloc-extra
make[3]: Entering directory `/tmp/flex-2.5.35/objdir/tests/test-alloc-extra'
make[3]: Nothing to be done for `check'.
make[3]: Leaving directory `/tmp/flex-2.5.35/objdir/tests/test-alloc-extra'
Making check in test-noansi-nr
make[3]: Entering directory `/tmp/flex-2.5.35/objdir/tests/test-noansi-nr'
make[3]: Nothing to be done for `check'.
make[3]: Leaving directory `/tmp/flex-2.5.35/objdir/tests/test-noansi-nr'
Making check in test-noansi-r
make[3]: Entering directory `/tmp/flex-2.5.35/objdir/tests/test-noansi-r'
make[3]: Nothing to be done for `check'.
make[3]: Leaving directory `/tmp/flex-2.5.35/objdir/tests/test-noansi-r'
Making check in test-top
make[3]: Entering directory `/tmp/flex-2.5.35/objdir/tests/test-top'
make[3]: Nothing to be done for `check'.
make[3]: Leaving directory `/tmp/flex-2.5.35/objdir/tests/test-top'
Making check in test-table-opts
make[3]: Entering directory `/tmp/flex-2.5.35/objdir/tests/test-table-opts'
make[3]: Nothing to be done for `check'.
make[3]: Leaving directory `/tmp/flex-2.5.35/objdir/tests/test-table-opts'
make[3]: Entering directory `/tmp/flex-2.5.35/objdir/tests'
make  check-local
make[4]: Entering directory `/tmp/flex-2.5.35/objdir/tests'
Making clean in test-table-opts
make[5]: Entering directory `/tmp/flex-2.5.35/objdir/tests/test-table-opts'
test -z "scanner.c OUTPUT test-opt-nr-Ca.o test-opt-r-Ca.o test-opt-nr-Ce.o test-opt-r-Ce.o test-opt-nr-Cf.o test-opt-r-Cf.o test-opt-nr-CF.o test-opt-r-CF.o test-opt-nr-Cm.o test-opt-r-Cm.o test-opt-nr-Cem.o test-opt-r-Cem.o test-opt-nr-Cae.o test-opt-r-Cae.o test-opt-nr-Caef.o test-opt-r-Caef.o test-opt-nr-CaeF.o test-opt-r-CaeF.o test-opt-nr-Cam.o test-opt-r-Cam.o test-opt-nr-Caem.o test-opt-r-Caem.o test-ver-nr-Ca.o test-ver-r-Ca.o test-ver-nr-Ce.o test-ver-r-Ce.o test-ver-nr-Cf.o test-ver-r-Cf.o test-ver-nr-CF.o test-ver-r-CF.o test-ver-nr-Cm.o test-ver-r-Cm.o test-ver-nr-Cem.o test-ver-r-Cem.o test-ver-nr-Cae.o test-ver-r-Cae.o test-ver-nr-Caef.o test-ver-r-Caef.o test-ver-nr-CaeF.o test-ver-r-CaeF.o test-ver-nr-Cam.o test-ver-r-Cam.o test-ver-nr-Caem.o test-ver-r-Caem.o test-ser-nr-Ca.o test-ser-r-Ca.o test-ser-nr-Ce.o test-ser-r-Ce.o test-ser-nr-Cf.o test-ser-r-Cf.o test-ser-nr-CF.o test-ser-r-CF.o test-ser-nr-Cm.o test-ser-r-Cm.o test-ser-nr-Cem.o test-ser-r-Cem.o test-ser-nr-Cae.o test-ser-r-Cae.o test-ser-nr-Caef.o test-ser-r-Caef.o test-ser-nr-CaeF.o test-ser-r-CaeF.o test-ser-nr-Cam.o test-ser-r-Cam.o test-ser-nr-Caem.o test-ser-r-Caem.o test-opt-nr-Ca.c test-opt-r-Ca.c test-opt-nr-Ce.c test-opt-r-Ce.c test-opt-nr-Cf.c test-opt-r-Cf.c test-opt-nr-CF.c test-opt-r-CF.c test-opt-nr-Cm.c test-opt-r-Cm.c test-opt-nr-Cem.c test-opt-r-Cem.c test-opt-nr-Cae.c test-opt-r-Cae.c test-opt-nr-Caef.c test-opt-r-Caef.c test-opt-nr-CaeF.c test-opt-r-CaeF.c test-opt-nr-Cam.c test-opt-r-Cam.c test-opt-nr-Caem.c test-opt-r-Caem.c test-ver-nr-Ca.c test-ver-r-Ca.c test-ver-nr-Ce.c test-ver-r-Ce.c test-ver-nr-Cf.c test-ver-r-Cf.c test-ver-nr-CF.c test-ver-r-CF.c test-ver-nr-Cm.c test-ver-r-Cm.c test-ver-nr-Cem.c test-ver-r-Cem.c test-ver-nr-Cae.c test-ver-r-Cae.c test-ver-nr-Caef.c test-ver-r-Caef.c test-ver-nr-CaeF.c test-ver-r-CaeF.c test-ver-nr-Cam.c test-ver-r-Cam.c test-ver-nr-Caem.c test-ver-r-Caem.c test-ser-nr-Ca.c test-ser-r-Ca.c test-ser-nr-Ce.c test-ser-r-Ce.c test-ser-nr-Cf.c test-ser-r-Cf.c test-ser-nr-CF.c test-ser-r-CF.c test-ser-nr-Cm.c test-ser-r-Cm.c test-ser-nr-Cem.c test-ser-r-Cem.c test-ser-nr-Cae.c test-ser-r-Cae.c test-ser-nr-Caef.c test-ser-r-Caef.c test-ser-nr-CaeF.c test-ser-r-CaeF.c test-ser-nr-Cam.c test-ser-r-Cam.c test-ser-nr-Caem.c test-ser-r-Caem.c test-opt-nr-Ca.tables test-opt-r-Ca.tables test-opt-nr-Ce.tables test-opt-r-Ce.tables test-opt-nr-Cf.tables test-opt-r-Cf.tables test-opt-nr-CF.tables test-opt-r-CF.tables test-opt-nr-Cm.tables test-opt-r-Cm.tables test-opt-nr-Cem.tables test-opt-r-Cem.tables test-opt-nr-Cae.tables test-opt-r-Cae.tables test-opt-nr-Caef.tables test-opt-r-Caef.tables test-opt-nr-CaeF.tables test-opt-r-CaeF.tables test-opt-nr-Cam.tables test-opt-r-Cam.tables test-opt-nr-Caem.tables test-opt-r-Caem.tables test-ver-nr-Ca.tables test-ver-r-Ca.tables test-ver-nr-Ce.tables test-ver-r-Ce.tables test-ver-nr-Cf.tables test-ver-r-Cf.tables test-ver-nr-CF.tables test-ver-r-CF.tables test-ver-nr-Cm.tables test-ver-r-Cm.tables test-ver-nr-Cem.tables test-ver-r-Cem.tables test-ver-nr-Cae.tables test-ver-r-Cae.tables test-ver-nr-Caef.tables test-ver-r-Caef.tables test-ver-nr-CaeF.tables test-ver-r-CaeF.tables test-ver-nr-Cam.tables test-ver-r-Cam.tables test-ver-nr-Caem.tables test-ver-r-Caem.tables test-ser-nr-Ca.tables test-ser-r-Ca.tables test-ser-nr-Ce.tables test-ser-r-Ce.tables test-ser-nr-Cf.tables test-ser-r-Cf.tables test-ser-nr-CF.tables test-ser-r-CF.tables test-ser-nr-Cm.tables test-ser-r-Cm.tables test-ser-nr-Cem.tables test-ser-r-Cem.tables test-ser-nr-Cae.tables test-ser-r-Cae.tables test-ser-nr-Caef.tables test-ser-r-Caef.tables test-ser-nr-CaeF.tables test-ser-r-CaeF.tables test-ser-nr-Cam.tables test-ser-r-Cam.tables test-ser-nr-Caem.tables test-ser-r-Caem.tables test-mul.tables all-ser.tables test-opt-nr-Ca test-opt-r-Ca test-opt-nr-Ce test-opt-r-Ce test-opt-nr-Cf test-opt-r-Cf test-opt-nr-CF test-opt-r-CF test-opt-nr-Cm test-opt-r-Cm test-opt-nr-Cem test-opt-r-Cem test-opt-nr-Cae test-opt-r-Cae test-opt-nr-Caef test-opt-r-Caef test-opt-nr-CaeF test-opt-r-CaeF test-opt-nr-Cam test-opt-r-Cam test-opt-nr-Caem test-opt-r-Caem test-ver-nr-Ca test-ver-r-Ca test-ver-nr-Ce test-ver-r-Ce test-ver-nr-Cf test-ver-r-Cf test-ver-nr-CF test-ver-r-CF test-ver-nr-Cm test-ver-r-Cm test-ver-nr-Cem test-ver-r-Cem test-ver-nr-Cae test-ver-r-Cae test-ver-nr-Caef test-ver-r-Caef test-ver-nr-CaeF test-ver-r-CaeF test-ver-nr-Cam test-ver-r-Cam test-ver-nr-Caem test-ver-r-Caem test-ser-nr-Ca test-ser-r-Ca test-ser-nr-Ce test-ser-r-Ce test-ser-nr-Cf test-ser-r-Cf test-ser-nr-CF test-ser-r-CF test-ser-nr-Cm test-ser-r-Cm test-ser-nr-Cem test-ser-r-Cem test-ser-nr-Cae test-ser-r-Cae test-ser-nr-Caef test-ser-r-Caef test-ser-nr-CaeF test-ser-r-CaeF test-ser-nr-Cam test-ser-r-Cam test-ser-nr-Caem test-ser-r-Caem" || rm -f scanner.c OUTPUT test-opt-nr-Ca.o test-opt-r-Ca.o test-opt-nr-Ce.o test-opt-r-Ce.o test-opt-nr-Cf.o test-opt-r-Cf.o test-opt-nr-CF.o test-opt-r-CF.o test-opt-nr-Cm.o test-opt-r-Cm.o test-opt-nr-Cem.o test-opt-r-Cem.o test-opt-nr-Cae.o test-opt-r-Cae.o test-opt-nr-Caef.o test-opt-r-Caef.o test-opt-nr-CaeF.o test-opt-r-CaeF.o test-opt-nr-Cam.o test-opt-r-Cam.o test-opt-nr-Caem.o test-opt-r-Caem.o test-ver-nr-Ca.o test-ver-r-Ca.o test-ver-nr-Ce.o test-ver-r-Ce.o test-ver-nr-Cf.o test-ver-r-Cf.o test-ver-nr-CF.o test-ver-r-CF.o test-ver-nr-Cm.o test-ver-r-Cm.o test-ver-nr-Cem.o test-ver-r-Cem.o test-ver-nr-Cae.o test-ver-r-Cae.o test-ver-nr-Caef.o test-ver-r-Caef.o test-ver-nr-CaeF.o test-ver-r-CaeF.o test-ver-nr-Cam.o test-ver-r-Cam.o test-ver-nr-Caem.o test-ver-r-Caem.o test-ser-nr-Ca.o test-ser-r-Ca.o test-ser-nr-Ce.o test-ser-r-Ce.o test-ser-nr-Cf.o test-ser-r-Cf.o test-ser-nr-CF.o test-ser-r-CF.o test-ser-nr-Cm.o test-ser-r-Cm.o test-ser-nr-Cem.o test-ser-r-Cem.o test-ser-nr-Cae.o test-ser-r-Cae.o test-ser-nr-Caef.o test-ser-r-Caef.o test-ser-nr-CaeF.o test-ser-r-CaeF.o test-ser-nr-Cam.o test-ser-r-Cam.o test-ser-nr-Caem.o test-ser-r-Caem.o test-opt-nr-Ca.c test-opt-r-Ca.c test-opt-nr-Ce.c test-opt-r-Ce.c test-opt-nr-Cf.c test-opt-r-Cf.c test-opt-nr-CF.c test-opt-r-CF.c test-opt-nr-Cm.c test-opt-r-Cm.c test-opt-nr-Cem.c test-opt-r-Cem.c test-opt-nr-Cae.c test-opt-r-Cae.c test-opt-nr-Caef.c test-opt-r-Caef.c test-opt-nr-CaeF.c test-opt-r-CaeF.c test-opt-nr-Cam.c test-opt-r-Cam.c test-opt-nr-Caem.c test-opt-r-Caem.c test-ver-nr-Ca.c test-ver-r-Ca.c test-ver-nr-Ce.c test-ver-r-Ce.c test-ver-nr-Cf.c test-ver-r-Cf.c test-ver-nr-CF.c test-ver-r-CF.c test-ver-nr-Cm.c test-ver-r-Cm.c test-ver-nr-Cem.c test-ver-r-Cem.c test-ver-nr-Cae.c test-ver-r-Cae.c test-ver-nr-Caef.c test-ver-r-Caef.c test-ver-nr-CaeF.c test-ver-r-CaeF.c test-ver-nr-Cam.c test-ver-r-Cam.c test-ver-nr-Caem.c test-ver-r-Caem.c test-ser-nr-Ca.c test-ser-r-Ca.c test-ser-nr-Ce.c test-ser-r-Ce.c test-ser-nr-Cf.c test-ser-r-Cf.c test-ser-nr-CF.c test-ser-r-CF.c test-ser-nr-Cm.c test-ser-r-Cm.c test-ser-nr-Cem.c test-ser-r-Cem.c test-ser-nr-Cae.c test-ser-r-Cae.c test-ser-nr-Caef.c test-ser-r-Caef.c test-ser-nr-CaeF.c test-ser-r-CaeF.c test-ser-nr-Cam.c test-ser-r-Cam.c test-ser-nr-Caem.c test-ser-r-Caem.c test-opt-nr-Ca.tables test-opt-r-Ca.tables test-opt-nr-Ce.tables test-opt-r-Ce.tables test-opt-nr-Cf.tables test-opt-r-Cf.tables test-opt-nr-CF.tables test-opt-r-CF.tables test-opt-nr-Cm.tables test-opt-r-Cm.tables test-opt-nr-Cem.tables test-opt-r-Cem.tables test-opt-nr-Cae.tables test-opt-r-Cae.tables test-opt-nr-Caef.tables test-opt-r-Caef.tables test-opt-nr-CaeF.tables test-opt-r-CaeF.tables test-opt-nr-Cam.tables test-opt-r-Cam.tables test-opt-nr-Caem.tables test-opt-r-Caem.tables test-ver-nr-Ca.tables test-ver-r-Ca.tables test-ver-nr-Ce.tables test-ver-r-Ce.tables test-ver-nr-Cf.tables test-ver-r-Cf.tables test-ver-nr-CF.tables test-ver-r-CF.tables test-ver-nr-Cm.tables test-ver-r-Cm.tables test-ver-nr-Cem.tables test-ver-r-Cem.tables test-ver-nr-Cae.tables test-ver-r-Cae.tables test-ver-nr-Caef.tables test-ver-r-Caef.tables test-ver-nr-CaeF.tables test-ver-r-CaeF.tables test-ver-nr-Cam.tables test-ver-r-Cam.tables test-ver-nr-Caem.tables test-ver-r-Caem.tables test-ser-nr-Ca.tables test-ser-r-Ca.tables test-ser-nr-Ce.tables test-ser-r-Ce.tables test-ser-nr-Cf.tables test-ser-r-Cf.tables test-ser-nr-CF.tables test-ser-r-CF.tables test-ser-nr-Cm.tables test-ser-r-Cm.tables test-ser-nr-Cem.tables test-ser-r-Cem.tables test-ser-nr-Cae.tables test-ser-r-Cae.tables test-ser-nr-Caef.tables test-ser-r-Caef.tables test-ser-nr-CaeF.tables test-ser-r-CaeF.tables test-ser-nr-Cam.tables test-ser-r-Cam.tables test-ser-nr-Caem.tables test-ser-r-Caem.tables test-mul.tables all-ser.tables test-opt-nr-Ca test-opt-r-Ca test-opt-nr-Ce test-opt-r-Ce test-opt-nr-Cf test-opt-r-Cf test-opt-nr-CF test-opt-r-CF test-opt-nr-Cm test-opt-r-Cm test-opt-nr-Cem test-opt-r-Cem test-opt-nr-Cae test-opt-r-Cae test-opt-nr-Caef test-opt-r-Caef test-opt-nr-CaeF test-opt-r-CaeF test-opt-nr-Cam test-opt-r-Cam test-opt-nr-Caem test-opt-r-Caem test-ver-nr-Ca test-ver-r-Ca test-ver-nr-Ce test-ver-r-Ce test-ver-nr-Cf test-ver-r-Cf test-ver-nr-CF test-ver-r-CF test-ver-nr-Cm test-ver-r-Cm test-ver-nr-Cem test-ver-r-Cem test-ver-nr-Cae test-ver-r-Cae test-ver-nr-Caef test-ver-r-Caef test-ver-nr-CaeF test-ver-r-CaeF test-ver-nr-Cam test-ver-r-Cam test-ver-nr-Caem test-ver-r-Caem test-ser-nr-Ca test-ser-r-Ca test-ser-nr-Ce test-ser-r-Ce test-ser-nr-Cf test-ser-r-Cf test-ser-nr-CF test-ser-r-CF test-ser-nr-Cm test-ser-r-Cm test-ser-nr-Cem test-ser-r-Cem test-ser-nr-Cae test-ser-r-Cae test-ser-nr-Caef test-ser-r-Caef test-ser-nr-CaeF test-ser-r-CaeF test-ser-nr-Cam test-ser-r-Cam test-ser-nr-Caem test-ser-r-Caem
make[5]: Leaving directory `/tmp/flex-2.5.35/objdir/tests/test-table-opts'
Making clean in test-top
make[5]: Entering directory `/tmp/flex-2.5.35/objdir/tests/test-top'
test -z "scanner.c scanner.h test-top OUTPUT scanner.o main.o" || rm -f scanner.c scanner.h test-top OUTPUT scanner.o main.o
make[5]: Leaving directory `/tmp/flex-2.5.35/objdir/tests/test-top'
Making clean in test-noansi-r
make[5]: Entering directory `/tmp/flex-2.5.35/objdir/tests/test-noansi-r'
test -z "scanner.c parser.c parser.h test-noansi-r OUTPUT scanner.o " || rm -f scanner.c parser.c parser.h test-noansi-r OUTPUT scanner.o 
make[5]: Leaving directory `/tmp/flex-2.5.35/objdir/tests/test-noansi-r'
Making clean in test-noansi-nr
make[5]: Entering directory `/tmp/flex-2.5.35/objdir/tests/test-noansi-nr'
test -z "scanner.c parser.c parser.h test-noansi-nr OUTPUT scanner.o " || rm -f scanner.c parser.c parser.h test-noansi-nr OUTPUT scanner.o 
make[5]: Leaving directory `/tmp/flex-2.5.35/objdir/tests/test-noansi-nr'
Making clean in test-alloc-extra
make[5]: Entering directory `/tmp/flex-2.5.35/objdir/tests/test-alloc-extra'
test -z "scanner.c scanner.h parser.c parser.h test-alloc-extra OUTPUT scanner.o " || rm -f scanner.c scanner.h parser.c parser.h test-alloc-extra OUTPUT scanner.o 
make[5]: Leaving directory `/tmp/flex-2.5.35/objdir/tests/test-alloc-extra'
Making clean in test-yyextra
make[5]: Entering directory `/tmp/flex-2.5.35/objdir/tests/test-yyextra'
test -z "scanner.c scanner.h parser.c parser.h test-yyextra OUTPUT scanner.o " || rm -f scanner.c scanner.h parser.c parser.h test-yyextra OUTPUT scanner.o 
make[5]: Leaving directory `/tmp/flex-2.5.35/objdir/tests/test-yyextra'
Making clean in test-string-r
make[5]: Entering directory `/tmp/flex-2.5.35/objdir/tests/test-string-r'
test -z "scanner.c scanner.h parser.c parser.h test-string-r OUTPUT scanner.o " || rm -f scanner.c scanner.h parser.c parser.h test-string-r OUTPUT scanner.o 
make[5]: Leaving directory `/tmp/flex-2.5.35/objdir/tests/test-string-r'
Making clean in test-string-nr
make[5]: Entering directory `/tmp/flex-2.5.35/objdir/tests/test-string-nr'
test -z "scanner.c scanner.h parser.c parser.h test-string-nr OUTPUT scanner.o " || rm -f scanner.c scanner.h parser.c parser.h test-string-nr OUTPUT scanner.o 
make[5]: Leaving directory `/tmp/flex-2.5.35/objdir/tests/test-string-nr'
Making clean in test-pthread
make[5]: Entering directory `/tmp/flex-2.5.35/objdir/tests/test-pthread'
test -z "scanner.c scanner.h parser.c parser.h test-pthread OUTPUT scanner.o " || rm -f scanner.c scanner.h parser.c parser.h test-pthread OUTPUT scanner.o 
make[5]: Leaving directory `/tmp/flex-2.5.35/objdir/tests/test-pthread'
Making clean in test-prefix-r
make[5]: Entering directory `/tmp/flex-2.5.35/objdir/tests/test-prefix-r'
test -z "scanner.c scanner.h parser.c parser.h test-prefix-r OUTPUT scanner.o " || rm -f scanner.c scanner.h parser.c parser.h test-prefix-r OUTPUT scanner.o 
make[5]: Leaving directory `/tmp/flex-2.5.35/objdir/tests/test-prefix-r'
Making clean in test-prefix-nr
make[5]: Entering directory `/tmp/flex-2.5.35/objdir/tests/test-prefix-nr'
test -z "scanner.c scanner.h parser.c parser.h test-prefix-nr OUTPUT scanner.o " || rm -f scanner.c scanner.h parser.c parser.h test-prefix-nr OUTPUT scanner.o 
make[5]: Leaving directory `/tmp/flex-2.5.35/objdir/tests/test-prefix-nr'
Making clean in test-include-by-reentrant
make[5]: Entering directory `/tmp/flex-2.5.35/objdir/tests/test-include-by-reentrant'
test -z "scanner.c scanner.h parser.c parser.h test-include-by-reentrant OUTPUT scanner.o " || rm -f scanner.c scanner.h parser.c parser.h test-include-by-reentrant OUTPUT scanner.o 
make[5]: Leaving directory `/tmp/flex-2.5.35/objdir/tests/test-include-by-reentrant'
Making clean in test-include-by-push
make[5]: Entering directory `/tmp/flex-2.5.35/objdir/tests/test-include-by-push'
test -z "scanner.c scanner.h parser.c parser.h test-include-by-push OUTPUT scanner.o " || rm -f scanner.c scanner.h parser.c parser.h test-include-by-push OUTPUT scanner.o 
make[5]: Leaving directory `/tmp/flex-2.5.35/objdir/tests/test-include-by-push'
Making clean in test-include-by-buffer
make[5]: Entering directory `/tmp/flex-2.5.35/objdir/tests/test-include-by-buffer'
test -z "scanner.c scanner.h parser.c parser.h test-include-by-buffer OUTPUT scanner.o " || rm -f scanner.c scanner.h parser.c parser.h test-include-by-buffer OUTPUT scanner.o 
make[5]: Leaving directory `/tmp/flex-2.5.35/objdir/tests/test-include-by-buffer'
Making clean in test-c-cpp-r
make[5]: Entering directory `/tmp/flex-2.5.35/objdir/tests/test-c-cpp-r'
test -z "scanner.cpp test-c-cpp-r scanner.o OUTPUT" || rm -f scanner.cpp test-c-cpp-r scanner.o OUTPUT
make[5]: Leaving directory `/tmp/flex-2.5.35/objdir/tests/test-c-cpp-r'
Making clean in test-c-cpp-nr
make[5]: Entering directory `/tmp/flex-2.5.35/objdir/tests/test-c-cpp-nr'
test -z "scanner.cpp test-c-cpp-nr scanner.o OUTPUT" || rm -f scanner.cpp test-c-cpp-nr scanner.o OUTPUT
make[5]: Leaving directory `/tmp/flex-2.5.35/objdir/tests/test-c-cpp-nr'
Making clean in test-array-r
make[5]: Entering directory `/tmp/flex-2.5.35/objdir/tests/test-array-r'
test -z "scanner.c test-array-r OUTPUT scanner.o" || rm -f scanner.c test-array-r OUTPUT scanner.o
make[5]: Leaving directory `/tmp/flex-2.5.35/objdir/tests/test-array-r'
Making clean in test-array-nr
make[5]: Entering directory `/tmp/flex-2.5.35/objdir/tests/test-array-nr'
test -z "scanner.c parser.c parser.h test-array-nr OUTPUT scanner.o " || rm -f scanner.c parser.c parser.h test-array-nr OUTPUT scanner.o 
make[5]: Leaving directory `/tmp/flex-2.5.35/objdir/tests/test-array-nr'
Making clean in test-linedir-r
make[5]: Entering directory `/tmp/flex-2.5.35/objdir/tests/test-linedir-r'
test -z "scanner.c scanner.h test-linedir-r OUTPUT scanner.o main.o" || rm -f scanner.c scanner.h test-linedir-r OUTPUT scanner.o main.o
make[5]: Leaving directory `/tmp/flex-2.5.35/objdir/tests/test-linedir-r'
Making clean in test-lineno-nr
make[5]: Entering directory `/tmp/flex-2.5.35/objdir/tests/test-lineno-nr'
test -z "scanner.c test-lineno-nr OUTPUT scanner.o" || rm -f scanner.c test-lineno-nr OUTPUT scanner.o
make[5]: Leaving directory `/tmp/flex-2.5.35/objdir/tests/test-lineno-nr'
Making clean in test-lineno-r
make[5]: Entering directory `/tmp/flex-2.5.35/objdir/tests/test-lineno-r'
test -z "scanner.c test-lineno-r OUTPUT scanner.o" || rm -f scanner.c test-lineno-r OUTPUT scanner.o
make[5]: Leaving directory `/tmp/flex-2.5.35/objdir/tests/test-lineno-r'
Making clean in test-debug-r
make[5]: Entering directory `/tmp/flex-2.5.35/objdir/tests/test-debug-r'
test -z "scanner.c test-debug-r OUTPUT scanner.o " || rm -f scanner.c test-debug-r OUTPUT scanner.o 
make[5]: Leaving directory `/tmp/flex-2.5.35/objdir/tests/test-debug-r'
Making clean in test-debug-nr
make[5]: Entering directory `/tmp/flex-2.5.35/objdir/tests/test-debug-nr'
test -z "scanner.c scanner.h test-debug-nr OUTPUT scanner.o" || rm -f scanner.c scanner.h test-debug-nr OUTPUT scanner.o
make[5]: Leaving directory `/tmp/flex-2.5.35/objdir/tests/test-debug-nr'
Making clean in test-mem-nr
make[5]: Entering directory `/tmp/flex-2.5.35/objdir/tests/test-mem-nr'
test -z "scanner.c scanner.h test-mem-nr OUTPUT scanner.o" || rm -f scanner.c scanner.h test-mem-nr OUTPUT scanner.o
make[5]: Leaving directory `/tmp/flex-2.5.35/objdir/tests/test-mem-nr'
Making clean in test-mem-r
make[5]: Entering directory `/tmp/flex-2.5.35/objdir/tests/test-mem-r'
test -z "scanner.c scanner.h test-mem-r OUTPUT scanner.o" || rm -f scanner.c scanner.h test-mem-r OUTPUT scanner.o
make[5]: Leaving directory `/tmp/flex-2.5.35/objdir/tests/test-mem-r'
Making clean in test-posix
make[5]: Entering directory `/tmp/flex-2.5.35/objdir/tests/test-posix'
test -z "scanner.c scanner.h test-posix OUTPUT scanner.o" || rm -f scanner.c scanner.h test-posix OUTPUT scanner.o
make[5]: Leaving directory `/tmp/flex-2.5.35/objdir/tests/test-posix'
Making clean in test-posixly-correct
make[5]: Entering directory `/tmp/flex-2.5.35/objdir/tests/test-posixly-correct'
test -z "scanner.c scanner.h test-posixly-correct OUTPUT scanner.o " || rm -f scanner.c scanner.h test-posixly-correct OUTPUT scanner.o 
make[5]: Leaving directory `/tmp/flex-2.5.35/objdir/tests/test-posixly-correct'
Making clean in test-c++-basic
make[5]: Entering directory `/tmp/flex-2.5.35/objdir/tests/test-c++-basic'
test -z "scanner.cpp scanner.h test-c++-basic OUTPUT scanner.o" || rm -f scanner.cpp scanner.h test-c++-basic OUTPUT scanner.o
make[5]: Leaving directory `/tmp/flex-2.5.35/objdir/tests/test-c++-basic'
Making clean in test-c++-multiple-scanners
make[5]: Entering directory `/tmp/flex-2.5.35/objdir/tests/test-c++-multiple-scanners'
test -z "scanner-1.cpp test-c++-multiple-scanners OUTPUT scanner-1.o scanner-2.o main.o scanner-2.cpp" || rm -f scanner-1.cpp test-c++-multiple-scanners OUTPUT scanner-1.o scanner-2.o main.o scanner-2.cpp
make[5]: Leaving directory `/tmp/flex-2.5.35/objdir/tests/test-c++-multiple-scanners'
Making clean in test-reject
make[5]: Entering directory `/tmp/flex-2.5.35/objdir/tests/test-reject'
test -z "scanner.c test-reject-* OUTPUT test-reject-nr.o test-reject-r.o test-reject-ver.o test-reject-ser.o" || rm -f scanner.c test-reject-* OUTPUT test-reject-nr.o test-reject-r.o test-reject-ver.o test-reject-ser.o
make[5]: Leaving directory `/tmp/flex-2.5.35/objdir/tests/test-reject'
Making clean in test-header-r
make[5]: Entering directory `/tmp/flex-2.5.35/objdir/tests/test-header-r'
test -z "scanner.c scanner.h test-header-r OUTPUT scanner.o main.o" || rm -f scanner.c scanner.h test-header-r OUTPUT scanner.o main.o
make[5]: Leaving directory `/tmp/flex-2.5.35/objdir/tests/test-header-r'
Making clean in test-header-nr
make[5]: Entering directory `/tmp/flex-2.5.35/objdir/tests/test-header-nr'
test -z "scanner.c scanner.h test-header-nr scanner.o main.o OUTPUT" || rm -f scanner.c scanner.h test-header-nr scanner.o main.o OUTPUT
make[5]: Leaving directory `/tmp/flex-2.5.35/objdir/tests/test-header-nr'
Making clean in test-multiple-scanners-r
make[5]: Entering directory `/tmp/flex-2.5.35/objdir/tests/test-multiple-scanners-r'
test -z "scanner-1.c scanner-1.h test-multiple-scanners-r OUTPUT scanner-1.o scanner-2.o main.o scanner-2.c scanner-2.h scanner-1.tables scanner-2.tables" || rm -f scanner-1.c scanner-1.h test-multiple-scanners-r OUTPUT scanner-1.o scanner-2.o main.o scanner-2.c scanner-2.h scanner-1.tables scanner-2.tables
make[5]: Leaving directory `/tmp/flex-2.5.35/objdir/tests/test-multiple-scanners-r'
Making clean in test-multiple-scanners-nr
make[5]: Entering directory `/tmp/flex-2.5.35/objdir/tests/test-multiple-scanners-nr'
test -z "scanner-1.c scanner-1.h test-multiple-scanners-nr OUTPUT scanner-1.o scanner-2.o main.o scanner-2.c scanner-2.h" || rm -f scanner-1.c scanner-1.h test-multiple-scanners-nr OUTPUT scanner-1.o scanner-2.o main.o scanner-2.c scanner-2.h
make[5]: Leaving directory `/tmp/flex-2.5.35/objdir/tests/test-multiple-scanners-nr'
Making clean in test-bison-nr
make[5]: Entering directory `/tmp/flex-2.5.35/objdir/tests/test-bison-nr'
test -z "scanner.c scanner.h parser.c parser.h test-bison-nr scanner.o parser.o main.o OUTPUT" || rm -f scanner.c scanner.h parser.c parser.h test-bison-nr scanner.o parser.o main.o OUTPUT
make[5]: Leaving directory `/tmp/flex-2.5.35/objdir/tests/test-bison-nr'
Making clean in test-bison-yylval
make[5]: Entering directory `/tmp/flex-2.5.35/objdir/tests/test-bison-yylval'
test -z "scanner.c scanner.h parser.c parser.h test-bison-yylval parser.o scanner.o main.o OUTPUT" || rm -f scanner.c scanner.h parser.c parser.h test-bison-yylval parser.o scanner.o main.o OUTPUT
make[5]: Leaving directory `/tmp/flex-2.5.35/objdir/tests/test-bison-yylval'
Making clean in test-bison-yylloc
make[5]: Entering directory `/tmp/flex-2.5.35/objdir/tests/test-bison-yylloc'
test -z "scanner.c scanner.h parser.c parser.h test-bison-yylloc scanner.o parser.o main.o OUTPUT" || rm -f scanner.c scanner.h parser.c parser.h test-bison-yylloc scanner.o parser.o main.o OUTPUT
make[5]: Leaving directory `/tmp/flex-2.5.35/objdir/tests/test-bison-yylloc'
Making clean in test-basic-r
make[5]: Entering directory `/tmp/flex-2.5.35/objdir/tests/test-basic-r'
test -z "scanner.c parser.c parser.h test-basic-r OUTPUT scanner.o " || rm -f scanner.c parser.c parser.h test-basic-r OUTPUT scanner.o 
make[5]: Leaving directory `/tmp/flex-2.5.35/objdir/tests/test-basic-r'
Making clean in test-basic-nr
make[5]: Entering directory `/tmp/flex-2.5.35/objdir/tests/test-basic-nr'
test -z "scanner.c parser.c parser.h test-basic-nr OUTPUT scanner.o " || rm -f scanner.c parser.c parser.h test-basic-nr OUTPUT scanner.o 
make[5]: Leaving directory `/tmp/flex-2.5.35/objdir/tests/test-basic-nr'
Making clean in test-rescan-nr
make[5]: Entering directory `/tmp/flex-2.5.35/objdir/tests/test-rescan-nr'
test -z "scanner.c scanner.h test-rescan-nr OUTPUT scanner.o " || rm -f scanner.c scanner.h test-rescan-nr OUTPUT scanner.o 
make[5]: Leaving directory `/tmp/flex-2.5.35/objdir/tests/test-rescan-nr'
Making clean in test-rescan-r
make[5]: Entering directory `/tmp/flex-2.5.35/objdir/tests/test-rescan-r'
test -z "scanner.c scanner.h test-rescan-r OUTPUT scanner.o " || rm -f scanner.c scanner.h test-rescan-r OUTPUT scanner.o 
make[5]: Leaving directory `/tmp/flex-2.5.35/objdir/tests/test-rescan-r'
Making clean in test-quotes
make[5]: Entering directory `/tmp/flex-2.5.35/objdir/tests/test-quotes'
test -z "l.out c.out  scanner.c scanner.h test-quotes OUTPUT scanner.o" || rm -f l.out c.out  scanner.c scanner.h test-quotes OUTPUT scanner.o
make[5]: Leaving directory `/tmp/flex-2.5.35/objdir/tests/test-quotes'
Making clean in test-ccl
make[5]: Entering directory `/tmp/flex-2.5.35/objdir/tests/test-ccl'
test -z "scanner.c scanner.h  test-ccl OUTPUT scanner.o" || rm -f scanner.c scanner.h  test-ccl OUTPUT scanner.o
make[5]: Leaving directory `/tmp/flex-2.5.35/objdir/tests/test-ccl'
Making clean in test-extended
make[5]: Entering directory `/tmp/flex-2.5.35/objdir/tests/test-extended'
test -z "scanner.c scanner.h test-extended OUTPUT scanner.o" || rm -f scanner.c scanner.h test-extended OUTPUT scanner.o
make[5]: Leaving directory `/tmp/flex-2.5.35/objdir/tests/test-extended'
Making clean in test-c++-yywrap
make[5]: Entering directory `/tmp/flex-2.5.35/objdir/tests/test-c++-yywrap'
test -z "scanner.cpp scanner.h test-c++-yywrap OUTPUT scanner.o" || rm -f scanner.cpp scanner.h test-c++-yywrap OUTPUT scanner.o
make[5]: Leaving directory `/tmp/flex-2.5.35/objdir/tests/test-c++-yywrap'
Making clean in test-concatenated-options
make[5]: Entering directory `/tmp/flex-2.5.35/objdir/tests/test-concatenated-options'
test -z "OUTPUT" || rm -f OUTPUT
make[5]: Leaving directory `/tmp/flex-2.5.35/objdir/tests/test-concatenated-options'
Making clean in .
make[5]: Entering directory `/tmp/flex-2.5.35/objdir/tests'
make[5]: Nothing to be done for `clean-am'.
make[5]: Leaving directory `/tmp/flex-2.5.35/objdir/tests'
NOK=;\
        NFAIL=;\
        for dir in test-concatenated-options test-c++-yywrap test-extended test-ccl test-quotes test-rescan-r test-rescan-nr test-basic-nr test-basic-r test-bison-yylloc test-bison-yylval test-bison-nr test-multiple-scanners-nr test-multiple-scanners-r test-header-nr test-header-r test-reject test-c++-multiple-scanners test-c++-basic test-posixly-correct test-posix test-mem-r test-mem-nr test-debug-nr test-debug-r test-lineno-r test-lineno-nr test-linedir-r test-array-nr test-array-r test-c-cpp-nr test-c-cpp-r test-include-by-buffer test-include-by-push test-include-by-reentrant test-prefix-nr test-prefix-r test-pthread test-string-nr test-string-r test-yyextra test-alloc-extra test-noansi-nr test-noansi-r test-top test-table-opts ; do \
                echo Executing test "$dir" ; \
                ( cd "$dir" && make test  > OUTPUT 2>&1 ) ; \
                case $? in \
                        0 )  echo Test "$dir" succeeded.; \
                                NOK=0$NOK;\
                                ;; \
                        * )  echo Test "$dir" FAILED. See "$dir"/OUTPUT for details. ; \
                                NFAIL=0$NFAIL; \
                                ;; \
                esac; \
        done ; \
        echo Results: ; \
        echo Tests succeeded: `echo -n "$NOK"|wc -c`; \
        echo Tests FAILED: `echo -n "$NFAIL"|wc -c` ; \
        test "$NFAIL" = ""
Executing test test-concatenated-options
Test test-concatenated-options succeeded.
Executing test test-c++-yywrap
Test test-c++-yywrap succeeded.
Executing test test-extended
Test test-extended succeeded.
Executing test test-ccl
Test test-ccl succeeded.
Executing test test-quotes
Test test-quotes succeeded.
Executing test test-rescan-r
Test test-rescan-r succeeded.
Executing test test-rescan-nr
Test test-rescan-nr succeeded.
Executing test test-basic-nr
Test test-basic-nr succeeded.
Executing test test-basic-r
Test test-basic-r succeeded.
Executing test test-bison-yylloc
Test test-bison-yylloc succeeded.
Executing test test-bison-yylval
Test test-bison-yylval succeeded.
Executing test test-bison-nr
Test test-bison-nr succeeded.
Executing test test-multiple-scanners-nr
Test test-multiple-scanners-nr succeeded.
Executing test test-multiple-scanners-r
Test test-multiple-scanners-r succeeded.
Executing test test-header-nr
Test test-header-nr succeeded.
Executing test test-header-r
Test test-header-r succeeded.
Executing test test-reject
Test test-reject succeeded.
Executing test test-c++-multiple-scanners
Test test-c++-multiple-scanners succeeded.
Executing test test-c++-basic
Test test-c++-basic succeeded.
Executing test test-posixly-correct
Test test-posixly-correct succeeded.
Executing test test-posix
Test test-posix succeeded.
Executing test test-mem-r
Test test-mem-r succeeded.
Executing test test-mem-nr
Test test-mem-nr succeeded.
Executing test test-debug-nr
Test test-debug-nr succeeded.
Executing test test-debug-r
Test test-debug-r succeeded.
Executing test test-lineno-r
Test test-lineno-r succeeded.
Executing test test-lineno-nr
Test test-lineno-nr succeeded.
Executing test test-linedir-r
Test test-linedir-r FAILED. See test-linedir-r/OUTPUT for details.
Executing test test-array-nr
Test test-array-nr succeeded.
Executing test test-array-r
Test test-array-r succeeded.
Executing test test-c-cpp-nr
Test test-c-cpp-nr succeeded.
Executing test test-c-cpp-r
Test test-c-cpp-r succeeded.
Executing test test-include-by-buffer
Test test-include-by-buffer succeeded.
Executing test test-include-by-push
Test test-include-by-push succeeded.
Executing test test-include-by-reentrant
Test test-include-by-reentrant succeeded.
Executing test test-prefix-nr
Test test-prefix-nr succeeded.
Executing test test-prefix-r
Test test-prefix-r succeeded.
Executing test test-pthread
Test test-pthread succeeded.
Executing test test-string-nr
Test test-string-nr succeeded.
Executing test test-string-r
Test test-string-r succeeded.
Executing test test-yyextra
Test test-yyextra succeeded.
Executing test test-alloc-extra
Test test-alloc-extra succeeded.
Executing test test-noansi-nr
Test test-noansi-nr succeeded.
Executing test test-noansi-r
Test test-noansi-r succeeded.
Executing test test-top
Test test-top succeeded.
Executing test test-table-opts
Test test-table-opts succeeded.
Results:
Tests succeeded: 45
Tests FAILED: 1
make[4]: *** [check-local] Error 1
make[4]: Leaving directory `/tmp/flex-2.5.35/objdir/tests'
make[3]: *** [check-am] Error 2
make[3]: Leaving directory `/tmp/flex-2.5.35/objdir/tests'
make[2]: *** [check-recursive] Error 1
make[2]: Leaving directory `/tmp/flex-2.5.35/objdir/tests'
make[1]: *** [check-recursive] Error 1
make[1]: Leaving directory `/tmp/flex-2.5.35/objdir'
make: *** [check] Error 2
-bash-3.2# sending 10.0.6.38:/usr/local/arm-sony-linux-gnueabi/target/armv7a/tmp/flex_test.out to 10.0.6.38:/home/rpmuser/rpm/tmp..done
